# JRE version: OpenJDK Runtime Environment (Zulu 8.68.0.21-CA-win64) (8.0_362-b09) (build 1.8.0_362-b09)
# Java VM: OpenJDK 64-Bit Server VM (25.362-b09 mixed mode windows-amd64 compressed oops)
Heap:
 PSYoungGen      total 132608K, used 101840K [0x00000000d5580000, 0x00000000ddf80000, 0x0000000100000000)
  eden space 124928K, 78% used [0x00000000d5580000,0x00000000db5bf250,0x00000000dcf80000)
  from space 7680K, 42% used [0x00000000dcf80000,0x00000000dd2b5080,0x00000000dd700000)
  to   space 6656K, 0% used [0x00000000dd700000,0x00000000dd700000,0x00000000ddd80000)
 ParOldGen       total 36864K, used 10614K [0x0000000080000000, 0x0000000082400000, 0x00000000d5580000)
  object space 36864K, 28% used [0x0000000080000000,0x0000000080a5d8d0,0x0000000082400000)
 Metaspace       used 23462K, capacity 23854K, committed 24064K, reserved 1071104K
  class space    used 2581K, capacity 2726K, committed 2816K, reserved 1048576K
GC Heap History (10 events):
Event: 1.307 GC heap before
{Heap before GC invocations=6 (full 0):
 PSYoungGen      total 34304K, used 34291K [0x00000000d5580000, 0x00000000d9c80000, 0x0000000100000000)
  eden space 31744K, 100% used [0x00000000d5580000,0x00000000d7480000,0x00000000d7480000)
  from space 2560K, 99% used [0x00000000d7480000,0x00000000d76fcf78,0x00000000d7700000)
  to   space 4608K, 0% used [0x00000000d9800000,0x00000000d9800000,0x00000000d9c80000)
 ParOldGen       total 42496K, used 4333K [0x0000000080000000, 0x0000000082980000, 0x00000000d5580000)
  object space 42496K, 10% used [0x0000000080000000,0x000000008043b678,0x0000000082980000)
 Metaspace       used 11660K, capacity 11810K, committed 12160K, reserved 1060864K
  class space    used 1273K, capacity 1340K, committed 1408K, reserved 1048576K
Event: 1.311 GC heap after
Heap after GC invocations=6 (full 0):
 PSYoungGen      total 67584K, used 4130K [0x00000000d5580000, 0x00000000d9d80000, 0x0000000100000000)
  eden space 62976K, 0% used [0x00000000d5580000,0x00000000d5580000,0x00000000d9300000)
  from space 4608K, 89% used [0x00000000d9800000,0x00000000d9c08968,0x00000000d9c80000)
  to   space 5120K, 0% used [0x00000000d9300000,0x00000000d9300000,0x00000000d9800000)
 ParOldGen       total 42496K, used 4341K [0x0000000080000000, 0x0000000082980000, 0x00000000d5580000)
  object space 42496K, 10% used [0x0000000080000000,0x000000008043d678,0x0000000082980000)
 Metaspace       used 11660K, capacity 11810K, committed 12160K, reserved 1060864K
  class space    used 1273K, capacity 1340K, committed 1408K, reserved 1048576K
}
Event: 1.814 GC heap before
{Heap before GC invocations=7 (full 0):
 PSYoungGen      total 67584K, used 67106K [0x00000000d5580000, 0x00000000d9d80000, 0x0000000100000000)
  eden space 62976K, 100% used [0x00000000d5580000,0x00000000d9300000,0x00000000d9300000)
  from space 4608K, 89% used [0x00000000d9800000,0x00000000d9c08968,0x00000000d9c80000)
  to   space 5120K, 0% used [0x00000000d9300000,0x00000000d9300000,0x00000000d9800000)
 ParOldGen       total 42496K, used 4341K [0x0000000080000000, 0x0000000082980000, 0x00000000d5580000)
  object space 42496K, 10% used [0x0000000080000000,0x000000008043d678,0x0000000082980000)
 Metaspace       used 17929K, capacity 18182K, committed 18432K, reserved 1064960K
  class space    used 1928K, capacity 2017K, committed 2048K, reserved 1048576K
Event: 1.820 GC heap after
Heap after GC invocations=7 (full 0):
 PSYoungGen      total 68096K, used 5090K [0x00000000d5580000, 0x00000000ddd80000, 0x0000000100000000)
  eden space 62976K, 0% used [0x00000000d5580000,0x00000000d5580000,0x00000000d9300000)
  from space 5120K, 99% used [0x00000000d9300000,0x00000000d97f8af8,0x00000000d9800000)
  to   space 6656K, 0% used [0x00000000dd700000,0x00000000dd700000,0x00000000ddd80000)
 ParOldGen       total 42496K, used 6572K [0x0000000080000000, 0x0000000082980000, 0x00000000d5580000)
  object space 42496K, 15% used [0x0000000080000000,0x000000008066b1d0,0x0000000082980000)
 Metaspace       used 17929K, capacity 18182K, committed 18432K, reserved 1064960K
  class space    used 1928K, capacity 2017K, committed 2048K, reserved 1048576K
}
Event: 2.329 GC heap before
{Heap before GC invocations=8 (full 0):
 PSYoungGen      total 68096K, used 59130K [0x00000000d5580000, 0x00000000ddd80000, 0x0000000100000000)
  eden space 62976K, 85% used [0x00000000d5580000,0x00000000d8a46090,0x00000000d9300000)
  from space 5120K, 99% used [0x00000000d9300000,0x00000000d97f8af8,0x00000000d9800000)
  to   space 6656K, 0% used [0x00000000dd700000,0x00000000dd700000,0x00000000ddd80000)
 ParOldGen       total 42496K, used 6572K [0x0000000080000000, 0x0000000082980000, 0x00000000d5580000)
  object space 42496K, 15% used [0x0000000080000000,0x000000008066b1d0,0x0000000082980000)
 Metaspace       used 20746K, capacity 21002K, committed 21296K, reserved 1069056K
  class space    used 2301K, capacity 2401K, committed 2432K, reserved 1048576K
Event: 2.337 GC heap after
Heap after GC invocations=8 (full 0):
 PSYoungGen      total 131584K, used 6467K [0x00000000d5580000, 0x00000000ddf80000, 0x0000000100000000)
  eden space 124928K, 0% used [0x00000000d5580000,0x00000000d5580000,0x00000000dcf80000)
  from space 6656K, 97% used [0x00000000dd700000,0x00000000ddd50ed0,0x00000000ddd80000)
  to   space 7680K, 0% used [0x00000000dcf80000,0x00000000dcf80000,0x00000000dd700000)
 ParOldGen       total 42496K, used 7604K [0x0000000080000000, 0x0000000082980000, 0x00000000d5580000)
  object space 42496K, 17% used [0x0000000080000000,0x000000008076d1f0,0x0000000082980000)
 Metaspace       used 20746K, capacity 21002K, committed 21296K, reserved 1069056K
  class space    used 2301K, capacity 2401K, committed 2432K, reserved 1048576K
}
Event: 2.337 GC heap before
{Heap before GC invocations=9 (full 1):
 PSYoungGen      total 131584K, used 6467K [0x00000000d5580000, 0x00000000ddf80000, 0x0000000100000000)
  eden space 124928K, 0% used [0x00000000d5580000,0x00000000d5580000,0x00000000dcf80000)
  from space 6656K, 97% used [0x00000000dd700000,0x00000000ddd50ed0,0x00000000ddd80000)
  to   space 7680K, 0% used [0x00000000dcf80000,0x00000000dcf80000,0x00000000dd700000)
 ParOldGen       total 42496K, used 7604K [0x0000000080000000, 0x0000000082980000, 0x00000000d5580000)
  object space 42496K, 17% used [0x0000000080000000,0x000000008076d1f0,0x0000000082980000)
 Metaspace       used 20746K, capacity 21002K, committed 21296K, reserved 1069056K
  class space    used 2301K, capacity 2401K, committed 2432K, reserved 1048576K
Event: 2.372 GC heap after
Heap after GC invocations=9 (full 1):
 PSYoungGen      total 131584K, used 0K [0x00000000d5580000, 0x00000000ddf80000, 0x0000000100000000)
  eden space 124928K, 0% used [0x00000000d5580000,0x00000000d5580000,0x00000000dcf80000)
  from space 6656K, 0% used [0x00000000dd700000,0x00000000dd700000,0x00000000ddd80000)
  to   space 7680K, 0% used [0x00000000dcf80000,0x00000000dcf80000,0x00000000dd700000)
 ParOldGen       total 36864K, used 10606K [0x0000000080000000, 0x0000000082400000, 0x00000000d5580000)
  object space 36864K, 28% used [0x0000000080000000,0x0000000080a5b8d0,0x0000000082400000)
 Metaspace       used 20746K, capacity 21002K, committed 21296K, reserved 1069056K
  class space    used 2301K, capacity 2401K, committed 2432K, reserved 1048576K
}
Event: 3.724 GC heap before
{Heap before GC invocations=10 (full 1):
 PSYoungGen      total 131584K, used 124928K [0x00000000d5580000, 0x00000000ddf80000, 0x0000000100000000)
  eden space 124928K, 100% used [0x00000000d5580000,0x00000000dcf80000,0x00000000dcf80000)
  from space 6656K, 0% used [0x00000000dd700000,0x00000000dd700000,0x00000000ddd80000)
  to   space 7680K, 0% used [0x00000000dcf80000,0x00000000dcf80000,0x00000000dd700000)
 ParOldGen       total 36864K, used 10606K [0x0000000080000000, 0x0000000082400000, 0x00000000d5580000)
  object space 36864K, 28% used [0x0000000080000000,0x0000000080a5b8d0,0x0000000082400000)
 Metaspace       used 22858K, capacity 23176K, committed 23424K, reserved 1071104K
  class space    used 2517K, capacity 2652K, committed 2688K, reserved 1048576K
Event: 3.783 GC heap after
Heap after GC invocations=10 (full 1):
 PSYoungGen      total 132608K, used 3284K [0x00000000d5580000, 0x00000000ddf80000, 0x0000000100000000)
  eden space 124928K, 0% used [0x00000000d5580000,0x00000000d5580000,0x00000000dcf80000)
  from space 7680K, 42% used [0x00000000dcf80000,0x00000000dd2b5080,0x00000000dd700000)
  to   space 6656K, 0% used [0x00000000dd700000,0x00000000dd700000,0x00000000ddd80000)
 ParOldGen       total 36864K, used 10614K [0x0000000080000000, 0x0000000082400000, 0x00000000d5580000)
  object space 36864K, 28% used [0x0000000080000000,0x0000000080a5d8d0,0x0000000082400000)
 Metaspace       used 22858K, capacity 23176K, committed 23424K, reserved 1071104K
  class space    used 2517K, capacity 2652K, committed 2688K, reserved 1048576K
}

