# JRE version: OpenJDK Runtime Environment (Zulu 8.68.0.21-CA-win64) (8.0_362-b09) (build 1.8.0_362-b09)
# Java VM: OpenJDK 64-Bit Server VM (25.362-b09 mixed mode windows-amd64 compressed oops)
Heap:
 PSYoungGen      total 158208K, used 84659K [0x00000000d5580000, 0x00000000dfa00000, 0x0000000100000000)
  eden space 150016K, 50% used [0x00000000d5580000,0x00000000da030db0,0x00000000de800000)
  from space 8192K, 99% used [0x00000000df100000,0x00000000df8fc010,0x00000000df900000)
  to   space 9216K, 0% used [0x00000000de800000,0x00000000de800000,0x00000000df100000)
 ParOldGen       total 38400K, used 9189K [0x0000000080000000, 0x0000000082580000, 0x00000000d5580000)
  object space 38400K, 23% used [0x0000000080000000,0x00000000808f97f0,0x0000000082580000)
 Metaspace       used 30861K, capacity 31804K, committed 31872K, reserved 1077248K
  class space    used 3646K, capacity 3928K, committed 3968K, reserved 1048576K
GC Heap History (10 events):
Event: 2.278 GC heap before
{Heap before GC invocations=7 (full 0):
 PSYoungGen      total 132608K, used 29242K [0x00000000d5580000, 0x00000000de080000, 0x0000000100000000)
  eden space 125952K, 18% used [0x00000000d5580000,0x00000000d6baa5f8,0x00000000dd080000)
  from space 6656K, 98% used [0x00000000dd800000,0x00000000dde64220,0x00000000dde80000)
  to   space 7680K, 0% used [0x00000000dd080000,0x00000000dd080000,0x00000000dd800000)
 ParOldGen       total 42496K, used 8114K [0x0000000080000000, 0x0000000082980000, 0x00000000d5580000)
  object space 42496K, 19% used [0x0000000080000000,0x00000000807eca60,0x0000000082980000)
 Metaspace       used 20771K, capacity 21066K, committed 21296K, reserved 1069056K
  class space    used 2301K, capacity 2401K, committed 2432K, reserved 1048576K
Event: 2.290 GC heap after
Heap after GC invocations=7 (full 0):
 PSYoungGen      total 133632K, used 4181K [0x00000000d5580000, 0x00000000de080000, 0x0000000100000000)
  eden space 125952K, 0% used [0x00000000d5580000,0x00000000d5580000,0x00000000dd080000)
  from space 7680K, 54% used [0x00000000dd080000,0x00000000dd495578,0x00000000dd800000)
  to   space 6656K, 0% used [0x00000000dd800000,0x00000000dd800000,0x00000000dde80000)
 ParOldGen       total 42496K, used 9031K [0x0000000080000000, 0x0000000082980000, 0x00000000d5580000)
  object space 42496K, 21% used [0x0000000080000000,0x00000000808d1c80,0x0000000082980000)
 Metaspace       used 20771K, capacity 21066K, committed 21296K, reserved 1069056K
  class space    used 2301K, capacity 2401K, committed 2432K, reserved 1048576K
}
Event: 2.290 GC heap before
{Heap before GC invocations=8 (full 1):
 PSYoungGen      total 133632K, used 4181K [0x00000000d5580000, 0x00000000de080000, 0x0000000100000000)
  eden space 125952K, 0% used [0x00000000d5580000,0x00000000d5580000,0x00000000dd080000)
  from space 7680K, 54% used [0x00000000dd080000,0x00000000dd495578,0x00000000dd800000)
  to   space 6656K, 0% used [0x00000000dd800000,0x00000000dd800000,0x00000000dde80000)
 ParOldGen       total 42496K, used 9031K [0x0000000080000000, 0x0000000082980000, 0x00000000d5580000)
  object space 42496K, 21% used [0x0000000080000000,0x00000000808d1c80,0x0000000082980000)
 Metaspace       used 20771K, capacity 21066K, committed 21296K, reserved 1069056K
  class space    used 2301K, capacity 2401K, committed 2432K, reserved 1048576K
Event: 2.383 GC heap after
Heap after GC invocations=8 (full 1):
 PSYoungGen      total 133632K, used 0K [0x00000000d5580000, 0x00000000de080000, 0x0000000100000000)
  eden space 125952K, 0% used [0x00000000d5580000,0x00000000d5580000,0x00000000dd080000)
  from space 7680K, 0% used [0x00000000dd080000,0x00000000dd080000,0x00000000dd800000)
  to   space 6656K, 0% used [0x00000000dd800000,0x00000000dd800000,0x00000000dde80000)
 ParOldGen       total 38400K, used 8554K [0x0000000080000000, 0x0000000082580000, 0x00000000d5580000)
  object space 38400K, 22% used [0x0000000080000000,0x000000008085a948,0x0000000082580000)
 Metaspace       used 20771K, capacity 21066K, committed 21296K, reserved 1069056K
  class space    used 2301K, capacity 2401K, committed 2432K, reserved 1048576K
}
Event: 3.081 GC heap before
{Heap before GC invocations=9 (full 1):
 PSYoungGen      total 133632K, used 125952K [0x00000000d5580000, 0x00000000de080000, 0x0000000100000000)
  eden space 125952K, 100% used [0x00000000d5580000,0x00000000dd080000,0x00000000dd080000)
  from space 7680K, 0% used [0x00000000dd080000,0x00000000dd080000,0x00000000dd800000)
  to   space 6656K, 0% used [0x00000000dd800000,0x00000000dd800000,0x00000000dde80000)
 ParOldGen       total 38400K, used 8554K [0x0000000080000000, 0x0000000082580000, 0x00000000d5580000)
  object space 38400K, 22% used [0x0000000080000000,0x000000008085a948,0x0000000082580000)
 Metaspace       used 22852K, capacity 23176K, committed 23424K, reserved 1071104K
  class space    used 2513K, capacity 2652K, committed 2688K, reserved 1048576K
Event: 3.088 GC heap after
Heap after GC invocations=9 (full 1):
 PSYoungGen      total 133120K, used 3221K [0x00000000d5580000, 0x00000000e0880000, 0x0000000100000000)
  eden space 126464K, 0% used [0x00000000d5580000,0x00000000d5580000,0x00000000dd100000)
  from space 6656K, 48% used [0x00000000dd800000,0x00000000ddb25658,0x00000000dde80000)
  to   space 7168K, 0% used [0x00000000dd100000,0x00000000dd100000,0x00000000dd800000)
 ParOldGen       total 38400K, used 8562K [0x0000000080000000, 0x0000000082580000, 0x00000000d5580000)
  object space 38400K, 22% used [0x0000000080000000,0x000000008085c948,0x0000000082580000)
 Metaspace       used 22852K, capacity 23176K, committed 23424K, reserved 1071104K
  class space    used 2513K, capacity 2652K, committed 2688K, reserved 1048576K
}
Event: 3.667 GC heap before
{Heap before GC invocations=10 (full 1):
 PSYoungGen      total 133120K, used 129685K [0x00000000d5580000, 0x00000000e0880000, 0x0000000100000000)
  eden space 126464K, 100% used [0x00000000d5580000,0x00000000dd100000,0x00000000dd100000)
  from space 6656K, 48% used [0x00000000dd800000,0x00000000ddb25658,0x00000000dde80000)
  to   space 7168K, 0% used [0x00000000dd100000,0x00000000dd100000,0x00000000dd800000)
 ParOldGen       total 38400K, used 8562K [0x0000000080000000, 0x0000000082580000, 0x00000000d5580000)
  object space 38400K, 22% used [0x0000000080000000,0x000000008085c948,0x0000000082580000)
 Metaspace       used 23532K, capacity 23854K, committed 24064K, reserved 1071104K
  class space    used 2581K, capacity 2726K, committed 2816K, reserved 1048576K
Event: 3.676 GC heap after
Heap after GC invocations=10 (full 1):
 PSYoungGen      total 133632K, used 6608K [0x00000000d5580000, 0x00000000df900000, 0x0000000100000000)
  eden space 126464K, 0% used [0x00000000d5580000,0x00000000d5580000,0x00000000dd100000)
  from space 7168K, 92% used [0x00000000dd100000,0x00000000dd774338,0x00000000dd800000)
  to   space 8192K, 0% used [0x00000000df100000,0x00000000df100000,0x00000000df900000)
 ParOldGen       total 38400K, used 8570K [0x0000000080000000, 0x0000000082580000, 0x00000000d5580000)
  object space 38400K, 22% used [0x0000000080000000,0x000000008085e948,0x0000000082580000)
 Metaspace       used 23532K, capacity 23854K, committed 24064K, reserved 1071104K
  class space    used 2581K, capacity 2726K, committed 2816K, reserved 1048576K
}
Event: 4.412 GC heap before
{Heap before GC invocations=11 (full 1):
 PSYoungGen      total 133632K, used 133072K [0x00000000d5580000, 0x00000000df900000, 0x0000000100000000)
  eden space 126464K, 100% used [0x00000000d5580000,0x00000000dd100000,0x00000000dd100000)
  from space 7168K, 92% used [0x00000000dd100000,0x00000000dd774338,0x00000000dd800000)
  to   space 8192K, 0% used [0x00000000df100000,0x00000000df100000,0x00000000df900000)
 ParOldGen       total 38400K, used 8570K [0x0000000080000000, 0x0000000082580000, 0x00000000d5580000)
  object space 38400K, 22% used [0x0000000080000000,0x000000008085e948,0x0000000082580000)
 Metaspace       used 25251K, capacity 25670K, committed 25856K, reserved 1073152K
  class space    used 2856K, capacity 3032K, committed 3072K, reserved 1048576K
Event: 4.422 GC heap after
Heap after GC invocations=11 (full 1):
 PSYoungGen      total 158208K, used 8176K [0x00000000d5580000, 0x00000000dfa00000, 0x0000000100000000)
  eden space 150016K, 0% used [0x00000000d5580000,0x00000000d5580000,0x00000000de800000)
  from space 8192K, 99% used [0x00000000df100000,0x00000000df8fc010,0x00000000df900000)
  to   space 9216K, 0% used [0x00000000de800000,0x00000000de800000,0x00000000df100000)
 ParOldGen       total 38400K, used 9189K [0x0000000080000000, 0x0000000082580000, 0x00000000d5580000)
  object space 38400K, 23% used [0x0000000080000000,0x00000000808f97f0,0x0000000082580000)
 Metaspace       used 25251K, capacity 25670K, committed 25856K, reserved 1073152K
  class space    used 2856K, capacity 3032K, committed 3072K, reserved 1048576K
}

