<?xml version="1.0" encoding="UTF-8"?>
<testsuites name="M05 - Edit Sosial Media" time="524.838" tests="18" failures="13" errors="1">
   <testsuite name="M05 - Edit Sosial Media" tests="18" failures="13" errors="1" time="524.838" skipped="0" timestamp="2023-10-03 10:55:42" hostname="USER - DESKTOP-22KTP91" id="Test Suites/M05 - Edit Sosial Media">
      <properties>
         <property name="deviceName" value=""/>
         <property name="devicePlatform" value=""/>
         <property name="logFolder" value="F:\\bootcamp\\Miniproject\\Tajalapak\\Reports\\20231003_105528\\M05 - Edit Sosial Media\\20231003_105528"/>
         <property name="logFiles" value="F:\\bootcamp\\Miniproject\\Tajalapak\\Reports\\20231003_105528\\M05 - Edit Sosial Media\\20231003_105528\\execution0.log"/>
         <property name="attachments" value="F:\\bootcamp\\Miniproject\\Tajalapak\\Reports\\20231003_105528\\M05 - Edit Sosial Media\\20231003_105528\\1696305628668.png, F:\\bootcamp\\Miniproject\\Tajalapak\\Reports\\20231003_105528\\M05 - Edit Sosial Media\\20231003_105528\\1696305655134.png, F:\\bootcamp\\Miniproject\\Tajalapak\\Reports\\20231003_105528\\M05 - Edit Sosial Media\\20231003_105528\\1696305786568.png, F:\\bootcamp\\Miniproject\\Tajalapak\\Reports\\20231003_105528\\M05 - Edit Sosial Media\\20231003_105528\\1696305813499.png, F:\\bootcamp\\Miniproject\\Tajalapak\\Reports\\20231003_105528\\M05 - Edit Sosial Media\\20231003_105528\\1696305841012.png, F:\\bootcamp\\Miniproject\\Tajalapak\\Reports\\20231003_105528\\M05 - Edit Sosial Media\\20231003_105528\\1696305866677.png"/>
         <property name="hostName" value="USER - DESKTOP-22KTP91"/>
         <property name="os" value="Windows 10 64bit"/>
         <property name="katalonVersion" value="8.6.5.208"/>
         <property name="browser" value="Firefox 117.0"/>
         <property name="hostAddress" value="10.9.2.48"/>
         <property name="sessionId" value="481b1d52-7482-4192-a32a-2e741756815e"/>
         <property name="seleniumVersion" value="3.141.59"/>
         <property name="proxyInformation" value="ProxyInformation { proxyOption=NO_PROXY, proxyServerType=HTTP, username=, password=********, proxyServerAddress=, proxyServerPort=0, executionList=&quot;&quot;, isApplyToDesiredCapabilities=true }"/>
         <property name="platform" value="Windows 10"/>
      </properties>
      <testcase name="Test Cases/M05 -Edit Sosial Media/TC-LS-001" time="21.846" classname="Test Cases/M05 -Edit Sosial Media/TC-LS-001" status="PASSED">
         <system-out><![CDATA[2023-10-03 10:55:42 - [TEST_CASE][PASSED] - Test Cases/M05 -Edit Sosial Media/TC-LS-001: Test Cases/M05 -Edit Sosial Media/TC-LS-001

2023-10-03 10:55:43 - [TEST_STEP][PASSED] - openBrowser(urlWeb): Browser is opened with url: 'https://10.9.2.63/ecommerce/'

2023-10-03 10:55:44 - [MESSAGE][INFO] - Starting 'Firefox' driver

2023-10-03 10:55:44 - [MESSAGE][INFO] - Action delay is set to 0 milliseconds

2023-10-03 10:55:59 - [MESSAGE][PASSED] - Browser is opened with url: 'https://10.9.2.63/ecommerce/'

2023-10-03 10:55:59 - [TEST_STEP][PASSED] - maximizeWindow(): Current window maximized

2023-10-03 10:55:59 - [MESSAGE][PASSED] - Current window maximized

2023-10-03 10:55:59 - [TEST_STEP][PASSED] - click(findTestObject("Login/a_Login")): Object: 'Object Repository/Login/a_Login' is clicked on

2023-10-03 10:56:00 - [MESSAGE][PASSED] - Object: 'Object Repository/Login/a_Login' is clicked on

2023-10-03 10:56:00 - [TEST_STEP][PASSED] - setText(findTestObject("Login/input_Username, Email atau No. Handphone_a"), "runa36"): Text 'runa36' is set on object 'Object Repository/Login/input_Username, Email atau No. Handphone_a'

2023-10-03 10:56:01 - [MESSAGE][PASSED] - Text 'runa36' is set on object 'Object Repository/Login/input_Username, Email atau No. Handphone_a'

2023-10-03 10:56:01 - [TEST_STEP][PASSED] - setEncryptedText(findTestObject("Login/input_Password di Login(Masuk)"), "qbkrdMwyWE4="): Text ****** has been set on object 'Object Repository/Login/input_Password di Login(Masuk)'

2023-10-03 10:56:02 - [MESSAGE][PASSED] - Text ****** has been set on object 'Object Repository/Login/input_Password di Login(Masuk)'

2023-10-03 10:56:02 - [TEST_STEP][PASSED] - click(findTestObject("Login/button_Masuk di halaman login")): Object: 'Object Repository/Login/button_Masuk di halaman login' is clicked on

2023-10-03 10:56:03 - [MESSAGE][PASSED] - Object: 'Object Repository/Login/button_Masuk di halaman login' is clicked on

2023-10-03 10:56:03 - [TEST_STEP][PASSED] - verifyElementPresent(findTestObject("edit sosial media/verifikasi masuk halaman biodata diri"), 0): Object 'Object Repository/edit sosial media/verifikasi masuk halaman biodata diri' is present

2023-10-03 10:56:04 - [MESSAGE][WARNING] - Timeout '0' is invalid. Using default page load timeout: '30'

2023-10-03 10:56:04 - [MESSAGE][PASSED] - Object 'Object Repository/edit sosial media/verifikasi masuk halaman biodata diri' is present]]></system-out>
         <system-err><![CDATA[]]></system-err>
      </testcase>
      <testcase name="Test Cases/M05 -Edit Sosial Media/TC-ESMS-001" time="41.543" classname="Test Cases/M05 -Edit Sosial Media/TC-ESMS-001" status="PASSED">
         <system-out><![CDATA[2023-10-03 10:56:04 - [TEST_CASE][PASSED] - Test Cases/M05 -Edit Sosial Media/TC-ESMS-001: Test Cases/M05 -Edit Sosial Media/TC-ESMS-001

2023-10-03 10:56:06 - [TEST_STEP][PASSED] - callTestCase(findTestCase("M05 -Edit Sosial Media/TC-LS-001"), [:], STOP_ON_FAILURE): Call Test Case 'Test Cases/M05 -Edit Sosial Media/TC-LS-001' successfully

2023-10-03 10:56:06 - [TEST_CASE][PASSED] - Test Cases/M05 -Edit Sosial Media/TC-LS-001: Test Cases/M05 -Edit Sosial Media/TC-LS-001

2023-10-03 10:56:06 - [TEST_STEP][PASSED] - openBrowser(urlWeb): Browser is opened with url: 'https://10.9.2.63/ecommerce/'

2023-10-03 10:56:06 - [MESSAGE][WARNING] - A browser is already opened. Closing browser and opening a new one

2023-10-03 10:56:09 - [MESSAGE][INFO] - Starting 'Firefox' driver

2023-10-03 10:56:09 - [MESSAGE][INFO] - Action delay is set to 0 milliseconds

2023-10-03 10:56:17 - [MESSAGE][PASSED] - Browser is opened with url: 'https://10.9.2.63/ecommerce/'

2023-10-03 10:56:17 - [TEST_STEP][PASSED] - maximizeWindow(): Current window maximized

2023-10-03 10:56:18 - [MESSAGE][PASSED] - Current window maximized

2023-10-03 10:56:18 - [TEST_STEP][PASSED] - click(findTestObject("Login/a_Login")): Object: 'Object Repository/Login/a_Login' is clicked on

2023-10-03 10:56:18 - [MESSAGE][PASSED] - Object: 'Object Repository/Login/a_Login' is clicked on

2023-10-03 10:56:18 - [TEST_STEP][PASSED] - setText(findTestObject("Login/input_Username, Email atau No. Handphone_a"), "runa36"): Text 'runa36' is set on object 'Object Repository/Login/input_Username, Email atau No. Handphone_a'

2023-10-03 10:56:19 - [MESSAGE][PASSED] - Text 'runa36' is set on object 'Object Repository/Login/input_Username, Email atau No. Handphone_a'

2023-10-03 10:56:19 - [TEST_STEP][PASSED] - setEncryptedText(findTestObject("Login/input_Password di Login(Masuk)"), "qbkrdMwyWE4="): Text ****** has been set on object 'Object Repository/Login/input_Password di Login(Masuk)'

2023-10-03 10:56:20 - [MESSAGE][PASSED] - Text ****** has been set on object 'Object Repository/Login/input_Password di Login(Masuk)'

2023-10-03 10:56:20 - [TEST_STEP][PASSED] - click(findTestObject("Login/button_Masuk di halaman login")): Object: 'Object Repository/Login/button_Masuk di halaman login' is clicked on

2023-10-03 10:56:22 - [MESSAGE][PASSED] - Object: 'Object Repository/Login/button_Masuk di halaman login' is clicked on

2023-10-03 10:56:22 - [TEST_STEP][PASSED] - verifyElementPresent(findTestObject("edit sosial media/verifikasi masuk halaman biodata diri"), 0): Object 'Object Repository/edit sosial media/verifikasi masuk halaman biodata diri' is present

2023-10-03 10:56:22 - [MESSAGE][WARNING] - Timeout '0' is invalid. Using default page load timeout: '30'

2023-10-03 10:56:23 - [MESSAGE][PASSED] - Object 'Object Repository/edit sosial media/verifikasi masuk halaman biodata diri' is present

2023-10-03 10:56:23 - [MESSAGE][PASSED] - Call Test Case 'Test Cases/M05 -Edit Sosial Media/TC-LS-001' successfully

2023-10-03 10:56:23 - [TEST_STEP][PASSED] - verifyElementPresent(findTestObject("edit sosial media/verifikasi masuk halaman biodata diri"), 0): Object 'Object Repository/edit sosial media/verifikasi masuk halaman biodata diri' is present

2023-10-03 10:56:23 - [MESSAGE][WARNING] - Timeout '0' is invalid. Using default page load timeout: '30'

2023-10-03 10:56:23 - [MESSAGE][PASSED] - Object 'Object Repository/edit sosial media/verifikasi masuk halaman biodata diri' is present

2023-10-03 10:56:23 - [TEST_STEP][PASSED] - click(findTestObject("edit sosial media/a_Sosmed")): Object: 'Object Repository/edit sosial media/a_Sosmed' is clicked on

2023-10-03 10:56:25 - [MESSAGE][PASSED] - Object: 'Object Repository/edit sosial media/a_Sosmed' is clicked on

2023-10-03 10:56:25 - [TEST_STEP][PASSED] - click(findTestObject("edit sosial media/Edit Sosial Media")): Object: 'Object Repository/edit sosial media/Edit Sosial Media' is clicked on

2023-10-03 10:56:26 - [MESSAGE][PASSED] - Object: 'Object Repository/edit sosial media/Edit Sosial Media' is clicked on

2023-10-03 10:56:26 - [TEST_STEP][PASSED] - clearText(findTestObject("edit sosial media/input_Facebook_a")): Text of object 'Object Repository/edit sosial media/input_Facebook_a' is cleared

2023-10-03 10:56:27 - [MESSAGE][PASSED] - Text of object 'Object Repository/edit sosial media/input_Facebook_a' is cleared

2023-10-03 10:56:27 - [TEST_STEP][PASSED] - setText(findTestObject("edit sosial media/input_Facebook_a"), Facebook): Text 'Runarun' is set on object 'Object Repository/edit sosial media/input_Facebook_a'

2023-10-03 10:56:28 - [MESSAGE][PASSED] - Text 'Runarun' is set on object 'Object Repository/edit sosial media/input_Facebook_a'

2023-10-03 10:56:28 - [TEST_STEP][PASSED] - clearText(findTestObject("edit sosial media/input_Twitter_b")): Text of object 'Object Repository/edit sosial media/input_Twitter_b' is cleared

2023-10-03 10:56:29 - [MESSAGE][PASSED] - Text of object 'Object Repository/edit sosial media/input_Twitter_b' is cleared

2023-10-03 10:56:29 - [TEST_STEP][PASSED] - setText(findTestObject("edit sosial media/input_Twitter_b"), Twitter): Text 'Runaya71' is set on object 'Object Repository/edit sosial media/input_Twitter_b'

2023-10-03 10:56:30 - [MESSAGE][PASSED] - Text 'Runaya71' is set on object 'Object Repository/edit sosial media/input_Twitter_b'

2023-10-03 10:56:30 - [TEST_STEP][PASSED] - clearText(findTestObject("edit sosial media/input_Instagram_c")): Text of object 'Object Repository/edit sosial media/input_Instagram_c' is cleared

2023-10-03 10:56:30 - [MESSAGE][PASSED] - Text of object 'Object Repository/edit sosial media/input_Instagram_c' is cleared

2023-10-03 10:56:30 - [TEST_STEP][PASSED] - setText(findTestObject("edit sosial media/input_Instagram_c"), Instagram): Text 'Runarun' is set on object 'Object Repository/edit sosial media/input_Instagram_c'

2023-10-03 10:56:32 - [MESSAGE][PASSED] - Text 'Runarun' is set on object 'Object Repository/edit sosial media/input_Instagram_c'

2023-10-03 10:56:32 - [TEST_STEP][PASSED] - clearText(findTestObject("edit sosial media/input_Whatsapp_d")): Text of object 'Object Repository/edit sosial media/input_Whatsapp_d' is cleared

2023-10-03 10:56:32 - [MESSAGE][PASSED] - Text of object 'Object Repository/edit sosial media/input_Whatsapp_d' is cleared

2023-10-03 10:56:32 - [TEST_STEP][PASSED] - setText(findTestObject("edit sosial media/input_Whatsapp_d"), Whatsapp): Text '+6281122223333' is set on object 'Object Repository/edit sosial media/input_Whatsapp_d'

2023-10-03 10:56:33 - [MESSAGE][PASSED] - Text '+6281122223333' is set on object 'Object Repository/edit sosial media/input_Whatsapp_d'

2023-10-03 10:56:33 - [TEST_STEP][PASSED] - clearText(findTestObject("edit sosial media/input_Telegram_e")): Text of object 'Object Repository/edit sosial media/input_Telegram_e' is cleared

2023-10-03 10:56:34 - [MESSAGE][PASSED] - Text of object 'Object Repository/edit sosial media/input_Telegram_e' is cleared

2023-10-03 10:56:34 - [TEST_STEP][PASSED] - setText(findTestObject("edit sosial media/input_Telegram_e"), Telegram): Text '@Runaya71' is set on object 'Object Repository/edit sosial media/input_Telegram_e'

2023-10-03 10:56:35 - [MESSAGE][PASSED] - Text '@Runaya71' is set on object 'Object Repository/edit sosial media/input_Telegram_e'

2023-10-03 10:56:35 - [TEST_STEP][PASSED] - clearText(findTestObject("edit sosial media/input_Youtube_f")): Text of object 'Object Repository/edit sosial media/input_Youtube_f' is cleared

2023-10-03 10:56:36 - [MESSAGE][PASSED] - Text of object 'Object Repository/edit sosial media/input_Youtube_f' is cleared

2023-10-03 10:56:36 - [TEST_STEP][PASSED] - setText(findTestObject("edit sosial media/input_Youtube_f"), Youtube): Text 'Runarun' is set on object 'Object Repository/edit sosial media/input_Youtube_f'

2023-10-03 10:56:36 - [MESSAGE][PASSED] - Text 'Runarun' is set on object 'Object Repository/edit sosial media/input_Youtube_f'

2023-10-03 10:56:36 - [TEST_STEP][PASSED] - clearText(findTestObject("edit sosial media/input_LinkedIn_g")): Text of object 'Object Repository/edit sosial media/input_LinkedIn_g' is cleared

2023-10-03 10:56:37 - [MESSAGE][PASSED] - Text of object 'Object Repository/edit sosial media/input_LinkedIn_g' is cleared

2023-10-03 10:56:37 - [TEST_STEP][PASSED] - setText(findTestObject("edit sosial media/input_LinkedIn_g"), LinkedIn): Text 'RunaOkta' is set on object 'Object Repository/edit sosial media/input_LinkedIn_g'

2023-10-03 10:56:38 - [MESSAGE][PASSED] - Text 'RunaOkta' is set on object 'Object Repository/edit sosial media/input_LinkedIn_g'

2023-10-03 10:56:38 - [TEST_STEP][PASSED] - clearText(findTestObject("edit sosial media/input_Google_h")): Text of object 'Object Repository/edit sosial media/input_Google_h' is cleared

2023-10-03 10:56:38 - [MESSAGE][PASSED] - Text of object 'Object Repository/edit sosial media/input_Google_h' is cleared

2023-10-03 10:56:38 - [TEST_STEP][PASSED] - setText(findTestObject("edit sosial media/input_Google_h"), Google): Text '+Runaya' is set on object 'Object Repository/edit sosial media/input_Google_h'

2023-10-03 10:56:39 - [MESSAGE][PASSED] - Text '+Runaya' is set on object 'Object Repository/edit sosial media/input_Google_h'

2023-10-03 10:56:39 - [TEST_STEP][PASSED] - click(findTestObject("edit sosial media/center_Simpan Sosial Media")): Object: 'Object Repository/edit sosial media/center_Simpan Sosial Media' is clicked on

2023-10-03 10:56:42 - [MESSAGE][PASSED] - Object: 'Object Repository/edit sosial media/center_Simpan Sosial Media' is clicked on

2023-10-03 10:56:42 - [TEST_STEP][PASSED] - face = getText(findTestObject("hasil sosmed/hasil facebook_a")): Text of object 'Object Repository/hasil sosmed/hasil facebook_a' is: 'Runarun'

2023-10-03 10:56:42 - [MESSAGE][PASSED] - Text of object 'Object Repository/hasil sosmed/hasil facebook_a' is: 'Runarun'

2023-10-03 10:56:43 - [TEST_STEP][PASSED] - Twit = getText(findTestObject("hasil sosmed/hasil twitter_b")): Text of object 'Object Repository/hasil sosmed/hasil twitter_b' is: 'Runaya71'

2023-10-03 10:56:43 - [MESSAGE][PASSED] - Text of object 'Object Repository/hasil sosmed/hasil twitter_b' is: 'Runaya71'

2023-10-03 10:56:43 - [TEST_STEP][PASSED] - insta = getText(findTestObject("hasil sosmed/hasil Instagram_c")): Text of object 'Object Repository/hasil sosmed/hasil Instagram_c' is: 'Runarun'

2023-10-03 10:56:44 - [MESSAGE][PASSED] - Text of object 'Object Repository/hasil sosmed/hasil Instagram_c' is: 'Runarun'

2023-10-03 10:56:44 - [TEST_STEP][PASSED] - wa = getText(findTestObject("hasil sosmed/hasil whatsapp d")): Text of object 'Object Repository/hasil sosmed/hasil whatsapp d' is: '+6281122223333'

2023-10-03 10:56:44 - [MESSAGE][PASSED] - Text of object 'Object Repository/hasil sosmed/hasil whatsapp d' is: '+6281122223333'

2023-10-03 10:56:44 - [TEST_STEP][PASSED] - tele = getText(findTestObject("hasil sosmed/hasil Telegram e")): Text of object 'Object Repository/hasil sosmed/hasil Telegram e' is: '@Runaya71'

2023-10-03 10:56:44 - [MESSAGE][PASSED] - Text of object 'Object Repository/hasil sosmed/hasil Telegram e' is: '@Runaya71'

2023-10-03 10:56:44 - [TEST_STEP][PASSED] - yout = getText(findTestObject("hasil sosmed/hasil youtube f")): Text of object 'Object Repository/hasil sosmed/hasil youtube f' is: 'Runarun'

2023-10-03 10:56:45 - [MESSAGE][PASSED] - Text of object 'Object Repository/hasil sosmed/hasil youtube f' is: 'Runarun'

2023-10-03 10:56:45 - [TEST_STEP][PASSED] - lin = getText(findTestObject("hasil sosmed/hasil linkedin g")): Text of object 'Object Repository/hasil sosmed/hasil linkedin g' is: 'RunaOkta'

2023-10-03 10:56:45 - [MESSAGE][PASSED] - Text of object 'Object Repository/hasil sosmed/hasil linkedin g' is: 'RunaOkta'

2023-10-03 10:56:45 - [TEST_STEP][PASSED] - goo = getText(findTestObject("hasil sosmed/hasil google h")): Text of object 'Object Repository/hasil sosmed/hasil google h' is: '+Runaya'

2023-10-03 10:56:46 - [MESSAGE][PASSED] - Text of object 'Object Repository/hasil sosmed/hasil google h' is: '+Runaya'

2023-10-03 10:56:46 - [TEST_STEP][PASSED] - assert trim().equalsIgnoreCase(Facebook.trim()): null

2023-10-03 10:56:46 - [TEST_STEP][PASSED] - assert trim().equalsIgnoreCase(Twitter.trim()): null

2023-10-03 10:56:46 - [TEST_STEP][PASSED] - assert trim().equalsIgnoreCase(Instagram.trim()): null

2023-10-03 10:56:46 - [TEST_STEP][PASSED] - assert trim().equalsIgnoreCase(Whatsapp.trim()): null

2023-10-03 10:56:46 - [TEST_STEP][PASSED] - assert trim().equalsIgnoreCase(Telegram.trim()): null

2023-10-03 10:56:46 - [TEST_STEP][PASSED] - assert trim().equalsIgnoreCase(Youtube.trim()): null

2023-10-03 10:56:46 - [TEST_STEP][PASSED] - assert trim().equalsIgnoreCase(LinkedIn.trim()): null

2023-10-03 10:56:46 - [TEST_STEP][PASSED] - assert trim().equalsIgnoreCase(Google.trim()): null]]></system-out>
         <system-err><![CDATA[]]></system-err>
      </testcase>
      <testcase name="Test Cases/M05 -Edit Sosial Media/TC-ESMS-002" time="30.951" classname="Test Cases/M05 -Edit Sosial Media/TC-ESMS-002" status="PASSED">
         <system-out><![CDATA[2023-10-03 10:56:46 - [TEST_CASE][PASSED] - Test Cases/M05 -Edit Sosial Media/TC-ESMS-002: Test Cases/M05 -Edit Sosial Media/TC-ESMS-002

2023-10-03 10:56:47 - [TEST_STEP][PASSED] - callTestCase(findTestCase("M05 -Edit Sosial Media/TC-LS-001"), [:], STOP_ON_FAILURE): Call Test Case 'Test Cases/M05 -Edit Sosial Media/TC-LS-001' successfully

2023-10-03 10:56:48 - [TEST_CASE][PASSED] - Test Cases/M05 -Edit Sosial Media/TC-LS-001: Test Cases/M05 -Edit Sosial Media/TC-LS-001

2023-10-03 10:56:48 - [TEST_STEP][PASSED] - openBrowser(urlWeb): Browser is opened with url: 'https://10.9.2.63/ecommerce/'

2023-10-03 10:56:48 - [MESSAGE][WARNING] - A browser is already opened. Closing browser and opening a new one

2023-10-03 10:56:50 - [MESSAGE][INFO] - Starting 'Firefox' driver

2023-10-03 10:56:50 - [MESSAGE][INFO] - Action delay is set to 0 milliseconds

2023-10-03 10:57:01 - [MESSAGE][PASSED] - Browser is opened with url: 'https://10.9.2.63/ecommerce/'

2023-10-03 10:57:01 - [TEST_STEP][PASSED] - maximizeWindow(): Current window maximized

2023-10-03 10:57:01 - [MESSAGE][PASSED] - Current window maximized

2023-10-03 10:57:01 - [TEST_STEP][PASSED] - click(findTestObject("Login/a_Login")): Object: 'Object Repository/Login/a_Login' is clicked on

2023-10-03 10:57:02 - [MESSAGE][PASSED] - Object: 'Object Repository/Login/a_Login' is clicked on

2023-10-03 10:57:02 - [TEST_STEP][PASSED] - setText(findTestObject("Login/input_Username, Email atau No. Handphone_a"), "runa36"): Text 'runa36' is set on object 'Object Repository/Login/input_Username, Email atau No. Handphone_a'

2023-10-03 10:57:03 - [MESSAGE][PASSED] - Text 'runa36' is set on object 'Object Repository/Login/input_Username, Email atau No. Handphone_a'

2023-10-03 10:57:03 - [TEST_STEP][PASSED] - setEncryptedText(findTestObject("Login/input_Password di Login(Masuk)"), "qbkrdMwyWE4="): Text ****** has been set on object 'Object Repository/Login/input_Password di Login(Masuk)'

2023-10-03 10:57:04 - [MESSAGE][PASSED] - Text ****** has been set on object 'Object Repository/Login/input_Password di Login(Masuk)'

2023-10-03 10:57:04 - [TEST_STEP][PASSED] - click(findTestObject("Login/button_Masuk di halaman login")): Object: 'Object Repository/Login/button_Masuk di halaman login' is clicked on

2023-10-03 10:57:06 - [MESSAGE][PASSED] - Object: 'Object Repository/Login/button_Masuk di halaman login' is clicked on

2023-10-03 10:57:06 - [TEST_STEP][PASSED] - verifyElementPresent(findTestObject("edit sosial media/verifikasi masuk halaman biodata diri"), 0): Object 'Object Repository/edit sosial media/verifikasi masuk halaman biodata diri' is present

2023-10-03 10:57:06 - [MESSAGE][WARNING] - Timeout '0' is invalid. Using default page load timeout: '30'

2023-10-03 10:57:07 - [MESSAGE][PASSED] - Object 'Object Repository/edit sosial media/verifikasi masuk halaman biodata diri' is present

2023-10-03 10:57:07 - [MESSAGE][PASSED] - Call Test Case 'Test Cases/M05 -Edit Sosial Media/TC-LS-001' successfully

2023-10-03 10:57:07 - [TEST_STEP][PASSED] - verifyElementPresent(findTestObject("edit sosial media/verifikasi masuk halaman biodata diri"), 0): Object 'Object Repository/edit sosial media/verifikasi masuk halaman biodata diri' is present

2023-10-03 10:57:07 - [MESSAGE][WARNING] - Timeout '0' is invalid. Using default page load timeout: '30'

2023-10-03 10:57:07 - [MESSAGE][PASSED] - Object 'Object Repository/edit sosial media/verifikasi masuk halaman biodata diri' is present

2023-10-03 10:57:07 - [TEST_STEP][PASSED] - click(findTestObject("edit sosial media/a_Sosmed")): Object: 'Object Repository/edit sosial media/a_Sosmed' is clicked on

2023-10-03 10:57:09 - [MESSAGE][PASSED] - Object: 'Object Repository/edit sosial media/a_Sosmed' is clicked on

2023-10-03 10:57:09 - [TEST_STEP][PASSED] - click(findTestObject("edit sosial media/Edit Sosial Media")): Object: 'Object Repository/edit sosial media/Edit Sosial Media' is clicked on

2023-10-03 10:57:10 - [MESSAGE][PASSED] - Object: 'Object Repository/edit sosial media/Edit Sosial Media' is clicked on

2023-10-03 10:57:10 - [TEST_STEP][PASSED] - clearText(findTestObject("edit sosial media/input_Facebook_a")): Text of object 'Object Repository/edit sosial media/input_Facebook_a' is cleared

2023-10-03 10:57:11 - [MESSAGE][PASSED] - Text of object 'Object Repository/edit sosial media/input_Facebook_a' is cleared

2023-10-03 10:57:11 - [TEST_STEP][PASSED] - setText(findTestObject("edit sosial media/input_Facebook_a"), facebook): Text 'Runaya' is set on object 'Object Repository/edit sosial media/input_Facebook_a'

2023-10-03 10:57:12 - [MESSAGE][PASSED] - Text 'Runaya' is set on object 'Object Repository/edit sosial media/input_Facebook_a'

2023-10-03 10:57:12 - [TEST_STEP][PASSED] - clearText(findTestObject("edit sosial media/input_Instagram_c")): Text of object 'Object Repository/edit sosial media/input_Instagram_c' is cleared

2023-10-03 10:57:13 - [MESSAGE][PASSED] - Text of object 'Object Repository/edit sosial media/input_Instagram_c' is cleared

2023-10-03 10:57:13 - [TEST_STEP][PASSED] - setText(findTestObject("edit sosial media/input_Instagram_c"), instagram): Text 'Runaya' is set on object 'Object Repository/edit sosial media/input_Instagram_c'

2023-10-03 10:57:14 - [MESSAGE][PASSED] - Text 'Runaya' is set on object 'Object Repository/edit sosial media/input_Instagram_c'

2023-10-03 10:57:14 - [TEST_STEP][PASSED] - click(findTestObject("edit sosial media/center_Simpan Sosial Media")): Object: 'Object Repository/edit sosial media/center_Simpan Sosial Media' is clicked on

2023-10-03 10:57:16 - [MESSAGE][PASSED] - Object: 'Object Repository/edit sosial media/center_Simpan Sosial Media' is clicked on

2023-10-03 10:57:16 - [TEST_STEP][PASSED] - face = getText(findTestObject("Object Repository/hasil sosmed/hasil facebook_a")): Text of object 'Object Repository/hasil sosmed/hasil facebook_a' is: 'Runaya'

2023-10-03 10:57:16 - [MESSAGE][PASSED] - Text of object 'Object Repository/hasil sosmed/hasil facebook_a' is: 'Runaya'

2023-10-03 10:57:16 - [TEST_STEP][PASSED] - insta = getText(findTestObject("Object Repository/hasil sosmed/hasil Instagram_c")): Text of object 'Object Repository/hasil sosmed/hasil Instagram_c' is: 'Runaya'

2023-10-03 10:57:17 - [MESSAGE][PASSED] - Text of object 'Object Repository/hasil sosmed/hasil Instagram_c' is: 'Runaya'

2023-10-03 10:57:17 - [TEST_STEP][PASSED] - assert trim().equalsIgnoreCase(facebook.trim()): null

2023-10-03 10:57:17 - [TEST_STEP][PASSED] - assert trim().equalsIgnoreCase(instagram.trim()): null]]></system-out>
         <system-err><![CDATA[]]></system-err>
      </testcase>
      <testcase name="Test Cases/M05 -Edit Sosial Media/TC-ESMS-003" time="26.12" classname="Test Cases/M05 -Edit Sosial Media/TC-ESMS-003" status="FAILED">
         <failure type="FAILED" message="Test Cases/M05 -Edit Sosial Media/TC-ESMS-003 FAILED.
Reason:
Assertion failed: 

assert twit.toString().trim().equalsIgnoreCase(twitter.trim())
       |    |          |      |                |       |
       -    -          -      false            &quot;&quot;      &quot;&quot;

	at TC-ESMS-003.run(TC-ESMS-003:36)
	at com.kms.katalon.core.main.ScriptEngine.run(ScriptEngine.java:194)
	at com.kms.katalon.core.main.ScriptEngine.runScriptAsRawText(ScriptEngine.java:119)
	at com.kms.katalon.core.main.TestCaseExecutor.runScript(TestCaseExecutor.java:448)
	at com.kms.katalon.core.main.TestCaseExecutor.doExecute(TestCaseExecutor.java:439)
	at com.kms.katalon.core.main.TestCaseExecutor.processExecutionPhase(TestCaseExecutor.java:418)
	at com.kms.katalon.core.main.TestCaseExecutor.accessMainPhase(TestCaseExecutor.java:410)
	at com.kms.katalon.core.main.TestCaseExecutor.execute(TestCaseExecutor.java:285)
	at com.kms.katalon.core.common.CommonExecutor.accessTestCaseMainPhase(CommonExecutor.java:65)
	at com.kms.katalon.core.main.TestSuiteExecutor.accessTestSuiteMainPhase(TestSuiteExecutor.java:148)
	at com.kms.katalon.core.main.TestSuiteExecutor.execute(TestSuiteExecutor.java:106)
	at com.kms.katalon.core.main.TestCaseMain.startTestSuite(TestCaseMain.java:187)
	at com.kms.katalon.core.main.TestCaseMain$startTestSuite$0.call(Unknown Source)
	at TempTestSuite1696305328923.run(TempTestSuite1696305328923.groovy:36)
"/>
         <system-out><![CDATA[2023-10-03 10:57:17 - [TEST_CASE][FAILED] - Test Cases/M05 -Edit Sosial Media/TC-ESMS-003: Test Cases/M05 -Edit Sosial Media/TC-ESMS-003 FAILED.
Reason:
Assertion failed: 

assert twit.toString().trim().equalsIgnoreCase(twitter.trim())
       |    |          |      |                |       |
       -    -          -      false            ""      ""

	at TC-ESMS-003.run(TC-ESMS-003:36)
	at com.kms.katalon.core.main.ScriptEngine.run(ScriptEngine.java:194)
	at com.kms.katalon.core.main.ScriptEngine.runScriptAsRawText(ScriptEngine.java:119)
	at com.kms.katalon.core.main.TestCaseExecutor.runScript(TestCaseExecutor.java:448)
	at com.kms.katalon.core.main.TestCaseExecutor.doExecute(TestCaseExecutor.java:439)
	at com.kms.katalon.core.main.TestCaseExecutor.processExecutionPhase(TestCaseExecutor.java:418)
	at com.kms.katalon.core.main.TestCaseExecutor.accessMainPhase(TestCaseExecutor.java:410)
	at com.kms.katalon.core.main.TestCaseExecutor.execute(TestCaseExecutor.java:285)
	at com.kms.katalon.core.common.CommonExecutor.accessTestCaseMainPhase(CommonExecutor.java:65)
	at com.kms.katalon.core.main.TestSuiteExecutor.accessTestSuiteMainPhase(TestSuiteExecutor.java:148)
	at com.kms.katalon.core.main.TestSuiteExecutor.execute(TestSuiteExecutor.java:106)
	at com.kms.katalon.core.main.TestCaseMain.startTestSuite(TestCaseMain.java:187)
	at com.kms.katalon.core.main.TestCaseMain$startTestSuite$0.call(Unknown Source)
	at TempTestSuite1696305328923.run(TempTestSuite1696305328923.groovy:36)


2023-10-03 10:57:18 - [TEST_STEP][PASSED] - callTestCase(findTestCase("M05 -Edit Sosial Media/TC-LS-001"), [:], STOP_ON_FAILURE): Call Test Case 'Test Cases/M05 -Edit Sosial Media/TC-LS-001' successfully

2023-10-03 10:57:18 - [TEST_CASE][PASSED] - Test Cases/M05 -Edit Sosial Media/TC-LS-001: Test Cases/M05 -Edit Sosial Media/TC-LS-001

2023-10-03 10:57:18 - [TEST_STEP][PASSED] - openBrowser(urlWeb): Browser is opened with url: 'https://10.9.2.63/ecommerce/'

2023-10-03 10:57:18 - [MESSAGE][WARNING] - A browser is already opened. Closing browser and opening a new one

2023-10-03 10:57:20 - [MESSAGE][INFO] - Starting 'Firefox' driver

2023-10-03 10:57:20 - [MESSAGE][INFO] - Action delay is set to 0 milliseconds

2023-10-03 10:57:30 - [MESSAGE][PASSED] - Browser is opened with url: 'https://10.9.2.63/ecommerce/'

2023-10-03 10:57:30 - [TEST_STEP][PASSED] - maximizeWindow(): Current window maximized

2023-10-03 10:57:30 - [MESSAGE][PASSED] - Current window maximized

2023-10-03 10:57:30 - [TEST_STEP][PASSED] - click(findTestObject("Login/a_Login")): Object: 'Object Repository/Login/a_Login' is clicked on

2023-10-03 10:57:31 - [MESSAGE][PASSED] - Object: 'Object Repository/Login/a_Login' is clicked on

2023-10-03 10:57:31 - [TEST_STEP][PASSED] - setText(findTestObject("Login/input_Username, Email atau No. Handphone_a"), "runa36"): Text 'runa36' is set on object 'Object Repository/Login/input_Username, Email atau No. Handphone_a'

2023-10-03 10:57:32 - [MESSAGE][PASSED] - Text 'runa36' is set on object 'Object Repository/Login/input_Username, Email atau No. Handphone_a'

2023-10-03 10:57:32 - [TEST_STEP][PASSED] - setEncryptedText(findTestObject("Login/input_Password di Login(Masuk)"), "qbkrdMwyWE4="): Text ****** has been set on object 'Object Repository/Login/input_Password di Login(Masuk)'

2023-10-03 10:57:33 - [MESSAGE][PASSED] - Text ****** has been set on object 'Object Repository/Login/input_Password di Login(Masuk)'

2023-10-03 10:57:33 - [TEST_STEP][PASSED] - click(findTestObject("Login/button_Masuk di halaman login")): Object: 'Object Repository/Login/button_Masuk di halaman login' is clicked on

2023-10-03 10:57:35 - [MESSAGE][PASSED] - Object: 'Object Repository/Login/button_Masuk di halaman login' is clicked on

2023-10-03 10:57:35 - [TEST_STEP][PASSED] - verifyElementPresent(findTestObject("edit sosial media/verifikasi masuk halaman biodata diri"), 0): Object 'Object Repository/edit sosial media/verifikasi masuk halaman biodata diri' is present

2023-10-03 10:57:35 - [MESSAGE][WARNING] - Timeout '0' is invalid. Using default page load timeout: '30'

2023-10-03 10:57:35 - [MESSAGE][PASSED] - Object 'Object Repository/edit sosial media/verifikasi masuk halaman biodata diri' is present

2023-10-03 10:57:35 - [MESSAGE][PASSED] - Call Test Case 'Test Cases/M05 -Edit Sosial Media/TC-LS-001' successfully

2023-10-03 10:57:35 - [TEST_STEP][PASSED] - verifyElementPresent(findTestObject("edit sosial media/verifikasi masuk halaman biodata diri"), 0): Object 'Object Repository/edit sosial media/verifikasi masuk halaman biodata diri' is present

2023-10-03 10:57:36 - [MESSAGE][WARNING] - Timeout '0' is invalid. Using default page load timeout: '30'

2023-10-03 10:57:36 - [MESSAGE][PASSED] - Object 'Object Repository/edit sosial media/verifikasi masuk halaman biodata diri' is present

2023-10-03 10:57:36 - [TEST_STEP][PASSED] - click(findTestObject("edit sosial media/a_Sosmed")): Object: 'Object Repository/edit sosial media/a_Sosmed' is clicked on

2023-10-03 10:57:37 - [MESSAGE][PASSED] - Object: 'Object Repository/edit sosial media/a_Sosmed' is clicked on

2023-10-03 10:57:37 - [TEST_STEP][PASSED] - click(findTestObject("edit sosial media/Edit Sosial Media")): Object: 'Object Repository/edit sosial media/Edit Sosial Media' is clicked on

2023-10-03 10:57:39 - [MESSAGE][PASSED] - Object: 'Object Repository/edit sosial media/Edit Sosial Media' is clicked on

2023-10-03 10:57:39 - [TEST_STEP][PASSED] - clearText(findTestObject("edit sosial media/input_Twitter_b")): Text of object 'Object Repository/edit sosial media/input_Twitter_b' is cleared

2023-10-03 10:57:40 - [MESSAGE][PASSED] - Text of object 'Object Repository/edit sosial media/input_Twitter_b' is cleared

2023-10-03 10:57:40 - [TEST_STEP][PASSED] - setText(findTestObject("edit sosial media/input_Twitter_b"), twitter): Text '' is set on object 'Object Repository/edit sosial media/input_Twitter_b'

2023-10-03 10:57:41 - [MESSAGE][PASSED] - Text '' is set on object 'Object Repository/edit sosial media/input_Twitter_b'

2023-10-03 10:57:41 - [TEST_STEP][PASSED] - click(findTestObject("edit sosial media/center_Simpan Sosial Media")): Object: 'Object Repository/edit sosial media/center_Simpan Sosial Media' is clicked on

2023-10-03 10:57:42 - [MESSAGE][PASSED] - Object: 'Object Repository/edit sosial media/center_Simpan Sosial Media' is clicked on

2023-10-03 10:57:42 - [TEST_STEP][PASSED] - twit = getText(findTestObject("Object Repository/hasil sosmed/hasil twitter_b")): Text of object 'Object Repository/hasil sosmed/hasil twitter_b' is: '-'

2023-10-03 10:57:43 - [MESSAGE][PASSED] - Text of object 'Object Repository/hasil sosmed/hasil twitter_b' is: '-'

2023-10-03 10:57:43 - [TEST_STEP][FAILED] - assert trim().equalsIgnoreCase(twitter.trim()): Test Cases/M05 -Edit Sosial Media/TC-ESMS-003 FAILED.
Reason:
Assertion failed: 

assert twit.toString().trim().equalsIgnoreCase(twitter.trim())
       |    |          |      |                |       |
       -    -          -      false            ""      ""

	at TC-ESMS-003.run(TC-ESMS-003:36)
	at com.kms.katalon.core.main.ScriptEngine.run(ScriptEngine.java:194)
	at com.kms.katalon.core.main.ScriptEngine.runScriptAsRawText(ScriptEngine.java:119)
	at com.kms.katalon.core.main.TestCaseExecutor.runScript(TestCaseExecutor.java:448)
	at com.kms.katalon.core.main.TestCaseExecutor.doExecute(TestCaseExecutor.java:439)
	at com.kms.katalon.core.main.TestCaseExecutor.processExecutionPhase(TestCaseExecutor.java:418)
	at com.kms.katalon.core.main.TestCaseExecutor.accessMainPhase(TestCaseExecutor.java:410)
	at com.kms.katalon.core.main.TestCaseExecutor.execute(TestCaseExecutor.java:285)
	at com.kms.katalon.core.common.CommonExecutor.accessTestCaseMainPhase(CommonExecutor.java:65)
	at com.kms.katalon.core.main.TestSuiteExecutor.accessTestSuiteMainPhase(TestSuiteExecutor.java:148)
	at com.kms.katalon.core.main.TestSuiteExecutor.execute(TestSuiteExecutor.java:106)
	at com.kms.katalon.core.main.TestCaseMain.startTestSuite(TestCaseMain.java:187)
	at com.kms.katalon.core.main.TestCaseMain$startTestSuite$0.call(Unknown Source)
	at TempTestSuite1696305328923.run(TempTestSuite1696305328923.groovy:36)


2023-10-03 10:57:43 - [MESSAGE][FAILED] - Test Cases/M05 -Edit Sosial Media/TC-ESMS-003 FAILED.
Reason:
Assertion failed: 

assert twit.toString().trim().equalsIgnoreCase(twitter.trim())
       |    |          |      |                |       |
       -    -          -      false            ""      ""

	at TC-ESMS-003.run(TC-ESMS-003:36)
	at com.kms.katalon.core.main.ScriptEngine.run(ScriptEngine.java:194)
	at com.kms.katalon.core.main.ScriptEngine.runScriptAsRawText(ScriptEngine.java:119)
	at com.kms.katalon.core.main.TestCaseExecutor.runScript(TestCaseExecutor.java:448)
	at com.kms.katalon.core.main.TestCaseExecutor.doExecute(TestCaseExecutor.java:439)
	at com.kms.katalon.core.main.TestCaseExecutor.processExecutionPhase(TestCaseExecutor.java:418)
	at com.kms.katalon.core.main.TestCaseExecutor.accessMainPhase(TestCaseExecutor.java:410)
	at com.kms.katalon.core.main.TestCaseExecutor.execute(TestCaseExecutor.java:285)
	at com.kms.katalon.core.common.CommonExecutor.accessTestCaseMainPhase(CommonExecutor.java:65)
	at com.kms.katalon.core.main.TestSuiteExecutor.accessTestSuiteMainPhase(TestSuiteExecutor.java:148)
	at com.kms.katalon.core.main.TestSuiteExecutor.execute(TestSuiteExecutor.java:106)
	at com.kms.katalon.core.main.TestCaseMain.startTestSuite(TestCaseMain.java:187)
	at com.kms.katalon.core.main.TestCaseMain$startTestSuite$0.call(Unknown Source)
	at TempTestSuite1696305328923.run(TempTestSuite1696305328923.groovy:36)]]></system-out>
         <system-err><![CDATA[2023-10-03 10:57:17 - [TEST_CASE][FAILED] - Test Cases/M05 -Edit Sosial Media/TC-ESMS-003: Test Cases/M05 -Edit Sosial Media/TC-ESMS-003 FAILED.
Reason:
Assertion failed: 

assert twit.toString().trim().equalsIgnoreCase(twitter.trim())
       |    |          |      |                |       |
       -    -          -      false            ""      ""

	at TC-ESMS-003.run(TC-ESMS-003:36)
	at com.kms.katalon.core.main.ScriptEngine.run(ScriptEngine.java:194)
	at com.kms.katalon.core.main.ScriptEngine.runScriptAsRawText(ScriptEngine.java:119)
	at com.kms.katalon.core.main.TestCaseExecutor.runScript(TestCaseExecutor.java:448)
	at com.kms.katalon.core.main.TestCaseExecutor.doExecute(TestCaseExecutor.java:439)
	at com.kms.katalon.core.main.TestCaseExecutor.processExecutionPhase(TestCaseExecutor.java:418)
	at com.kms.katalon.core.main.TestCaseExecutor.accessMainPhase(TestCaseExecutor.java:410)
	at com.kms.katalon.core.main.TestCaseExecutor.execute(TestCaseExecutor.java:285)
	at com.kms.katalon.core.common.CommonExecutor.accessTestCaseMainPhase(CommonExecutor.java:65)
	at com.kms.katalon.core.main.TestSuiteExecutor.accessTestSuiteMainPhase(TestSuiteExecutor.java:148)
	at com.kms.katalon.core.main.TestSuiteExecutor.execute(TestSuiteExecutor.java:106)
	at com.kms.katalon.core.main.TestCaseMain.startTestSuite(TestCaseMain.java:187)
	at com.kms.katalon.core.main.TestCaseMain$startTestSuite$0.call(Unknown Source)
	at TempTestSuite1696305328923.run(TempTestSuite1696305328923.groovy:36)]]></system-err>
      </testcase>
      <testcase name="Test Cases/M05 -Edit Sosial Media/TC-ESMS-004" time="29.765" classname="Test Cases/M05 -Edit Sosial Media/TC-ESMS-004" status="PASSED">
         <system-out><![CDATA[2023-10-03 10:57:43 - [TEST_CASE][PASSED] - Test Cases/M05 -Edit Sosial Media/TC-ESMS-004: Test Cases/M05 -Edit Sosial Media/TC-ESMS-004

2023-10-03 10:57:46 - [TEST_STEP][PASSED] - callTestCase(findTestCase("M05 -Edit Sosial Media/TC-LS-001"), [:], STOP_ON_FAILURE): Call Test Case 'Test Cases/M05 -Edit Sosial Media/TC-LS-001' successfully

2023-10-03 10:57:46 - [TEST_CASE][PASSED] - Test Cases/M05 -Edit Sosial Media/TC-LS-001: Test Cases/M05 -Edit Sosial Media/TC-LS-001

2023-10-03 10:57:46 - [TEST_STEP][PASSED] - openBrowser(urlWeb): Browser is opened with url: 'https://10.9.2.63/ecommerce/'

2023-10-03 10:57:46 - [MESSAGE][WARNING] - A browser is already opened. Closing browser and opening a new one

2023-10-03 10:57:48 - [MESSAGE][INFO] - Starting 'Firefox' driver

2023-10-03 10:57:48 - [MESSAGE][INFO] - Action delay is set to 0 milliseconds

2023-10-03 10:57:57 - [MESSAGE][PASSED] - Browser is opened with url: 'https://10.9.2.63/ecommerce/'

2023-10-03 10:57:57 - [TEST_STEP][PASSED] - maximizeWindow(): Current window maximized

2023-10-03 10:57:57 - [MESSAGE][PASSED] - Current window maximized

2023-10-03 10:57:57 - [TEST_STEP][PASSED] - click(findTestObject("Login/a_Login")): Object: 'Object Repository/Login/a_Login' is clicked on

2023-10-03 10:57:58 - [MESSAGE][PASSED] - Object: 'Object Repository/Login/a_Login' is clicked on

2023-10-03 10:57:58 - [TEST_STEP][PASSED] - setText(findTestObject("Login/input_Username, Email atau No. Handphone_a"), "runa36"): Text 'runa36' is set on object 'Object Repository/Login/input_Username, Email atau No. Handphone_a'

2023-10-03 10:58:00 - [MESSAGE][PASSED] - Text 'runa36' is set on object 'Object Repository/Login/input_Username, Email atau No. Handphone_a'

2023-10-03 10:58:00 - [TEST_STEP][PASSED] - setEncryptedText(findTestObject("Login/input_Password di Login(Masuk)"), "qbkrdMwyWE4="): Text ****** has been set on object 'Object Repository/Login/input_Password di Login(Masuk)'

2023-10-03 10:58:00 - [MESSAGE][PASSED] - Text ****** has been set on object 'Object Repository/Login/input_Password di Login(Masuk)'

2023-10-03 10:58:00 - [TEST_STEP][PASSED] - click(findTestObject("Login/button_Masuk di halaman login")): Object: 'Object Repository/Login/button_Masuk di halaman login' is clicked on

2023-10-03 10:58:02 - [MESSAGE][PASSED] - Object: 'Object Repository/Login/button_Masuk di halaman login' is clicked on

2023-10-03 10:58:02 - [TEST_STEP][PASSED] - verifyElementPresent(findTestObject("edit sosial media/verifikasi masuk halaman biodata diri"), 0): Object 'Object Repository/edit sosial media/verifikasi masuk halaman biodata diri' is present

2023-10-03 10:58:02 - [MESSAGE][WARNING] - Timeout '0' is invalid. Using default page load timeout: '30'

2023-10-03 10:58:03 - [MESSAGE][PASSED] - Object 'Object Repository/edit sosial media/verifikasi masuk halaman biodata diri' is present

2023-10-03 10:58:03 - [MESSAGE][PASSED] - Call Test Case 'Test Cases/M05 -Edit Sosial Media/TC-LS-001' successfully

2023-10-03 10:58:03 - [TEST_STEP][PASSED] - verifyElementPresent(findTestObject("edit sosial media/verifikasi masuk halaman biodata diri"), 0): Object 'Object Repository/edit sosial media/verifikasi masuk halaman biodata diri' is present

2023-10-03 10:58:03 - [MESSAGE][WARNING] - Timeout '0' is invalid. Using default page load timeout: '30'

2023-10-03 10:58:04 - [MESSAGE][PASSED] - Object 'Object Repository/edit sosial media/verifikasi masuk halaman biodata diri' is present

2023-10-03 10:58:04 - [TEST_STEP][PASSED] - click(findTestObject("edit sosial media/a_Sosmed")): Object: 'Object Repository/edit sosial media/a_Sosmed' is clicked on

2023-10-03 10:58:05 - [MESSAGE][PASSED] - Object: 'Object Repository/edit sosial media/a_Sosmed' is clicked on

2023-10-03 10:58:05 - [TEST_STEP][PASSED] - click(findTestObject("edit sosial media/Edit Sosial Media")): Object: 'Object Repository/edit sosial media/Edit Sosial Media' is clicked on

2023-10-03 10:58:07 - [MESSAGE][PASSED] - Object: 'Object Repository/edit sosial media/Edit Sosial Media' is clicked on

2023-10-03 10:58:07 - [TEST_STEP][PASSED] - clearText(findTestObject("edit sosial media/input_Youtube_f")): Text of object 'Object Repository/edit sosial media/input_Youtube_f' is cleared

2023-10-03 10:58:08 - [MESSAGE][PASSED] - Text of object 'Object Repository/edit sosial media/input_Youtube_f' is cleared

2023-10-03 10:58:08 - [TEST_STEP][PASSED] - setText(findTestObject("edit sosial media/input_Youtube_f"), youtube): Text 'https://www.youtube.com/@BLACKPINK' is set on object 'Object Repository/edit sosial media/input_Youtube_f'

2023-10-03 10:58:09 - [MESSAGE][PASSED] - Text 'https://www.youtube.com/@BLACKPINK' is set on object 'Object Repository/edit sosial media/input_Youtube_f'

2023-10-03 10:58:09 - [TEST_STEP][PASSED] - clearText(findTestObject("edit sosial media/input_LinkedIn_g")): Text of object 'Object Repository/edit sosial media/input_LinkedIn_g' is cleared

2023-10-03 10:58:09 - [MESSAGE][PASSED] - Text of object 'Object Repository/edit sosial media/input_LinkedIn_g' is cleared

2023-10-03 10:58:09 - [TEST_STEP][PASSED] - setText(findTestObject("edit sosial media/input_LinkedIn_g"), linkedin): Text 'www.linkedin.com/in/blackpink' is set on object 'Object Repository/edit sosial media/input_LinkedIn_g'

2023-10-03 10:58:10 - [MESSAGE][PASSED] - Text 'www.linkedin.com/in/blackpink' is set on object 'Object Repository/edit sosial media/input_LinkedIn_g'

2023-10-03 10:58:10 - [TEST_STEP][PASSED] - click(findTestObject("edit sosial media/center_Simpan Sosial Media")): Object: 'Object Repository/edit sosial media/center_Simpan Sosial Media' is clicked on

2023-10-03 10:58:12 - [MESSAGE][PASSED] - Object: 'Object Repository/edit sosial media/center_Simpan Sosial Media' is clicked on

2023-10-03 10:58:12 - [TEST_STEP][PASSED] - yt = getText(findTestObject("hasil sosmed/hasil youtube f")): Text of object 'Object Repository/hasil sosmed/hasil youtube f' is: 'https://www.youtube.com/@BLACKPINK'

2023-10-03 10:58:13 - [MESSAGE][PASSED] - Text of object 'Object Repository/hasil sosmed/hasil youtube f' is: 'https://www.youtube.com/@BLACKPINK'

2023-10-03 10:58:13 - [TEST_STEP][PASSED] - lind = getText(findTestObject("hasil sosmed/hasil linkedin g")): Text of object 'Object Repository/hasil sosmed/hasil linkedin g' is: 'www.linkedin.com/in/blackpink'

2023-10-03 10:58:13 - [MESSAGE][PASSED] - Text of object 'Object Repository/hasil sosmed/hasil linkedin g' is: 'www.linkedin.com/in/blackpink'

2023-10-03 10:58:13 - [TEST_STEP][PASSED] - assert trim().equalsIgnoreCase(youtube.trim()): null

2023-10-03 10:58:13 - [TEST_STEP][PASSED] - assert trim().equalsIgnoreCase(linkedin.trim()): null]]></system-out>
         <system-err><![CDATA[]]></system-err>
      </testcase>
      <testcase name="Test Cases/M05 -Edit Sosial Media/TC-ESMS-005" time="29.188" classname="Test Cases/M05 -Edit Sosial Media/TC-ESMS-005" status="FAILED">
         <failure type="FAILED" message="Test Cases/M05 -Edit Sosial Media/TC-ESMS-005 FAILED.
Reason:
Assertion failed: 

assert insta == instag
       |     |  |
       |     |  Runaya
       |     false
       Johndue

	at TC-ESMS-005.run(TC-ESMS-005:38)
	at com.kms.katalon.core.main.ScriptEngine.run(ScriptEngine.java:194)
	at com.kms.katalon.core.main.ScriptEngine.runScriptAsRawText(ScriptEngine.java:119)
	at com.kms.katalon.core.main.TestCaseExecutor.runScript(TestCaseExecutor.java:448)
	at com.kms.katalon.core.main.TestCaseExecutor.doExecute(TestCaseExecutor.java:439)
	at com.kms.katalon.core.main.TestCaseExecutor.processExecutionPhase(TestCaseExecutor.java:418)
	at com.kms.katalon.core.main.TestCaseExecutor.accessMainPhase(TestCaseExecutor.java:410)
	at com.kms.katalon.core.main.TestCaseExecutor.execute(TestCaseExecutor.java:285)
	at com.kms.katalon.core.common.CommonExecutor.accessTestCaseMainPhase(CommonExecutor.java:65)
	at com.kms.katalon.core.main.TestSuiteExecutor.accessTestSuiteMainPhase(TestSuiteExecutor.java:148)
	at com.kms.katalon.core.main.TestSuiteExecutor.execute(TestSuiteExecutor.java:106)
	at com.kms.katalon.core.main.TestCaseMain.startTestSuite(TestCaseMain.java:187)
	at com.kms.katalon.core.main.TestCaseMain$startTestSuite$0.call(Unknown Source)
	at TempTestSuite1696305328923.run(TempTestSuite1696305328923.groovy:36)
"/>
         <system-out><![CDATA[2023-10-03 10:58:13 - [TEST_CASE][FAILED] - Test Cases/M05 -Edit Sosial Media/TC-ESMS-005: Test Cases/M05 -Edit Sosial Media/TC-ESMS-005 FAILED.
Reason:
Assertion failed: 

assert insta == instag
       |     |  |
       |     |  Runaya
       |     false
       Johndue

	at TC-ESMS-005.run(TC-ESMS-005:38)
	at com.kms.katalon.core.main.ScriptEngine.run(ScriptEngine.java:194)
	at com.kms.katalon.core.main.ScriptEngine.runScriptAsRawText(ScriptEngine.java:119)
	at com.kms.katalon.core.main.TestCaseExecutor.runScript(TestCaseExecutor.java:448)
	at com.kms.katalon.core.main.TestCaseExecutor.doExecute(TestCaseExecutor.java:439)
	at com.kms.katalon.core.main.TestCaseExecutor.processExecutionPhase(TestCaseExecutor.java:418)
	at com.kms.katalon.core.main.TestCaseExecutor.accessMainPhase(TestCaseExecutor.java:410)
	at com.kms.katalon.core.main.TestCaseExecutor.execute(TestCaseExecutor.java:285)
	at com.kms.katalon.core.common.CommonExecutor.accessTestCaseMainPhase(CommonExecutor.java:65)
	at com.kms.katalon.core.main.TestSuiteExecutor.accessTestSuiteMainPhase(TestSuiteExecutor.java:148)
	at com.kms.katalon.core.main.TestSuiteExecutor.execute(TestSuiteExecutor.java:106)
	at com.kms.katalon.core.main.TestCaseMain.startTestSuite(TestCaseMain.java:187)
	at com.kms.katalon.core.main.TestCaseMain$startTestSuite$0.call(Unknown Source)
	at TempTestSuite1696305328923.run(TempTestSuite1696305328923.groovy:36)


2023-10-03 10:58:15 - [TEST_STEP][PASSED] - callTestCase(findTestCase("M05 -Edit Sosial Media/TC-LS-001"), [:], STOP_ON_FAILURE): Call Test Case 'Test Cases/M05 -Edit Sosial Media/TC-LS-001' successfully

2023-10-03 10:58:15 - [TEST_CASE][PASSED] - Test Cases/M05 -Edit Sosial Media/TC-LS-001: Test Cases/M05 -Edit Sosial Media/TC-LS-001

2023-10-03 10:58:15 - [TEST_STEP][PASSED] - openBrowser(urlWeb): Browser is opened with url: 'https://10.9.2.63/ecommerce/'

2023-10-03 10:58:15 - [MESSAGE][WARNING] - A browser is already opened. Closing browser and opening a new one

2023-10-03 10:58:17 - [MESSAGE][INFO] - Starting 'Firefox' driver

2023-10-03 10:58:17 - [MESSAGE][INFO] - Action delay is set to 0 milliseconds

2023-10-03 10:58:28 - [MESSAGE][PASSED] - Browser is opened with url: 'https://10.9.2.63/ecommerce/'

2023-10-03 10:58:28 - [TEST_STEP][PASSED] - maximizeWindow(): Current window maximized

2023-10-03 10:58:28 - [MESSAGE][PASSED] - Current window maximized

2023-10-03 10:58:28 - [TEST_STEP][PASSED] - click(findTestObject("Login/a_Login")): Object: 'Object Repository/Login/a_Login' is clicked on

2023-10-03 10:58:28 - [MESSAGE][PASSED] - Object: 'Object Repository/Login/a_Login' is clicked on

2023-10-03 10:58:28 - [TEST_STEP][PASSED] - setText(findTestObject("Login/input_Username, Email atau No. Handphone_a"), "runa36"): Text 'runa36' is set on object 'Object Repository/Login/input_Username, Email atau No. Handphone_a'

2023-10-03 10:58:29 - [MESSAGE][PASSED] - Text 'runa36' is set on object 'Object Repository/Login/input_Username, Email atau No. Handphone_a'

2023-10-03 10:58:29 - [TEST_STEP][PASSED] - setEncryptedText(findTestObject("Login/input_Password di Login(Masuk)"), "qbkrdMwyWE4="): Text ****** has been set on object 'Object Repository/Login/input_Password di Login(Masuk)'

2023-10-03 10:58:30 - [MESSAGE][PASSED] - Text ****** has been set on object 'Object Repository/Login/input_Password di Login(Masuk)'

2023-10-03 10:58:30 - [TEST_STEP][PASSED] - click(findTestObject("Login/button_Masuk di halaman login")): Object: 'Object Repository/Login/button_Masuk di halaman login' is clicked on

2023-10-03 10:58:32 - [MESSAGE][PASSED] - Object: 'Object Repository/Login/button_Masuk di halaman login' is clicked on

2023-10-03 10:58:32 - [TEST_STEP][PASSED] - verifyElementPresent(findTestObject("edit sosial media/verifikasi masuk halaman biodata diri"), 0): Object 'Object Repository/edit sosial media/verifikasi masuk halaman biodata diri' is present

2023-10-03 10:58:32 - [MESSAGE][WARNING] - Timeout '0' is invalid. Using default page load timeout: '30'

2023-10-03 10:58:33 - [MESSAGE][PASSED] - Object 'Object Repository/edit sosial media/verifikasi masuk halaman biodata diri' is present

2023-10-03 10:58:33 - [MESSAGE][PASSED] - Call Test Case 'Test Cases/M05 -Edit Sosial Media/TC-LS-001' successfully

2023-10-03 10:58:33 - [TEST_STEP][PASSED] - verifyElementPresent(findTestObject("edit sosial media/verifikasi masuk halaman biodata diri"), 0): Object 'Object Repository/edit sosial media/verifikasi masuk halaman biodata diri' is present

2023-10-03 10:58:33 - [MESSAGE][WARNING] - Timeout '0' is invalid. Using default page load timeout: '30'

2023-10-03 10:58:33 - [MESSAGE][PASSED] - Object 'Object Repository/edit sosial media/verifikasi masuk halaman biodata diri' is present

2023-10-03 10:58:33 - [TEST_STEP][PASSED] - click(findTestObject("edit sosial media/a_Sosmed")): Object: 'Object Repository/edit sosial media/a_Sosmed' is clicked on

2023-10-03 10:58:35 - [MESSAGE][PASSED] - Object: 'Object Repository/edit sosial media/a_Sosmed' is clicked on

2023-10-03 10:58:35 - [TEST_STEP][PASSED] - click(findTestObject("edit sosial media/Edit Sosial Media")): Object: 'Object Repository/edit sosial media/Edit Sosial Media' is clicked on

2023-10-03 10:58:36 - [MESSAGE][PASSED] - Object: 'Object Repository/edit sosial media/Edit Sosial Media' is clicked on

2023-10-03 10:58:36 - [TEST_STEP][PASSED] - clearText(findTestObject("edit sosial media/input_Instagram_c")): Text of object 'Object Repository/edit sosial media/input_Instagram_c' is cleared

2023-10-03 10:58:37 - [MESSAGE][PASSED] - Text of object 'Object Repository/edit sosial media/input_Instagram_c' is cleared

2023-10-03 10:58:37 - [TEST_STEP][PASSED] - setText(findTestObject("edit sosial media/input_Instagram_c"), insta): Text 'Johndue' is set on object 'Object Repository/edit sosial media/input_Instagram_c'

2023-10-03 10:58:38 - [MESSAGE][PASSED] - Text 'Johndue' is set on object 'Object Repository/edit sosial media/input_Instagram_c'

2023-10-03 10:58:38 - [TEST_STEP][PASSED] - click(findTestObject("edit sosial media/li_Profile")): Object: 'Object Repository/edit sosial media/li_Profile' is clicked on

2023-10-03 10:58:40 - [MESSAGE][PASSED] - Object: 'Object Repository/edit sosial media/li_Profile' is clicked on

2023-10-03 10:58:40 - [TEST_STEP][PASSED] - click(findTestObject("edit sosial media/a_Sosmed")): Object: 'Object Repository/edit sosial media/a_Sosmed' is clicked on

2023-10-03 10:58:42 - [MESSAGE][PASSED] - Object: 'Object Repository/edit sosial media/a_Sosmed' is clicked on

2023-10-03 10:58:42 - [TEST_STEP][PASSED] - instag = getText(findTestObject("Object Repository/hasil sosmed/hasil Instagram_c")): Text of object 'Object Repository/hasil sosmed/hasil Instagram_c' is: 'Runaya'

2023-10-03 10:58:42 - [MESSAGE][PASSED] - Text of object 'Object Repository/hasil sosmed/hasil Instagram_c' is: 'Runaya'

2023-10-03 10:58:42 - [TEST_STEP][FAILED] - assert insta == instag: Test Cases/M05 -Edit Sosial Media/TC-ESMS-005 FAILED.
Reason:
Assertion failed: 

assert insta == instag
       |     |  |
       |     |  Runaya
       |     false
       Johndue

	at TC-ESMS-005.run(TC-ESMS-005:38)
	at com.kms.katalon.core.main.ScriptEngine.run(ScriptEngine.java:194)
	at com.kms.katalon.core.main.ScriptEngine.runScriptAsRawText(ScriptEngine.java:119)
	at com.kms.katalon.core.main.TestCaseExecutor.runScript(TestCaseExecutor.java:448)
	at com.kms.katalon.core.main.TestCaseExecutor.doExecute(TestCaseExecutor.java:439)
	at com.kms.katalon.core.main.TestCaseExecutor.processExecutionPhase(TestCaseExecutor.java:418)
	at com.kms.katalon.core.main.TestCaseExecutor.accessMainPhase(TestCaseExecutor.java:410)
	at com.kms.katalon.core.main.TestCaseExecutor.execute(TestCaseExecutor.java:285)
	at com.kms.katalon.core.common.CommonExecutor.accessTestCaseMainPhase(CommonExecutor.java:65)
	at com.kms.katalon.core.main.TestSuiteExecutor.accessTestSuiteMainPhase(TestSuiteExecutor.java:148)
	at com.kms.katalon.core.main.TestSuiteExecutor.execute(TestSuiteExecutor.java:106)
	at com.kms.katalon.core.main.TestCaseMain.startTestSuite(TestCaseMain.java:187)
	at com.kms.katalon.core.main.TestCaseMain$startTestSuite$0.call(Unknown Source)
	at TempTestSuite1696305328923.run(TempTestSuite1696305328923.groovy:36)


2023-10-03 10:58:43 - [MESSAGE][FAILED] - Test Cases/M05 -Edit Sosial Media/TC-ESMS-005 FAILED.
Reason:
Assertion failed: 

assert insta == instag
       |     |  |
       |     |  Runaya
       |     false
       Johndue

	at TC-ESMS-005.run(TC-ESMS-005:38)
	at com.kms.katalon.core.main.ScriptEngine.run(ScriptEngine.java:194)
	at com.kms.katalon.core.main.ScriptEngine.runScriptAsRawText(ScriptEngine.java:119)
	at com.kms.katalon.core.main.TestCaseExecutor.runScript(TestCaseExecutor.java:448)
	at com.kms.katalon.core.main.TestCaseExecutor.doExecute(TestCaseExecutor.java:439)
	at com.kms.katalon.core.main.TestCaseExecutor.processExecutionPhase(TestCaseExecutor.java:418)
	at com.kms.katalon.core.main.TestCaseExecutor.accessMainPhase(TestCaseExecutor.java:410)
	at com.kms.katalon.core.main.TestCaseExecutor.execute(TestCaseExecutor.java:285)
	at com.kms.katalon.core.common.CommonExecutor.accessTestCaseMainPhase(CommonExecutor.java:65)
	at com.kms.katalon.core.main.TestSuiteExecutor.accessTestSuiteMainPhase(TestSuiteExecutor.java:148)
	at com.kms.katalon.core.main.TestSuiteExecutor.execute(TestSuiteExecutor.java:106)
	at com.kms.katalon.core.main.TestCaseMain.startTestSuite(TestCaseMain.java:187)
	at com.kms.katalon.core.main.TestCaseMain$startTestSuite$0.call(Unknown Source)
	at TempTestSuite1696305328923.run(TempTestSuite1696305328923.groovy:36)]]></system-out>
         <system-err><![CDATA[2023-10-03 10:58:13 - [TEST_CASE][FAILED] - Test Cases/M05 -Edit Sosial Media/TC-ESMS-005: Test Cases/M05 -Edit Sosial Media/TC-ESMS-005 FAILED.
Reason:
Assertion failed: 

assert insta == instag
       |     |  |
       |     |  Runaya
       |     false
       Johndue

	at TC-ESMS-005.run(TC-ESMS-005:38)
	at com.kms.katalon.core.main.ScriptEngine.run(ScriptEngine.java:194)
	at com.kms.katalon.core.main.ScriptEngine.runScriptAsRawText(ScriptEngine.java:119)
	at com.kms.katalon.core.main.TestCaseExecutor.runScript(TestCaseExecutor.java:448)
	at com.kms.katalon.core.main.TestCaseExecutor.doExecute(TestCaseExecutor.java:439)
	at com.kms.katalon.core.main.TestCaseExecutor.processExecutionPhase(TestCaseExecutor.java:418)
	at com.kms.katalon.core.main.TestCaseExecutor.accessMainPhase(TestCaseExecutor.java:410)
	at com.kms.katalon.core.main.TestCaseExecutor.execute(TestCaseExecutor.java:285)
	at com.kms.katalon.core.common.CommonExecutor.accessTestCaseMainPhase(CommonExecutor.java:65)
	at com.kms.katalon.core.main.TestSuiteExecutor.accessTestSuiteMainPhase(TestSuiteExecutor.java:148)
	at com.kms.katalon.core.main.TestSuiteExecutor.execute(TestSuiteExecutor.java:106)
	at com.kms.katalon.core.main.TestCaseMain.startTestSuite(TestCaseMain.java:187)
	at com.kms.katalon.core.main.TestCaseMain$startTestSuite$0.call(Unknown Source)
	at TempTestSuite1696305328923.run(TempTestSuite1696305328923.groovy:36)]]></system-err>
      </testcase>
      <testcase name="Test Cases/M05 -Edit Sosial Media/TC-ESMD-001" time="53.854" classname="Test Cases/M05 -Edit Sosial Media/TC-ESMD-001" status="FAILED">
         <failure type="FAILED" message="Test Cases/M05 -Edit Sosial Media/TC-ESMD-001 FAILED.
Reason:
Assertion failed: 

assert face.toString().trim().equalsIgnoreCase(facebook.trim())
       |    |          |      |                |        |
       -    -          -      false            &quot;&quot;       &quot;&quot;

	at TC-ESMD-001.run(TC-ESMD-001:60)
	at com.kms.katalon.core.main.ScriptEngine.run(ScriptEngine.java:194)
	at com.kms.katalon.core.main.ScriptEngine.runScriptAsRawText(ScriptEngine.java:119)
	at com.kms.katalon.core.main.TestCaseExecutor.runScript(TestCaseExecutor.java:448)
	at com.kms.katalon.core.main.TestCaseExecutor.doExecute(TestCaseExecutor.java:439)
	at com.kms.katalon.core.main.TestCaseExecutor.processExecutionPhase(TestCaseExecutor.java:418)
	at com.kms.katalon.core.main.TestCaseExecutor.accessMainPhase(TestCaseExecutor.java:410)
	at com.kms.katalon.core.main.TestCaseExecutor.execute(TestCaseExecutor.java:285)
	at com.kms.katalon.core.common.CommonExecutor.accessTestCaseMainPhase(CommonExecutor.java:65)
	at com.kms.katalon.core.main.TestSuiteExecutor.accessTestSuiteMainPhase(TestSuiteExecutor.java:148)
	at com.kms.katalon.core.main.TestSuiteExecutor.execute(TestSuiteExecutor.java:106)
	at com.kms.katalon.core.main.TestCaseMain.startTestSuite(TestCaseMain.java:187)
	at com.kms.katalon.core.main.TestCaseMain$startTestSuite$0.call(Unknown Source)
	at TempTestSuite1696305328923.run(TempTestSuite1696305328923.groovy:36)
"/>
         <system-out><![CDATA[2023-10-03 10:58:43 - [TEST_CASE][FAILED] - Test Cases/M05 -Edit Sosial Media/TC-ESMD-001: Test Cases/M05 -Edit Sosial Media/TC-ESMD-001 FAILED.
Reason:
Assertion failed: 

assert face.toString().trim().equalsIgnoreCase(facebook.trim())
       |    |          |      |                |        |
       -    -          -      false            ""       ""

	at TC-ESMD-001.run(TC-ESMD-001:60)
	at com.kms.katalon.core.main.ScriptEngine.run(ScriptEngine.java:194)
	at com.kms.katalon.core.main.ScriptEngine.runScriptAsRawText(ScriptEngine.java:119)
	at com.kms.katalon.core.main.TestCaseExecutor.runScript(TestCaseExecutor.java:448)
	at com.kms.katalon.core.main.TestCaseExecutor.doExecute(TestCaseExecutor.java:439)
	at com.kms.katalon.core.main.TestCaseExecutor.processExecutionPhase(TestCaseExecutor.java:418)
	at com.kms.katalon.core.main.TestCaseExecutor.accessMainPhase(TestCaseExecutor.java:410)
	at com.kms.katalon.core.main.TestCaseExecutor.execute(TestCaseExecutor.java:285)
	at com.kms.katalon.core.common.CommonExecutor.accessTestCaseMainPhase(CommonExecutor.java:65)
	at com.kms.katalon.core.main.TestSuiteExecutor.accessTestSuiteMainPhase(TestSuiteExecutor.java:148)
	at com.kms.katalon.core.main.TestSuiteExecutor.execute(TestSuiteExecutor.java:106)
	at com.kms.katalon.core.main.TestCaseMain.startTestSuite(TestCaseMain.java:187)
	at com.kms.katalon.core.main.TestCaseMain$startTestSuite$0.call(Unknown Source)
	at TempTestSuite1696305328923.run(TempTestSuite1696305328923.groovy:36)


2023-10-03 10:58:45 - [TEST_STEP][PASSED] - callTestCase(findTestCase("M05 -Edit Sosial Media/TC-ESMS-001"), ["Facebook":"Runarun", "Twitter":"Runaya71", "Instagram":"Runarun", "Whatsapp":"+6281122223333", "Telegram":"@Runaya71", "Youtube":"Runarun", ... ], STOP_ON_FAILURE): Call Test Case 'Test Cases/M05 -Edit Sosial Media/TC-ESMS-001' successfully

2023-10-03 10:58:45 - [TEST_CASE][PASSED] - Test Cases/M05 -Edit Sosial Media/TC-ESMS-001: Test Cases/M05 -Edit Sosial Media/TC-ESMS-001

2023-10-03 10:58:45 - [TEST_STEP][PASSED] - callTestCase(findTestCase("M05 -Edit Sosial Media/TC-LS-001"), [:], STOP_ON_FAILURE): Call Test Case 'Test Cases/M05 -Edit Sosial Media/TC-LS-001' successfully

2023-10-03 10:58:45 - [TEST_CASE][PASSED] - Test Cases/M05 -Edit Sosial Media/TC-LS-001: Test Cases/M05 -Edit Sosial Media/TC-LS-001

2023-10-03 10:58:45 - [TEST_STEP][PASSED] - openBrowser(urlWeb): Browser is opened with url: 'https://10.9.2.63/ecommerce/'

2023-10-03 10:58:45 - [MESSAGE][WARNING] - A browser is already opened. Closing browser and opening a new one

2023-10-03 10:58:47 - [MESSAGE][INFO] - Starting 'Firefox' driver

2023-10-03 10:58:47 - [MESSAGE][INFO] - Action delay is set to 0 milliseconds

2023-10-03 10:58:56 - [MESSAGE][PASSED] - Browser is opened with url: 'https://10.9.2.63/ecommerce/'

2023-10-03 10:58:56 - [TEST_STEP][PASSED] - maximizeWindow(): Current window maximized

2023-10-03 10:58:56 - [MESSAGE][PASSED] - Current window maximized

2023-10-03 10:58:56 - [TEST_STEP][PASSED] - click(findTestObject("Login/a_Login")): Object: 'Object Repository/Login/a_Login' is clicked on

2023-10-03 10:58:57 - [MESSAGE][PASSED] - Object: 'Object Repository/Login/a_Login' is clicked on

2023-10-03 10:58:57 - [TEST_STEP][PASSED] - setText(findTestObject("Login/input_Username, Email atau No. Handphone_a"), "runa36"): Text 'runa36' is set on object 'Object Repository/Login/input_Username, Email atau No. Handphone_a'

2023-10-03 10:58:58 - [MESSAGE][PASSED] - Text 'runa36' is set on object 'Object Repository/Login/input_Username, Email atau No. Handphone_a'

2023-10-03 10:58:58 - [TEST_STEP][PASSED] - setEncryptedText(findTestObject("Login/input_Password di Login(Masuk)"), "qbkrdMwyWE4="): Text ****** has been set on object 'Object Repository/Login/input_Password di Login(Masuk)'

2023-10-03 10:58:58 - [MESSAGE][PASSED] - Text ****** has been set on object 'Object Repository/Login/input_Password di Login(Masuk)'

2023-10-03 10:58:58 - [TEST_STEP][PASSED] - click(findTestObject("Login/button_Masuk di halaman login")): Object: 'Object Repository/Login/button_Masuk di halaman login' is clicked on

2023-10-03 10:59:00 - [MESSAGE][PASSED] - Object: 'Object Repository/Login/button_Masuk di halaman login' is clicked on

2023-10-03 10:59:00 - [TEST_STEP][PASSED] - verifyElementPresent(findTestObject("edit sosial media/verifikasi masuk halaman biodata diri"), 0): Object 'Object Repository/edit sosial media/verifikasi masuk halaman biodata diri' is present

2023-10-03 10:59:00 - [MESSAGE][WARNING] - Timeout '0' is invalid. Using default page load timeout: '30'

2023-10-03 10:59:01 - [MESSAGE][PASSED] - Object 'Object Repository/edit sosial media/verifikasi masuk halaman biodata diri' is present

2023-10-03 10:59:01 - [MESSAGE][PASSED] - Call Test Case 'Test Cases/M05 -Edit Sosial Media/TC-LS-001' successfully

2023-10-03 10:59:01 - [TEST_STEP][PASSED] - verifyElementPresent(findTestObject("edit sosial media/verifikasi masuk halaman biodata diri"), 0): Object 'Object Repository/edit sosial media/verifikasi masuk halaman biodata diri' is present

2023-10-03 10:59:01 - [MESSAGE][WARNING] - Timeout '0' is invalid. Using default page load timeout: '30'

2023-10-03 10:59:01 - [MESSAGE][PASSED] - Object 'Object Repository/edit sosial media/verifikasi masuk halaman biodata diri' is present

2023-10-03 10:59:01 - [TEST_STEP][PASSED] - click(findTestObject("edit sosial media/a_Sosmed")): Object: 'Object Repository/edit sosial media/a_Sosmed' is clicked on

2023-10-03 10:59:03 - [MESSAGE][PASSED] - Object: 'Object Repository/edit sosial media/a_Sosmed' is clicked on

2023-10-03 10:59:03 - [TEST_STEP][PASSED] - click(findTestObject("edit sosial media/Edit Sosial Media")): Object: 'Object Repository/edit sosial media/Edit Sosial Media' is clicked on

2023-10-03 10:59:04 - [MESSAGE][PASSED] - Object: 'Object Repository/edit sosial media/Edit Sosial Media' is clicked on

2023-10-03 10:59:04 - [TEST_STEP][PASSED] - clearText(findTestObject("edit sosial media/input_Facebook_a")): Text of object 'Object Repository/edit sosial media/input_Facebook_a' is cleared

2023-10-03 10:59:05 - [MESSAGE][PASSED] - Text of object 'Object Repository/edit sosial media/input_Facebook_a' is cleared

2023-10-03 10:59:05 - [TEST_STEP][PASSED] - setText(findTestObject("edit sosial media/input_Facebook_a"), Facebook): Text 'Runarun' is set on object 'Object Repository/edit sosial media/input_Facebook_a'

2023-10-03 10:59:06 - [MESSAGE][PASSED] - Text 'Runarun' is set on object 'Object Repository/edit sosial media/input_Facebook_a'

2023-10-03 10:59:06 - [TEST_STEP][PASSED] - clearText(findTestObject("edit sosial media/input_Twitter_b")): Text of object 'Object Repository/edit sosial media/input_Twitter_b' is cleared

2023-10-03 10:59:07 - [MESSAGE][PASSED] - Text of object 'Object Repository/edit sosial media/input_Twitter_b' is cleared

2023-10-03 10:59:07 - [TEST_STEP][PASSED] - setText(findTestObject("edit sosial media/input_Twitter_b"), Twitter): Text 'Runaya71' is set on object 'Object Repository/edit sosial media/input_Twitter_b'

2023-10-03 10:59:07 - [MESSAGE][PASSED] - Text 'Runaya71' is set on object 'Object Repository/edit sosial media/input_Twitter_b'

2023-10-03 10:59:07 - [TEST_STEP][PASSED] - clearText(findTestObject("edit sosial media/input_Instagram_c")): Text of object 'Object Repository/edit sosial media/input_Instagram_c' is cleared

2023-10-03 10:59:08 - [MESSAGE][PASSED] - Text of object 'Object Repository/edit sosial media/input_Instagram_c' is cleared

2023-10-03 10:59:08 - [TEST_STEP][PASSED] - setText(findTestObject("edit sosial media/input_Instagram_c"), Instagram): Text 'Runarun' is set on object 'Object Repository/edit sosial media/input_Instagram_c'

2023-10-03 10:59:09 - [MESSAGE][PASSED] - Text 'Runarun' is set on object 'Object Repository/edit sosial media/input_Instagram_c'

2023-10-03 10:59:09 - [TEST_STEP][PASSED] - clearText(findTestObject("edit sosial media/input_Whatsapp_d")): Text of object 'Object Repository/edit sosial media/input_Whatsapp_d' is cleared

2023-10-03 10:59:10 - [MESSAGE][PASSED] - Text of object 'Object Repository/edit sosial media/input_Whatsapp_d' is cleared

2023-10-03 10:59:10 - [TEST_STEP][PASSED] - setText(findTestObject("edit sosial media/input_Whatsapp_d"), Whatsapp): Text '+6281122223333' is set on object 'Object Repository/edit sosial media/input_Whatsapp_d'

2023-10-03 10:59:11 - [MESSAGE][PASSED] - Text '+6281122223333' is set on object 'Object Repository/edit sosial media/input_Whatsapp_d'

2023-10-03 10:59:11 - [TEST_STEP][PASSED] - clearText(findTestObject("edit sosial media/input_Telegram_e")): Text of object 'Object Repository/edit sosial media/input_Telegram_e' is cleared

2023-10-03 10:59:11 - [MESSAGE][PASSED] - Text of object 'Object Repository/edit sosial media/input_Telegram_e' is cleared

2023-10-03 10:59:11 - [TEST_STEP][PASSED] - setText(findTestObject("edit sosial media/input_Telegram_e"), Telegram): Text '@Runaya71' is set on object 'Object Repository/edit sosial media/input_Telegram_e'

2023-10-03 10:59:12 - [MESSAGE][PASSED] - Text '@Runaya71' is set on object 'Object Repository/edit sosial media/input_Telegram_e'

2023-10-03 10:59:12 - [TEST_STEP][PASSED] - clearText(findTestObject("edit sosial media/input_Youtube_f")): Text of object 'Object Repository/edit sosial media/input_Youtube_f' is cleared

2023-10-03 10:59:13 - [MESSAGE][PASSED] - Text of object 'Object Repository/edit sosial media/input_Youtube_f' is cleared

2023-10-03 10:59:13 - [TEST_STEP][PASSED] - setText(findTestObject("edit sosial media/input_Youtube_f"), Youtube): Text 'Runarun' is set on object 'Object Repository/edit sosial media/input_Youtube_f'

2023-10-03 10:59:13 - [MESSAGE][PASSED] - Text 'Runarun' is set on object 'Object Repository/edit sosial media/input_Youtube_f'

2023-10-03 10:59:13 - [TEST_STEP][PASSED] - clearText(findTestObject("edit sosial media/input_LinkedIn_g")): Text of object 'Object Repository/edit sosial media/input_LinkedIn_g' is cleared

2023-10-03 10:59:14 - [MESSAGE][PASSED] - Text of object 'Object Repository/edit sosial media/input_LinkedIn_g' is cleared

2023-10-03 10:59:14 - [TEST_STEP][PASSED] - setText(findTestObject("edit sosial media/input_LinkedIn_g"), LinkedIn): Text 'RunaOkta' is set on object 'Object Repository/edit sosial media/input_LinkedIn_g'

2023-10-03 10:59:15 - [MESSAGE][PASSED] - Text 'RunaOkta' is set on object 'Object Repository/edit sosial media/input_LinkedIn_g'

2023-10-03 10:59:15 - [TEST_STEP][PASSED] - clearText(findTestObject("edit sosial media/input_Google_h")): Text of object 'Object Repository/edit sosial media/input_Google_h' is cleared

2023-10-03 10:59:16 - [MESSAGE][PASSED] - Text of object 'Object Repository/edit sosial media/input_Google_h' is cleared

2023-10-03 10:59:16 - [TEST_STEP][PASSED] - setText(findTestObject("edit sosial media/input_Google_h"), Google): Text '+Runaya' is set on object 'Object Repository/edit sosial media/input_Google_h'

2023-10-03 10:59:17 - [MESSAGE][PASSED] - Text '+Runaya' is set on object 'Object Repository/edit sosial media/input_Google_h'

2023-10-03 10:59:17 - [TEST_STEP][PASSED] - click(findTestObject("edit sosial media/center_Simpan Sosial Media")): Object: 'Object Repository/edit sosial media/center_Simpan Sosial Media' is clicked on

2023-10-03 10:59:19 - [MESSAGE][PASSED] - Object: 'Object Repository/edit sosial media/center_Simpan Sosial Media' is clicked on

2023-10-03 10:59:19 - [TEST_STEP][PASSED] - face = getText(findTestObject("hasil sosmed/hasil facebook_a")): Text of object 'Object Repository/hasil sosmed/hasil facebook_a' is: 'Runarun'

2023-10-03 10:59:19 - [MESSAGE][PASSED] - Text of object 'Object Repository/hasil sosmed/hasil facebook_a' is: 'Runarun'

2023-10-03 10:59:19 - [TEST_STEP][PASSED] - Twit = getText(findTestObject("hasil sosmed/hasil twitter_b")): Text of object 'Object Repository/hasil sosmed/hasil twitter_b' is: 'Runaya71'

2023-10-03 10:59:20 - [MESSAGE][PASSED] - Text of object 'Object Repository/hasil sosmed/hasil twitter_b' is: 'Runaya71'

2023-10-03 10:59:20 - [TEST_STEP][PASSED] - insta = getText(findTestObject("hasil sosmed/hasil Instagram_c")): Text of object 'Object Repository/hasil sosmed/hasil Instagram_c' is: 'Runarun'

2023-10-03 10:59:21 - [MESSAGE][PASSED] - Text of object 'Object Repository/hasil sosmed/hasil Instagram_c' is: 'Runarun'

2023-10-03 10:59:21 - [TEST_STEP][PASSED] - wa = getText(findTestObject("hasil sosmed/hasil whatsapp d")): Text of object 'Object Repository/hasil sosmed/hasil whatsapp d' is: '+6281122223333'

2023-10-03 10:59:21 - [MESSAGE][PASSED] - Text of object 'Object Repository/hasil sosmed/hasil whatsapp d' is: '+6281122223333'

2023-10-03 10:59:21 - [TEST_STEP][PASSED] - tele = getText(findTestObject("hasil sosmed/hasil Telegram e")): Text of object 'Object Repository/hasil sosmed/hasil Telegram e' is: '@Runaya71'

2023-10-03 10:59:22 - [MESSAGE][PASSED] - Text of object 'Object Repository/hasil sosmed/hasil Telegram e' is: '@Runaya71'

2023-10-03 10:59:22 - [TEST_STEP][PASSED] - yout = getText(findTestObject("hasil sosmed/hasil youtube f")): Text of object 'Object Repository/hasil sosmed/hasil youtube f' is: 'Runarun'

2023-10-03 10:59:22 - [MESSAGE][PASSED] - Text of object 'Object Repository/hasil sosmed/hasil youtube f' is: 'Runarun'

2023-10-03 10:59:22 - [TEST_STEP][PASSED] - lin = getText(findTestObject("hasil sosmed/hasil linkedin g")): Text of object 'Object Repository/hasil sosmed/hasil linkedin g' is: 'RunaOkta'

2023-10-03 10:59:23 - [MESSAGE][PASSED] - Text of object 'Object Repository/hasil sosmed/hasil linkedin g' is: 'RunaOkta'

2023-10-03 10:59:23 - [TEST_STEP][PASSED] - goo = getText(findTestObject("hasil sosmed/hasil google h")): Text of object 'Object Repository/hasil sosmed/hasil google h' is: '+Runaya'

2023-10-03 10:59:23 - [MESSAGE][PASSED] - Text of object 'Object Repository/hasil sosmed/hasil google h' is: '+Runaya'

2023-10-03 10:59:23 - [TEST_STEP][PASSED] - assert trim().equalsIgnoreCase(Facebook.trim()): null

2023-10-03 10:59:23 - [TEST_STEP][PASSED] - assert trim().equalsIgnoreCase(Twitter.trim()): null

2023-10-03 10:59:23 - [TEST_STEP][PASSED] - assert trim().equalsIgnoreCase(Instagram.trim()): null

2023-10-03 10:59:23 - [TEST_STEP][PASSED] - assert trim().equalsIgnoreCase(Whatsapp.trim()): null

2023-10-03 10:59:23 - [TEST_STEP][PASSED] - assert trim().equalsIgnoreCase(Telegram.trim()): null

2023-10-03 10:59:23 - [TEST_STEP][PASSED] - assert trim().equalsIgnoreCase(Youtube.trim()): null

2023-10-03 10:59:23 - [TEST_STEP][PASSED] - assert trim().equalsIgnoreCase(LinkedIn.trim()): null

2023-10-03 10:59:23 - [TEST_STEP][PASSED] - assert trim().equalsIgnoreCase(Google.trim()): null

2023-10-03 10:59:23 - [MESSAGE][PASSED] - Call Test Case 'Test Cases/M05 -Edit Sosial Media/TC-ESMS-001' successfully

2023-10-03 10:59:23 - [TEST_STEP][PASSED] - click(findTestObject("edit sosial media/Edit Sosial Media")): Object: 'Object Repository/edit sosial media/Edit Sosial Media' is clicked on

2023-10-03 10:59:25 - [MESSAGE][PASSED] - Object: 'Object Repository/edit sosial media/Edit Sosial Media' is clicked on

2023-10-03 10:59:25 - [TEST_STEP][PASSED] - clearText(findTestObject("edit sosial media/input_Facebook_a")): Text of object 'Object Repository/edit sosial media/input_Facebook_a' is cleared

2023-10-03 10:59:26 - [MESSAGE][PASSED] - Text of object 'Object Repository/edit sosial media/input_Facebook_a' is cleared

2023-10-03 10:59:26 - [TEST_STEP][PASSED] - clearText(findTestObject("edit sosial media/input_Twitter_b")): Text of object 'Object Repository/edit sosial media/input_Twitter_b' is cleared

2023-10-03 10:59:26 - [MESSAGE][PASSED] - Text of object 'Object Repository/edit sosial media/input_Twitter_b' is cleared

2023-10-03 10:59:26 - [TEST_STEP][PASSED] - clearText(findTestObject("edit sosial media/input_Instagram_c")): Text of object 'Object Repository/edit sosial media/input_Instagram_c' is cleared

2023-10-03 10:59:27 - [MESSAGE][PASSED] - Text of object 'Object Repository/edit sosial media/input_Instagram_c' is cleared

2023-10-03 10:59:27 - [TEST_STEP][PASSED] - clearText(findTestObject("edit sosial media/input_Whatsapp_d")): Text of object 'Object Repository/edit sosial media/input_Whatsapp_d' is cleared

2023-10-03 10:59:27 - [MESSAGE][PASSED] - Text of object 'Object Repository/edit sosial media/input_Whatsapp_d' is cleared

2023-10-03 10:59:27 - [TEST_STEP][PASSED] - clearText(findTestObject("edit sosial media/input_Telegram_e")): Text of object 'Object Repository/edit sosial media/input_Telegram_e' is cleared

2023-10-03 10:59:28 - [MESSAGE][PASSED] - Text of object 'Object Repository/edit sosial media/input_Telegram_e' is cleared

2023-10-03 10:59:28 - [TEST_STEP][PASSED] - clearText(findTestObject("edit sosial media/input_Youtube_f")): Text of object 'Object Repository/edit sosial media/input_Youtube_f' is cleared

2023-10-03 10:59:28 - [MESSAGE][PASSED] - Text of object 'Object Repository/edit sosial media/input_Youtube_f' is cleared

2023-10-03 10:59:28 - [TEST_STEP][PASSED] - clearText(findTestObject("edit sosial media/input_LinkedIn_g")): Text of object 'Object Repository/edit sosial media/input_LinkedIn_g' is cleared

2023-10-03 10:59:29 - [MESSAGE][PASSED] - Text of object 'Object Repository/edit sosial media/input_LinkedIn_g' is cleared

2023-10-03 10:59:29 - [TEST_STEP][PASSED] - clearText(findTestObject("edit sosial media/input_Google_h")): Text of object 'Object Repository/edit sosial media/input_Google_h' is cleared

2023-10-03 10:59:29 - [MESSAGE][PASSED] - Text of object 'Object Repository/edit sosial media/input_Google_h' is cleared

2023-10-03 10:59:29 - [TEST_STEP][PASSED] - click(findTestObject("edit sosial media/center_Simpan Sosial Media")): Object: 'Object Repository/edit sosial media/center_Simpan Sosial Media' is clicked on

2023-10-03 10:59:31 - [MESSAGE][PASSED] - Object: 'Object Repository/edit sosial media/center_Simpan Sosial Media' is clicked on

2023-10-03 10:59:31 - [TEST_STEP][PASSED] - face = getText(findTestObject("Object Repository/hasil sosmed/hasil facebook_a")): Text of object 'Object Repository/hasil sosmed/hasil facebook_a' is: '-'

2023-10-03 10:59:32 - [MESSAGE][PASSED] - Text of object 'Object Repository/hasil sosmed/hasil facebook_a' is: '-'

2023-10-03 10:59:32 - [TEST_STEP][PASSED] - twit = getText(findTestObject("hasil sosmed/hasil twitter_b")): Text of object 'Object Repository/hasil sosmed/hasil twitter_b' is: '-'

2023-10-03 10:59:33 - [MESSAGE][PASSED] - Text of object 'Object Repository/hasil sosmed/hasil twitter_b' is: '-'

2023-10-03 10:59:33 - [TEST_STEP][PASSED] - insta = getText(findTestObject("hasil sosmed/hasil Instagram_c")): Text of object 'Object Repository/hasil sosmed/hasil Instagram_c' is: '-'

2023-10-03 10:59:33 - [MESSAGE][PASSED] - Text of object 'Object Repository/hasil sosmed/hasil Instagram_c' is: '-'

2023-10-03 10:59:33 - [TEST_STEP][PASSED] - wa = getText(findTestObject("hasil sosmed/hasil whatsapp d")): Text of object 'Object Repository/hasil sosmed/hasil whatsapp d' is: '-'

2023-10-03 10:59:34 - [MESSAGE][PASSED] - Text of object 'Object Repository/hasil sosmed/hasil whatsapp d' is: '-'

2023-10-03 10:59:34 - [TEST_STEP][PASSED] - tele = getText(findTestObject("hasil sosmed/hasil Telegram e")): Text of object 'Object Repository/hasil sosmed/hasil Telegram e' is: '-'

2023-10-03 10:59:34 - [MESSAGE][PASSED] - Text of object 'Object Repository/hasil sosmed/hasil Telegram e' is: '-'

2023-10-03 10:59:34 - [TEST_STEP][PASSED] - yout = getText(findTestObject("hasil sosmed/hasil youtube f")): Text of object 'Object Repository/hasil sosmed/hasil youtube f' is: '-'

2023-10-03 10:59:35 - [MESSAGE][PASSED] - Text of object 'Object Repository/hasil sosmed/hasil youtube f' is: '-'

2023-10-03 10:59:35 - [TEST_STEP][PASSED] - lin = getText(findTestObject("hasil sosmed/hasil linkedin g")): Text of object 'Object Repository/hasil sosmed/hasil linkedin g' is: '-'

2023-10-03 10:59:36 - [MESSAGE][PASSED] - Text of object 'Object Repository/hasil sosmed/hasil linkedin g' is: '-'

2023-10-03 10:59:36 - [TEST_STEP][PASSED] - goo = getText(findTestObject("hasil sosmed/hasil google h")): Text of object 'Object Repository/hasil sosmed/hasil google h' is: '-'

2023-10-03 10:59:36 - [MESSAGE][PASSED] - Text of object 'Object Repository/hasil sosmed/hasil google h' is: '-'

2023-10-03 10:59:36 - [TEST_STEP][FAILED] - assert trim().equalsIgnoreCase(facebook.trim()): Test Cases/M05 -Edit Sosial Media/TC-ESMD-001 FAILED.
Reason:
Assertion failed: 

assert face.toString().trim().equalsIgnoreCase(facebook.trim())
       |    |          |      |                |        |
       -    -          -      false            ""       ""

[...]
	at com.kms.katalon.core.main.TestCaseExecutor.processExecutionPhase(TestCaseExecutor.java:418)
	at com.kms.katalon.core.main.TestCaseExecutor.accessMainPhase(TestCaseExecutor.java:410)
	at com.kms.katalon.core.main.TestCaseExecutor.execute(TestCaseExecutor.java:285)
	at com.kms.katalon.core.common.CommonExecutor.accessTestCaseMainPhase(CommonExecutor.java:65)
	at com.kms.katalon.core.main.TestSuiteExecutor.accessTestSuiteMainPhase(TestSuiteExecutor.java:148)
	at com.kms.katalon.core.main.TestSuiteExecutor.execute(TestSuiteExecutor.java:106)
	at com.kms.katalon.core.main.TestCaseMain.startTestSuite(TestCaseMain.java:187)
	at com.kms.katalon.core.main.TestCaseMain$startTestSuite$0.call(Unknown Source)
	at TempTestSuite1696305328923.run(TempTestSuite1696305328923.groovy:36)
Caused by: com.kms.katalon.core.exception.StepFailedException: Text 'plese input an valid username' is not present on page 
	at com.kms.katalon.core.webui.keyword.internal.WebUIKeywordMain.stepFailed(WebUIKeywordMain.groovy:64)
	at com.kms.katalon.core.webui.keyword.builtin.VerifyTextPresentKeyword$_verifyTextPresent_closure1.doCall(VerifyTextPresentKeyword.groovy:79)
	at com.kms.katalon.core.webui.keyword.builtin.VerifyTextPresentKeyword$_verifyTextPresent_closure1.call(VerifyTextPresentKeyword.groovy)
	at com.kms.katalon.core.webui.keyword.internal.WebUIKeywordMain.runKeyword(WebUIKeywordMain.groovy:20)
	... 19 more


2023-10-03 11:04:02 - [TEST_STEP][PASSED] - callTestCase(findTestCase("M05 -Edit Sosial Media/TC-LS-001"), [:], STOP_ON_FAILURE): Call Test Case 'Test Cases/M05 -Edit Sosial Media/TC-LS-001' successfully

2023-10-03 11:04:02 - [TEST_CASE][PASSED] - Test Cases/M05 -Edit Sosial Media/TC-LS-001: Test Cases/M05 -Edit Sosial Media/TC-LS-001

2023-10-03 11:04:02 - [TEST_STEP][PASSED] - openBrowser(urlWeb): Browser is opened with url: 'https://10.9.2.63/ecommerce/'

2023-10-03 11:04:02 - [MESSAGE][WARNING] - A browser is already opened. Closing browser and opening a new one

2023-10-03 11:04:04 - [MESSAGE][INFO] - Starting 'Firefox' driver

2023-10-03 11:04:04 - [MESSAGE][INFO] - Action delay is set to 0 milliseconds

2023-10-03 11:04:13 - [MESSAGE][PASSED] - Browser is opened with url: 'https://10.9.2.63/ecommerce/'

2023-10-03 11:04:13 - [TEST_STEP][PASSED] - maximizeWindow(): Current window maximized

2023-10-03 11:04:13 - [MESSAGE][PASSED] - Current window maximized

2023-10-03 11:04:13 - [TEST_STEP][PASSED] - click(findTestObject("Login/a_Login")): Object: 'Object Repository/Login/a_Login' is clicked on

2023-10-03 11:04:14 - [MESSAGE][PASSED] - Object: 'Object Repository/Login/a_Login' is clicked on

2023-10-03 11:04:14 - [TEST_STEP][PASSED] - setText(findTestObject("Login/input_Username, Email atau No. Handphone_a"), "runa36"): Text 'runa36' is set on object 'Object Repository/Login/input_Username, Email atau No. Handphone_a'

2023-10-03 11:04:15 - [MESSAGE][PASSED] - Text 'runa36' is set on object 'Object Repository/Login/input_Username, Email atau No. Handphone_a'

2023-10-03 11:04:15 - [TEST_STEP][PASSED] - setEncryptedText(findTestObject("Login/input_Password di Login(Masuk)"), "qbkrdMwyWE4="): Text ****** has been set on object 'Object Repository/Login/input_Password di Login(Masuk)'

2023-10-03 11:04:16 - [MESSAGE][PASSED] - Text ****** has been set on object 'Object Repository/Login/input_Password di Login(Masuk)'

2023-10-03 11:04:16 - [TEST_STEP][PASSED] - click(findTestObject("Login/button_Masuk di halaman login")): Object: 'Object Repository/Login/button_Masuk di halaman login' is clicked on

2023-10-03 11:04:17 - [MESSAGE][PASSED] - Object: 'Object Repository/Login/button_Masuk di halaman login' is clicked on

2023-10-03 11:04:17 - [TEST_STEP][PASSED] - verifyElementPresent(findTestObject("edit sosial media/verifikasi masuk halaman biodata diri"), 0): Object 'Object Repository/edit sosial media/verifikasi masuk halaman biodata diri' is present

2023-10-03 11:04:18 - [MESSAGE][WARNING] - Timeout '0' is invalid. Using default page load timeout: '30'

2023-10-03 11:04:18 - [MESSAGE][PASSED] - Object 'Object Repository/edit sosial media/verifikasi masuk halaman biodata diri' is present

2023-10-03 11:04:18 - [MESSAGE][PASSED] - Call Test Case 'Test Cases/M05 -Edit Sosial Media/TC-LS-001' successfully

2023-10-03 11:04:18 - [TEST_STEP][PASSED] - click(findTestObject("edit sosial media/a_Sosmed")): Object: 'Object Repository/edit sosial media/a_Sosmed' is clicked on

2023-10-03 11:04:20 - [MESSAGE][PASSED] - Object: 'Object Repository/edit sosial media/a_Sosmed' is clicked on

2023-10-03 11:04:20 - [TEST_STEP][PASSED] - click(findTestObject("edit sosial media/Edit Sosial Media")): Object: 'Object Repository/edit sosial media/Edit Sosial Media' is clicked on

2023-10-03 11:04:21 - [MESSAGE][PASSED] - Object: 'Object Repository/edit sosial media/Edit Sosial Media' is clicked on

2023-10-03 11:04:21 - [TEST_STEP][PASSED] - clearText(findTestObject("edit sosial media/input_LinkedIn_g")): Text of object 'Object Repository/edit sosial media/input_LinkedIn_g' is cleared

2023-10-03 11:04:22 - [MESSAGE][PASSED] - Text of object 'Object Repository/edit sosial media/input_LinkedIn_g' is cleared

2023-10-03 11:04:22 - [TEST_STEP][PASSED] - setText(findTestObject("edit sosial media/input_LinkedIn_g"), linkedin): Text '%$#' is set on object 'Object Repository/edit sosial media/input_LinkedIn_g'

2023-10-03 11:04:23 - [MESSAGE][PASSED] - Text '%$#' is set on object 'Object Repository/edit sosial media/input_LinkedIn_g'

2023-10-03 11:04:23 - [TEST_STEP][PASSED] - click(findTestObject("edit sosial media/center_Simpan Sosial Media")): Object: 'Object Repository/edit sosial media/center_Simpan Sosial Media' is clicked on

2023-10-03 11:04:25 - [MESSAGE][PASSED] - Object: 'Object Repository/edit sosial media/center_Simpan Sosial Media' is clicked on

2023-10-03 11:04:25 - [TEST_STEP][FAILED] - verifyTextPresent("plese input an valid username", false): Unable to verify text 'plese input an valid username' is present  (Root cause: com.kms.katalon.core.exception.StepFailedException: Unable to verify text 'plese input an valid username' is present 
	at com.kms.katalon.core.webui.keyword.internal.WebUIKeywordMain.stepFailed(WebUIKeywordMain.groovy:64)
	at com.kms.katalon.core.webui.keyword.internal.WebUIKeywordMain.runKeyword(WebUIKeywordMain.groovy:26)
	at com.kms.katalon.core.webui.keyword.builtin.VerifyTextPresentKeyword.verifyTextPresent(VerifyTextPresentKeyword.groovy:83)
	at com.kms.katalon.core.webui.keyword.builtin.VerifyTextPresentKeyword.execute(VerifyTextPresentKeyword.groovy:68)
	at com.kms.katalon.core.keyword.internal.KeywordExecutor.executeKeywordForPlatform(KeywordExecutor.groovy:74)
	at com.kms.katalon.core.webui.keyword.WebUiBuiltInKeywords.verifyTextPresent(WebUiBuiltInKeywords.groovy:1723)
	at com.kms.katalon.core.webui.keyword.WebUiBuiltInKeywords$verifyTextPresent$8.call(Unknown Source)
	at TC-ESMF-011.run(TC-ESMF-011:32)
	at com.kms.katalon.core.main.ScriptEngine.run(ScriptEngine.java:194)
	at com.kms.katalon.core.main.ScriptEngine.runScriptAsRawText(ScriptEngine.java:119)
	at com.kms.katalon.core.main.TestCaseExecutor.runScript(TestCaseExecutor.java:448)
	at com.kms.katalon.core.main.TestCaseExecutor.doExecute(TestCaseExecutor.java:439)
	at com.kms.katalon.core.main.TestCaseExecutor.processExecutionPhase(TestCaseExecutor.java:418)
	at com.kms.katalon.core.main.TestCaseExecutor.accessMainPhase(TestCaseExecutor.java:410)
	at com.kms.katalon.core.main.TestCaseExecutor.execute(TestCaseExecutor.java:285)
	at com.kms.katalon.core.common.CommonExecutor.accessTestCaseMainPhase(CommonExecutor.java:65)
	at com.kms.katalon.core.main.TestSuiteExecutor.accessTestSuiteMainPhase(TestSuiteExecutor.java:148)
	at com.kms.katalon.core.main.TestSuiteExecutor.execute(TestSuiteExecutor.java:106)
	at com.kms.katalon.core.main.TestCaseMain.startTestSuite(TestCaseMain.java:187)
	at com.kms.katalon.core.main.TestCaseMain$startTestSuite$0.call(Unknown Source)
	at TempTestSuite1696305328923.run(TempTestSuite1696305328923.groovy:36)
Caused by: com.kms.katalon.core.exception.StepFailedException: Text 'plese input an valid username' is not present on page 
	at com.kms.katalon.core.webui.keyword.internal.WebUIKeywordMain.stepFailed(WebUIKeywordMain.groovy:64)
	at com.kms.katalon.core.webui.keyword.builtin.VerifyTextPresentKeyword$_verifyTextPresent_closure1.doCall(VerifyTextPresentKeyword.groovy:79)
	at com.kms.katalon.core.webui.keyword.builtin.VerifyTextPresentKeyword$_verifyTextPresent_closure1.call(VerifyTextPresentKeyword.groovy)
	at com.kms.katalon.core.webui.keyword.internal.WebUIKeywordMain.runKeyword(WebUIKeywordMain.groovy:20)
	... 19 more
)

2023-10-03 11:04:26 - [MESSAGE][FAILED] - Text 'plese input an valid username' is not present on page  (Root cause: com.kms.katalon.core.exception.StepFailedException: Text 'plese input an valid username' is not present on page 
	at com.kms.katalon.core.webui.keyword.internal.WebUIKeywordMain.stepFailed(WebUIKeywordMain.groovy:64)
	at com.kms.katalon.core.webui.keyword.builtin.VerifyTextPresentKeyword$_verifyTextPresent_closure1.doCall(VerifyTextPresentKeyword.groovy:79)
	at com.kms.katalon.core.webui.keyword.builtin.VerifyTextPresentKeyword$_verifyTextPresent_closure1.call(VerifyTextPresentKeyword.groovy)
	at com.kms.katalon.core.webui.keyword.internal.WebUIKeywordMain.runKeyword(WebUIKeywordMain.groovy:20)
	at com.kms.katalon.core.webui.keyword.builtin.VerifyTextPresentKeyword.verifyTextPresent(VerifyTextPresentKeyword.groovy:83)
	at com.kms.katalon.core.webui.keyword.builtin.VerifyTextPresentKeyword.execute(VerifyTextPresentKeyword.groovy:68)
	at com.kms.katalon.core.keyword.internal.KeywordExecutor.executeKeywordForPlatform(KeywordExecutor.groovy:74)
	at com.kms.katalon.core.webui.keyword.WebUiBuiltInKeywords.verifyTextPresent(WebUiBuiltInKeywords.groovy:1723)
	at com.kms.katalon.core.webui.keyword.WebUiBuiltInKeywords$verifyTextPresent$8.call(Unknown Source)
	at TC-ESMF-011.run(TC-ESMF-011:32)
	at com.kms.katalon.core.main.ScriptEngine.run(ScriptEngine.java:194)
	at com.kms.katalon.core.main.ScriptEngine.runScriptAsRawText(ScriptEngine.java:119)
	at com.kms.katalon.core.main.TestCaseExecutor.runScript(TestCaseExecutor.java:448)
	at com.kms.katalon.core.main.TestCaseExecutor.doExecute(TestCaseExecutor.java:439)
	at com.kms.katalon.core.main.TestCaseExecutor.processExecutionPhase(TestCaseExecutor.java:418)
	at com.kms.katalon.core.main.TestCaseExecutor.accessMainPhase(TestCaseExecutor.java:410)
	at com.kms.katalon.core.main.TestCaseExecutor.execute(TestCaseExecutor.java:285)
	at com.kms.katalon.core.common.CommonExecutor.accessTestCaseMainPhase(CommonExecutor.java:65)
	at com.kms.katalon.core.main.TestSuiteExecutor.accessTestSuiteMainPhase(TestSuiteExecutor.java:148)
	at com.kms.katalon.core.main.TestSuiteExecutor.execute(TestSuiteExecutor.java:106)
	at com.kms.katalon.core.main.TestCaseMain.startTestSuite(TestCaseMain.java:187)
	at com.kms.katalon.core.main.TestCaseMain$startTestSuite$0.call(Unknown Source)
	at TempTestSuite1696305328923.run(TempTestSuite1696305328923.groovy:36)
)

2023-10-03 11:04:27 - [MESSAGE][FAILED] - Unable to verify text 'plese input an valid username' is present  (Root cause: com.kms.katalon.core.exception.StepFailedException: Unable to verify text 'plese input an valid username' is present 
	at com.kms.katalon.core.webui.keyword.internal.WebUIKeywordMain.stepFailed(WebUIKeywordMain.groovy:64)
	at com.kms.katalon.core.webui.keyword.internal.WebUIKeywordMain.runKeyword(WebUIKeywordMain.groovy:26)
	at com.kms.katalon.core.webui.keyword.builtin.VerifyTextPresentKeyword.verifyTextPresent(VerifyTextPresentKeyword.groovy:83)
	at com.kms.katalon.core.webui.keyword.builtin.VerifyTextPresentKeyword.execute(VerifyTextPresentKeyword.groovy:68)
	at com.kms.katalon.core.keyword.internal.KeywordExecutor.executeKeywordForPlatform(KeywordExecutor.groovy:74)
	at com.kms.katalon.core.webui.keyword.WebUiBuiltInKeywords.verifyTextPresent(WebUiBuiltInKeywords.groovy:1723)
	at com.kms.katalon.core.webui.keyword.WebUiBuiltInKeywords$verifyTextPresent$8.call(Unknown Source)
	at TC-ESMF-011.run(TC-ESMF-011:32)
	at com.kms.katalon.core.main.ScriptEngine.run(ScriptEngine.java:194)
	at com.kms.katalon.core.main.ScriptEngine.runScriptAsRawText(ScriptEngine.java:119)
	at com.kms.katalon.core.main.TestCaseExecutor.runScript(TestCaseExecutor.java:448)
	at com.kms.katalon.core.main.TestCaseExecutor.doExecute(TestCaseExecutor.java:439)
	at com.kms.katalon.core.main.TestCaseExecutor.processExecutionPhase(TestCaseExecutor.java:418)
	at com.kms.katalon.core.main.TestCaseExecutor.accessMainPhase(TestCaseExecutor.java:410)
	at com.kms.katalon.core.main.TestCaseExecutor.execute(TestCaseExecutor.java:285)
	at com.kms.katalon.core.common.CommonExecutor.accessTestCaseMainPhase(CommonExecutor.java:65)
	at com.kms.katalon.core.main.TestSuiteExecutor.accessTestSuiteMainPhase(TestSuiteExecutor.java:148)
	at com.kms.katalon.core.main.TestSuiteExecutor.execute(TestSuiteExecutor.java:106)
	at com.kms.katalon.core.main.TestCaseMain.startTestSuite(TestCaseMain.java:187)
	at com.kms.katalon.core.main.TestCaseMain$startTestSuite$0.call(Unknown Source)
	at TempTestSuite1696305328923.run(TempTestSuite1696305328923.groovy:36)
Caused by: com.kms.katalon.core.exception.StepFailedException: Text 'plese input an valid username' is not present on page 
	at com.kms.katalon.core.webui.keyword.internal.WebUIKeywordMain.stepFailed(WebUIKeywordMain.groovy:64)
	at com.kms.katalon.core.webui.keyword.builtin.VerifyTextPresentKeyword$_verifyTextPresent_closure1.doCall(VerifyTextPresentKeyword.groovy:79)
	at com.kms.katalon.core.webui.keyword.builtin.VerifyTextPresentKeyword$_verifyTextPresent_closure1.call(VerifyTextPresentKeyword.groovy)
	at com.kms.katalon.core.webui.keyword.internal.WebUIKeywordMain.runKeyword(WebUIKeywordMain.groovy:20)
	... 19 more
)
[[ATTACHMENT|F:\\bootcamp\\Miniproject\\Tajalapak\\Reports\\20231003_105528\\M05 - Edit Sosial Media\\20231003_105528\\1696305866677.png]]]]></system-out>
         <system-err><![CDATA[2023-10-03 11:04:01 - [TEST_CASE][FAILED] - Test Cases/M05 -Edit Sosial Media/TC-ESMF-011: Test Cases/M05 -Edit Sosial Media/TC-ESMF-011 FAILED.
Reason:
com.kms.katalon.core.exception.StepFailedException: Unable to verify text 'plese input an valid username' is present 
	at com.kms.katalon.core.webui.keyword.internal.WebUIKeywordMain.stepFailed(WebUIKeywordMain.groovy:64)
	at com.kms.katalon.core.webui.keyword.internal.WebUIKeywordMain.runKeyword(WebUIKeywordMain.groovy:26)
	at com.kms.katalon.core.webui.keyword.builtin.VerifyTextPresentKeyword.verifyTextPresent(VerifyTextPresentKeyword.groovy:83)
	at com.kms.katalon.core.webui.keyword.builtin.VerifyTextPresentKeyword.execute(VerifyTextPresentKeyword.groovy:68)
	at com.kms.katalon.core.keyword.internal.KeywordExecutor.executeKeywordForPlatform(KeywordExecutor.groovy:74)
	at com.kms.katalon.core.webui.keyword.WebUiBuiltInKeywords.verifyTextPresent(WebUiBuiltInKeywords.groovy:1723)
	at com.kms.katalon.core.webui.keyword.WebUiBuiltInKeywords$verifyTextPresent$8.call(Unknown Source)
	at TC-ESMF-011.run(TC-ESMF-011:32)
	at com.kms.katalon.core.main.ScriptEngine.run(ScriptEngine.java:194)
	at com.kms.katalon.core.main.ScriptEngine.runScriptAsRawText(ScriptEngine.java:119)
	at com.kms.katalon.core.main.TestCaseExecutor.runScript(TestCaseExecutor.java:448)
	at com.kms.katalon.core.main.TestCaseExecutor.doExecute(TestCaseExecutor.java:439)
	at com.kms.katalon.core.main.TestCaseExecutor.processExecutionPhase(TestCaseExecutor.java:418)
	at com.kms.katalon.core.main.TestCaseExecutor.accessMainPhase(TestCaseExecutor.java:410)
	at com.kms.katalon.core.main.TestCaseExecutor.execute(TestCaseExecutor.java:285)
	at com.kms.katalon.core.common.CommonExecutor.accessTestCaseMainPhase(CommonExecutor.java:65)
	at com.kms.katalon.core.main.TestSuiteExecutor.accessTestSuiteMainPhase(TestSuiteExecutor.java:148)
	at com.kms.katalon.core.main.TestSuiteExecutor.execute(TestSuiteExecutor.java:106)
	at com.kms.katalon.core.main.TestCaseMain.startTestSuite(TestCaseMain.java:187)
	at com.kms.katalon.core.main.TestCaseMain$startTestSuite$0.call(Unknown Source)
	at TempTestSuite1696305328923.run(TempTestSuite1696305328923.groovy:36)
Caused by: com.kms.katalon.core.exception.StepFailedException: Text 'plese input an valid username' is not present on page 
	at com.kms.katalon.core.webui.keyword.internal.WebUIKeywordMain.stepFailed(WebUIKeywordMain.groovy:64)
	at com.kms.katalon.core.webui.keyword.builtin.VerifyTextPresentKeyword$_verifyTextPresent_closure1.doCall(VerifyTextPresentKeyword.groovy:79)
	at com.kms.katalon.core.webui.keyword.builtin.VerifyTextPresentKeyword$_verifyTextPresent_closure1.call(VerifyTextPresentKeyword.groovy)
	at com.kms.katalon.core.webui.keyword.internal.WebUIKeywordMain.runKeyword(WebUIKeywordMain.groovy:20)
	... 19 more]]></system-err>
      </testcase>
      <system-out><![CDATA[2023-10-03 10:55:42 - [TEST_SUITE][FAILED] - M05 - Edit Sosial Media: Test Cases/M05 -Edit Sosial Media/TC-ESMS-003 FAILED.
Reason:
Assertion failed: 

assert twit.toString().trim().equalsIgnoreCase(twitter.trim())
       |    |          |      |                |       |
       -    -          -      false            ""      ""

	at TC-ESMS-003.run(TC-ESMS-003:36)
	at com.kms.katalon.core.main.ScriptEngine.run(ScriptEngine.java:194)
	at com.kms.katalon.core.main.ScriptEngine.runScriptAsRawText(ScriptEngine.java:119)
	at com.kms.katalon.core.main.TestCaseExecutor.runScript(TestCaseExecutor.java:448)
	at com.kms.katalon.core.main.TestCaseExecutor.doExecute(TestCaseExecutor.java:439)
	at com.kms.katalon.core.main.TestCaseExecutor.processExecutionPhase(TestCaseExecutor.java:418)
	at com.kms.katalon.core.main.TestCaseExecutor.accessMainPhase(TestCaseExecutor.java:410)
	at com.kms.katalon.core.main.TestCaseExecutor.execute(TestCaseExecutor.java:285)
	at com.kms.katalon.core.common.CommonExecutor.accessTestCaseMainPhase(CommonExecutor.java:65)
	at com.kms.katalon.core.main.TestSuiteExecutor.accessTestSuiteMainPhase(TestSuiteExecutor.java:148)
	at com.kms.katalon.core.main.TestSuiteExecutor.execute(TestSuiteExecutor.java:106)
	at com.kms.katalon.core.main.TestCaseMain.startTestSuite(TestCaseMain.java:187)
	at com.kms.katalon.core.main.TestCaseMain$startTestSuite$0.call(Unknown Source)
	at TempTestSuite1696305328923.run(TempTestSuite1696305328923.groovy:36)]]></system-out>
      <system-err><![CDATA[2023-10-03 10:55:42 - [TEST_SUITE][FAILED] - M05 - Edit Sosial Media: Test Cases/M05 -Edit Sosial Media/TC-ESMS-003 FAILED.
Reason:
Assertion failed: 

assert twit.toString().trim().equalsIgnoreCase(twitter.trim())
       |    |          |      |                |       |
       -    -          -      false            ""      ""

	at TC-ESMS-003.run(TC-ESMS-003:36)
	at com.kms.katalon.core.main.ScriptEngine.run(ScriptEngine.java:194)
	at com.kms.katalon.core.main.ScriptEngine.runScriptAsRawText(ScriptEngine.java:119)
	at com.kms.katalon.core.main.TestCaseExecutor.runScript(TestCaseExecutor.java:448)
	at com.kms.katalon.core.main.TestCaseExecutor.doExecute(TestCaseExecutor.java:439)
	at com.kms.katalon.core.main.TestCaseExecutor.processExecutionPhase(TestCaseExecutor.java:418)
	at com.kms.katalon.core.main.TestCaseExecutor.accessMainPhase(TestCaseExecutor.java:410)
	at com.kms.katalon.core.main.TestCaseExecutor.execute(TestCaseExecutor.java:285)
	at com.kms.katalon.core.common.CommonExecutor.accessTestCaseMainPhase(CommonExecutor.java:65)
	at com.kms.katalon.core.main.TestSuiteExecutor.accessTestSuiteMainPhase(TestSuiteExecutor.java:148)
	at com.kms.katalon.core.main.TestSuiteExecutor.execute(TestSuiteExecutor.java:106)
	at com.kms.katalon.core.main.TestCaseMain.startTestSuite(TestCaseMain.java:187)
	at com.kms.katalon.core.main.TestCaseMain$startTestSuite$0.call(Unknown Source)
	at TempTestSuite1696305328923.run(TempTestSuite1696305328923.groovy:36)]]></system-err>
   </testsuite>
</testsuites>
