<?xml version="1.0" encoding="UTF-8"?>
<testsuites name="T08-Pendaftaran" time="501.372" tests="26" failures="7" errors="0">
   <testsuite name="T08-Pendaftaran" tests="26" failures="7" errors="0" time="501.372" skipped="0" timestamp="2023-10-05 16:32:25" hostname="USER - DESKTOP-22KTP91" id="Test Suites/T08-Pendaftaran">
      <properties>
[...]
</properties>
      <testcase name="Test Cases/T08 - Pendaftaran/TC-PS-001" time="20.662" classname="Test Cases/T08 - Pendaftaran/TC-PS-001" status="PASSED">
         <system-out><![CDATA[2023-10-05 16:32:26 - [TEST_CASE][PASSED] - Test Cases/T08 - Pendaftaran/TC-PS-001: Test Cases/T08 - Pendaftaran/TC-PS-001

2023-10-05 16:32:26 - [TEST_STEP][PASSED] - openBrowser(urlWeb): Browser is opened with url: 'https://10.9.2.63/ecommerce/'

2023-10-05 16:32:27 - [MESSAGE][INFO] - Starting 'Firefox' driver

2023-10-05 16:32:27 - [MESSAGE][INFO] - User set preference: ['args', '[window-size=1500,1000, ignore-certificate-errors, UnexpectedAlertBehaviour=ignore]']

2023-10-05 16:32:27 - [MESSAGE][INFO] - Action delay is set to 0 milliseconds

2023-10-05 16:32:35 - [MESSAGE][PASSED] - Browser is opened with url: 'https://10.9.2.63/ecommerce/'

2023-10-05 16:32:35 - [TEST_STEP][PASSED] - maximizeWindow(): Current window maximized

2023-10-05 16:32:35 - [MESSAGE][PASSED] - Current window maximized

2023-10-05 16:32:35 - [TEST_STEP][PASSED] - verifyElementPresent(findTestObject("verifikasi halaman tajalapak sebelum daftar"), 0): Object 'Object Repository/verifikasi halaman tajalapak sebelum daftar' is present

2023-10-05 16:32:35 - [MESSAGE][WARNING] - Timeout '0' is invalid. Using default page load timeout: '30'

2023-10-05 16:32:35 - [MESSAGE][PASSED] - Object 'Object Repository/verifikasi halaman tajalapak sebelum daftar' is present

2023-10-05 16:32:35 - [TEST_STEP][PASSED] - click(findTestObject("Pendaftaran/button Register")): Object: 'Object Repository/Pendaftaran/button Register' is clicked on

2023-10-05 16:32:36 - [MESSAGE][PASSED] - Object: 'Object Repository/Pendaftaran/button Register' is clicked on

2023-10-05 16:32:36 - [TEST_STEP][PASSED] - verifyElementPresent(findTestObject("Pendaftaran/verifikasi masuk helamaan daftar"), 0): Object 'Object Repository/Pendaftaran/verifikasi masuk helamaan daftar' is present

2023-10-05 16:32:36 - [MESSAGE][WARNING] - Timeout '0' is invalid. Using default page load timeout: '30'

2023-10-05 16:32:37 - [MESSAGE][PASSED] - Object 'Object Repository/Pendaftaran/verifikasi masuk helamaan daftar' is present

2023-10-05 16:32:37 - [TEST_STEP][PASSED] - setText(findTestObject("Pendaftaran/input username"), username): Text 'ikana' is set on object 'Object Repository/Pendaftaran/input username'

2023-10-05 16:32:38 - [MESSAGE][PASSED] - Text 'ikana' is set on object 'Object Repository/Pendaftaran/input username'

2023-10-05 16:32:38 - [TEST_STEP][PASSED] - setText(findTestObject("Pendaftaran/input email"), email): Text 'ikana71@gmail.com' is set on object 'Object Repository/Pendaftaran/input email'

2023-10-05 16:32:38 - [MESSAGE][PASSED] - Text 'ikana71@gmail.com' is set on object 'Object Repository/Pendaftaran/input email'

2023-10-05 16:32:38 - [TEST_STEP][PASSED] - setText(findTestObject("Pendaftaran/input Nomor Telephon"), noHP): Text '085643955432' is set on object 'Object Repository/Pendaftaran/input Nomor Telephon'

2023-10-05 16:32:39 - [MESSAGE][PASSED] - Text '085643955432' is set on object 'Object Repository/Pendaftaran/input Nomor Telephon'

2023-10-05 16:32:39 - [TEST_STEP][PASSED] - if (toString().equalsIgnoreCase("Perempuan")): Object 'Object Repository/Pendaftaran/pilihan Wanita_jenis_kelamin' is checked

2023-10-05 16:32:39 - [TEST_STEP][PASSED] - check(findTestObject("Pendaftaran/pilihan Wanita_jenis_kelamin")): Object 'Object Repository/Pendaftaran/pilihan Wanita_jenis_kelamin' is checked

2023-10-05 16:32:40 - [MESSAGE][PASSED] - Object 'Object Repository/Pendaftaran/pilihan Wanita_jenis_kelamin' is checked

2023-10-05 16:32:40 - [TEST_STEP][PASSED] - setEncryptedText(findTestObject("Pendaftaran/input password"), "8MbLm3cRDkc/jsWL6sX6LA=="): Text ****** has been set on object 'Object Repository/Pendaftaran/input password'

2023-10-05 16:32:40 - [MESSAGE][PASSED] - Text ****** has been set on object 'Object Repository/Pendaftaran/input password'

2023-10-05 16:32:40 - [TEST_STEP][PASSED] - setEncryptedText(findTestObject("Pendaftaran/input konfirmasi password"), "8MbLm3cRDkc/jsWL6sX6LA=="): Text ****** has been set on object 'Object Repository/Pendaftaran/input konfirmasi password'

2023-10-05 16:32:41 - [MESSAGE][PASSED] - Text ****** has been set on object 'Object Repository/Pendaftaran/input konfirmasi password'

2023-10-05 16:32:41 - [TEST_STEP][PASSED] - click(findTestObject("Pendaftaran/button_Daftar")): Object: 'Object Repository/Pendaftaran/button_Daftar' is clicked on

2023-10-05 16:32:44 - [MESSAGE][PASSED] - Object: 'Object Repository/Pendaftaran/button_Daftar' is clicked on

2023-10-05 16:32:44 - [TEST_STEP][PASSED] - verifyElementPresent(findTestObject("Pendaftaran/verifikasi berhasil daftar"), 0): Object 'Object Repository/Pendaftaran/verifikasi berhasil daftar' is present

2023-10-05 16:32:44 - [MESSAGE][WARNING] - Timeout '0' is invalid. Using default page load timeout: '30'

2023-10-05 16:32:44 - [MESSAGE][PASSED] - Object 'Object Repository/Pendaftaran/verifikasi berhasil daftar' is present

2023-10-05 16:32:44 - [TEST_STEP][PASSED] - usn = getAttribute(findTestObject("Object Repository/Pendaftaran/hasil username NEW"), "value"): Attribute 'value' of object 'Object Repository/Pendaftaran/hasil username NEW' is: 'ikana'

2023-10-05 16:32:45 - [MESSAGE][PASSED] - Attribute 'value' of object 'Object Repository/Pendaftaran/hasil username NEW' is: 'ikana'

2023-10-05 16:32:45 - [TEST_STEP][PASSED] - Email = getAttribute(findTestObject("Object Repository/Pendaftaran/hasil email"), "value"): Attribute 'value' of object 'Object Repository/Pendaftaran/hasil email' is: 'ikana71@gmail.com'

2023-10-05 16:32:45 - [MESSAGE][PASSED] - Attribute 'value' of object 'Object Repository/Pendaftaran/hasil email' is: 'ikana71@gmail.com'

2023-10-05 16:32:45 - [TEST_STEP][PASSED] - nomorHp = getAttribute(findTestObject("Object Repository/Pendaftaran/hasil nomor hp"), "value"): Attribute 'value' of object 'Object Repository/Pendaftaran/hasil nomor hp' is: '085643955432'

2023-10-05 16:32:46 - [MESSAGE][PASSED] - Attribute 'value' of object 'Object Repository/Pendaftaran/hasil nomor hp' is: '085643955432'

2023-10-05 16:32:46 - [TEST_STEP][PASSED] - if (toString().equalsIgnoreCase("Perempuan")): Object 'Object Repository/Pendaftaran/input Perempuan' is checked

2023-10-05 16:32:46 - [TEST_STEP][PASSED] - verifyElementChecked(findTestObject("Object Repository/Pendaftaran/input Perempuan"), 2): Object 'Object Repository/Pendaftaran/input Perempuan' is checked

2023-10-05 16:32:46 - [MESSAGE][PASSED] - Object 'Object Repository/Pendaftaran/input Perempuan' is checked

2023-10-05 16:32:46 - [TEST_STEP][PASSED] - assert trim().equalsIgnoreCase(usn.trim()): null

2023-10-05 16:32:46 - [TEST_STEP][PASSED] - assert trim().equalsIgnoreCase(Email.trim()): null

2023-10-05 16:32:46 - [TEST_STEP][PASSED] - assert trim().equalsIgnoreCase(nomorHp.trim()): null]]></system-out>
         <system-err><![CDATA[]]></system-err>
      </testcase>
      <testcase name="Test Cases/T08 - Pendaftaran/TC-PS-002" time="19.467" classname="Test Cases/T08 - Pendaftaran/TC-PS-002" status="PASSED">
         <system-out><![CDATA[2023-10-05 16:32:46 - [TEST_CASE][PASSED] - Test Cases/T08 - Pendaftaran/TC-PS-002: Test Cases/T08 - Pendaftaran/TC-PS-002

2023-10-05 16:32:47 - [TEST_STEP][PASSED] - openBrowser(urlWeb): Browser is opened with url: 'https://10.9.2.63/ecommerce/'

2023-10-05 16:32:47 - [MESSAGE][WARNING] - A browser is already opened. Closing browser and opening a new one

2023-10-05 16:32:49 - [MESSAGE][INFO] - Starting 'Firefox' driver

2023-10-05 16:32:49 - [MESSAGE][INFO] - User set preference: ['args', '[window-size=1500,1000, ignore-certificate-errors, UnexpectedAlertBehaviour=ignore]']

2023-10-05 16:32:49 - [MESSAGE][INFO] - Action delay is set to 0 milliseconds

2023-10-05 16:32:54 - [MESSAGE][PASSED] - Browser is opened with url: 'https://10.9.2.63/ecommerce/'

2023-10-05 16:32:54 - [TEST_STEP][PASSED] - maximizeWindow(): Current window maximized

2023-10-05 16:32:54 - [MESSAGE][PASSED] - Current window maximized

2023-10-05 16:32:54 - [TEST_STEP][PASSED] - click(findTestObject("Pendaftaran/a_Login")): Object: 'Object Repository/Pendaftaran/a_Login' is clicked on

2023-10-05 16:32:55 - [MESSAGE][PASSED] - Object: 'Object Repository/Pendaftaran/a_Login' is clicked on

2023-10-05 16:32:55 - [TEST_STEP][PASSED] - verifyElementPresent(findTestObject("Pendaftaran/verifikasi MASUK di halaman Login"), 0): Object 'Object Repository/Pendaftaran/verifikasi MASUK di halaman Login' is present

2023-10-05 16:32:55 - [MESSAGE][WARNING] - Timeout '0' is invalid. Using default page load timeout: '30'

2023-10-05 16:32:55 - [MESSAGE][PASSED] - Object 'Object Repository/Pendaftaran/verifikasi MASUK di halaman Login' is present

2023-10-05 16:32:55 - [TEST_STEP][PASSED] - click(findTestObject("Pendaftaran/a_Daftar sekarang")): Object: 'Object Repository/Pendaftaran/a_Daftar sekarang' is clicked on

2023-10-05 16:32:56 - [MESSAGE][PASSED] - Object: 'Object Repository/Pendaftaran/a_Daftar sekarang' is clicked on

2023-10-05 16:32:56 - [TEST_STEP][PASSED] - verifyElementPresent(findTestObject("Pendaftaran/verifikasi masuk helamaan daftar"), 0): Object 'Object Repository/Pendaftaran/verifikasi masuk helamaan daftar' is present

2023-10-05 16:32:56 - [MESSAGE][WARNING] - Timeout '0' is invalid. Using default page load timeout: '30'

2023-10-05 16:32:57 - [MESSAGE][PASSED] - Object 'Object Repository/Pendaftaran/verifikasi masuk helamaan daftar' is present

2023-10-05 16:32:57 - [TEST_STEP][PASSED] - setText(findTestObject("Pendaftaran/input username"), username): Text 'nanaokta' is set on object 'Object Repository/Pendaftaran/input username'

2023-10-05 16:32:57 - [MESSAGE][PASSED] - Text 'nanaokta' is set on object 'Object Repository/Pendaftaran/input username'

2023-10-05 16:32:57 - [TEST_STEP][PASSED] - setText(findTestObject("Pendaftaran/input email"), email): Text 'nanaokta71@gmail.com' is set on object 'Object Repository/Pendaftaran/input email'

2023-10-05 16:32:58 - [MESSAGE][PASSED] - Text 'nanaokta71@gmail.com' is set on object 'Object Repository/Pendaftaran/input email'

2023-10-05 16:32:58 - [TEST_STEP][PASSED] - setText(findTestObject("Pendaftaran/input Nomor Telephon"), noHP): Text '085643217856' is set on object 'Object Repository/Pendaftaran/input Nomor Telephon'

2023-10-05 16:32:59 - [MESSAGE][PASSED] - Text '085643217856' is set on object 'Object Repository/Pendaftaran/input Nomor Telephon'

2023-10-05 16:32:59 - [TEST_STEP][PASSED] - if (toString().equalsIgnoreCase("Perempuan")): Object 'Object Repository/Pendaftaran/pilihan Wanita_jenis_kelamin' is checked

2023-10-05 16:32:59 - [TEST_STEP][PASSED] - check(findTestObject("Pendaftaran/pilihan Wanita_jenis_kelamin")): Object 'Object Repository/Pendaftaran/pilihan Wanita_jenis_kelamin' is checked

2023-10-05 16:32:59 - [MESSAGE][PASSED] - Object 'Object Repository/Pendaftaran/pilihan Wanita_jenis_kelamin' is checked

2023-10-05 16:32:59 - [TEST_STEP][PASSED] - check(findTestObject("Pendaftaran/pilihan Wanita_jenis_kelamin")): Object 'Object Repository/Pendaftaran/pilihan Wanita_jenis_kelamin' is checked

2023-10-05 16:33:00 - [MESSAGE][PASSED] - Object 'Object Repository/Pendaftaran/pilihan Wanita_jenis_kelamin' is checked

2023-10-05 16:33:00 - [TEST_STEP][PASSED] - setEncryptedText(findTestObject("Pendaftaran/input password"), "qbkrdMwyWE4="): Text ****** has been set on object 'Object Repository/Pendaftaran/input password'

2023-10-05 16:33:00 - [MESSAGE][PASSED] - Text ****** has been set on object 'Object Repository/Pendaftaran/input password'

2023-10-05 16:33:00 - [TEST_STEP][PASSED] - setEncryptedText(findTestObject("Pendaftaran/input konfirmasi password"), "qbkrdMwyWE4="): Text ****** has been set on object 'Object Repository/Pendaftaran/input konfirmasi password'

2023-10-05 16:33:01 - [MESSAGE][PASSED] - Text ****** has been set on object 'Object Repository/Pendaftaran/input konfirmasi password'

2023-10-05 16:33:01 - [TEST_STEP][PASSED] - click(findTestObject("Pendaftaran/button_Daftar")): Object: 'Object Repository/Pendaftaran/button_Daftar' is clicked on

2023-10-05 16:33:04 - [MESSAGE][PASSED] - Object: 'Object Repository/Pendaftaran/button_Daftar' is clicked on

2023-10-05 16:33:04 - [TEST_STEP][PASSED] - verifyElementPresent(findTestObject("Pendaftaran/verifikasi berhasil daftar NEW"), 0): Object 'Object Repository/Pendaftaran/verifikasi berhasil daftar NEW' is present

2023-10-05 16:33:04 - [MESSAGE][WARNING] - Timeout '0' is invalid. Using default page load timeout: '30'

2023-10-05 16:33:04 - [MESSAGE][PASSED] - Object 'Object Repository/Pendaftaran/verifikasi berhasil daftar NEW' is present

2023-10-05 16:33:04 - [TEST_STEP][PASSED] - usn = getAttribute(findTestObject("Object Repository/Pendaftaran/hasil username NEW"), "value"): Attribute 'value' of object 'Object Repository/Pendaftaran/hasil username NEW' is: 'nanaokta'

2023-10-05 16:33:05 - [MESSAGE][PASSED] - Attribute 'value' of object 'Object Repository/Pendaftaran/hasil username NEW' is: 'nanaokta'

2023-10-05 16:33:05 - [TEST_STEP][PASSED] - Email = getAttribute(findTestObject("Object Repository/Pendaftaran/hasil email"), "value"): Attribute 'value' of object 'Object Repository/Pendaftaran/hasil email' is: 'nanaokta71@gmail.com'

2023-10-05 16:33:05 - [MESSAGE][PASSED] - Attribute 'value' of object 'Object Repository/Pendaftaran/hasil email' is: 'nanaokta71@gmail.com'

2023-10-05 16:33:05 - [TEST_STEP][PASSED] - nomorHP = getAttribute(findTestObject("Object Repository/Pendaftaran/hasil nomor hp"), "value"): Attribute 'value' of object 'Object Repository/Pendaftaran/hasil nomor hp' is: '085643217856'

2023-10-05 16:33:05 - [MESSAGE][PASSED] - Attribute 'value' of object 'Object Repository/Pendaftaran/hasil nomor hp' is: '085643217856'

2023-10-05 16:33:05 - [TEST_STEP][PASSED] - if (toString().equalsIgnoreCase("Perempuan")): Object 'Object Repository/Pendaftaran/input Perempuan' is checked

2023-10-05 16:33:05 - [TEST_STEP][PASSED] - verifyElementChecked(findTestObject("Object Repository/Pendaftaran/input Perempuan"), 2): Object 'Object Repository/Pendaftaran/input Perempuan' is checked

2023-10-05 16:33:06 - [MESSAGE][PASSED] - Object 'Object Repository/Pendaftaran/input Perempuan' is checked

2023-10-05 16:33:06 - [TEST_STEP][PASSED] - assert trim().equalsIgnoreCase(username.trim()): null

2023-10-05 16:33:06 - [TEST_STEP][PASSED] - assert trim().equalsIgnoreCase(email.trim()): null

2023-10-05 16:33:06 - [TEST_STEP][PASSED] - assert trim().equalsIgnoreCase(noHP.trim()): null]]></system-out>
         <system-err><![CDATA[]]></system-err>
      </testcase>
      <testcase name="Test Cases/T08 - Pendaftaran/TC-PS-003" time="18.297" classname="Test Cases/T08 - Pendaftaran/TC-PS-003" status="PASSED">
         <system-out><![CDATA[2023-10-05 16:33:06 - [TEST_CASE][PASSED] - Test Cases/T08 - Pendaftaran/TC-PS-003: Test Cases/T08 - Pendaftaran/TC-PS-003

2023-10-05 16:33:07 - [TEST_STEP][PASSED] - openBrowser(urlWeb): Browser is opened with url: 'https://10.9.2.63/ecommerce/'

2023-10-05 16:33:07 - [MESSAGE][WARNING] - A browser is already opened. Closing browser and opening a new one

2023-10-05 16:33:08 - [MESSAGE][INFO] - Starting 'Firefox' driver

2023-10-05 16:33:08 - [MESSAGE][INFO] - User set preference: ['args', '[window-size=1500,1000, ignore-certificate-errors, UnexpectedAlertBehaviour=ignore]']

2023-10-05 16:33:08 - [MESSAGE][INFO] - Action delay is set to 0 milliseconds

2023-10-05 16:33:13 - [MESSAGE][PASSED] - Browser is opened with url: 'https://10.9.2.63/ecommerce/'

2023-10-05 16:33:13 - [TEST_STEP][PASSED] - maximizeWindow(): Current window maximized

2023-10-05 16:33:13 - [MESSAGE][PASSED] - Current window maximized

2023-10-05 16:33:13 - [TEST_STEP][PASSED] - verifyElementPresent(findTestObject("verifikasi halaman tajalapak sebelum daftar"), 0): Object 'Object Repository/verifikasi halaman tajalapak sebelum daftar' is present

2023-10-05 16:33:13 - [MESSAGE][WARNING] - Timeout '0' is invalid. Using default page load timeout: '30'

2023-10-05 16:33:14 - [MESSAGE][PASSED] - Object 'Object Repository/verifikasi halaman tajalapak sebelum daftar' is present

2023-10-05 16:33:14 - [TEST_STEP][PASSED] - click(findTestObject("Pendaftaran/button Register")): Object: 'Object Repository/Pendaftaran/button Register' is clicked on

2023-10-05 16:33:14 - [MESSAGE][PASSED] - Object: 'Object Repository/Pendaftaran/button Register' is clicked on

2023-10-05 16:33:14 - [TEST_STEP][PASSED] - verifyElementPresent(findTestObject("Pendaftaran/verifikasi masuk helamaan daftar"), 0): Object 'Object Repository/Pendaftaran/verifikasi masuk helamaan daftar' is present

2023-10-05 16:33:15 - [MESSAGE][WARNING] - Timeout '0' is invalid. Using default page load timeout: '30'

2023-10-05 16:33:15 - [MESSAGE][PASSED] - Object 'Object Repository/Pendaftaran/verifikasi masuk helamaan daftar' is present

2023-10-05 16:33:15 - [TEST_STEP][PASSED] - setText(findTestObject("Pendaftaran/input username"), username): Text 'john' is set on object 'Object Repository/Pendaftaran/input username'

2023-10-05 16:33:16 - [MESSAGE][PASSED] - Text 'john' is set on object 'Object Repository/Pendaftaran/input username'

2023-10-05 16:33:16 - [TEST_STEP][PASSED] - setText(findTestObject("Pendaftaran/input email"), email): Text 'john@xsis.co.id' is set on object 'Object Repository/Pendaftaran/input email'

2023-10-05 16:33:17 - [MESSAGE][PASSED] - Text 'john@xsis.co.id' is set on object 'Object Repository/Pendaftaran/input email'

2023-10-05 16:33:17 - [TEST_STEP][PASSED] - setText(findTestObject("Pendaftaran/input Nomor Telephon"), noHP): Text '085099990000' is set on object 'Object Repository/Pendaftaran/input Nomor Telephon'

2023-10-05 16:33:17 - [MESSAGE][PASSED] - Text '085099990000' is set on object 'Object Repository/Pendaftaran/input Nomor Telephon'

2023-10-05 16:33:17 - [TEST_STEP][PASSED] - if (toString().equalsIgnoreCase("Perempuan")): null

2023-10-05 16:33:17 - [TEST_STEP][PASSED] - else if (toString().equalsIgnoreCase("Laki-laki")): Object 'Object Repository/Pendaftaran/pilihan Pria' is checked

2023-10-05 16:33:17 - [TEST_STEP][PASSED] - check(findTestObject("Object Repository/Pendaftaran/pilihan Pria")): Object 'Object Repository/Pendaftaran/pilihan Pria' is checked

2023-10-05 16:33:18 - [MESSAGE][PASSED] - Object 'Object Repository/Pendaftaran/pilihan Pria' is checked

2023-10-05 16:33:18 - [TEST_STEP][PASSED] - setEncryptedText(findTestObject("Pendaftaran/input password"), "8MbLm3cRDkc/jsWL6sX6LA=="): Text ****** has been set on object 'Object Repository/Pendaftaran/input password'

2023-10-05 16:33:18 - [MESSAGE][PASSED] - Text ****** has been set on object 'Object Repository/Pendaftaran/input password'

2023-10-05 16:33:18 - [TEST_STEP][PASSED] - setEncryptedText(findTestObject("Pendaftaran/input konfirmasi password"), "8MbLm3cRDkc/jsWL6sX6LA=="): Text ****** has been set on object 'Object Repository/Pendaftaran/input konfirmasi password'

2023-10-05 16:33:18 - [MESSAGE][PASSED] - Text ****** has been set on object 'Object Repository/Pendaftaran/input konfirmasi password'

2023-10-05 16:33:18 - [TEST_STEP][PASSED] - click(findTestObject("Pendaftaran/button_Daftar")): Object: 'Object Repository/Pendaftaran/button_Daftar' is clicked on

2023-10-05 16:33:22 - [MESSAGE][PASSED] - Object: 'Object Repository/Pendaftaran/button_Daftar' is clicked on

2023-10-05 16:33:22 - [TEST_STEP][PASSED] - verifyElementPresent(findTestObject("Pendaftaran/verifikasi berhasil daftar"), 0): Object 'Object Repository/Pendaftaran/verifikasi berhasil daftar' is present

2023-10-05 16:33:22 - [MESSAGE][WARNING] - Timeout '0' is invalid. Using default page load timeout: '30'

2023-10-05 16:33:22 - [MESSAGE][PASSED] - Object 'Object Repository/Pendaftaran/verifikasi berhasil daftar' is present

2023-10-05 16:33:22 - [TEST_STEP][PASSED] - usn = getAttribute(findTestObject("Object Repository/Pendaftaran/hasil username NEW"), "value"): Attribute 'value' of object 'Object Repository/Pendaftaran/hasil username NEW' is: 'john'

2023-10-05 16:33:23 - [MESSAGE][PASSED] - Attribute 'value' of object 'Object Repository/Pendaftaran/hasil username NEW' is: 'john'

2023-10-05 16:33:23 - [TEST_STEP][PASSED] - Email = getAttribute(findTestObject("Object Repository/Pendaftaran/hasil email"), "value"): Attribute 'value' of object 'Object Repository/Pendaftaran/hasil email' is: 'john@xsis.co.id'

2023-10-05 16:33:23 - [MESSAGE][PASSED] - Attribute 'value' of object 'Object Repository/Pendaftaran/hasil email' is: 'john@xsis.co.id'

2023-10-05 16:33:23 - [TEST_STEP][PASSED] - nomorHp = getAttribute(findTestObject("Object Repository/Pendaftaran/hasil nomor hp"), "value"): Attribute 'value' of object 'Object Repository/Pendaftaran/hasil nomor hp' is: '085099990000'

2023-10-05 16:33:24 - [MESSAGE][PASSED] - Attribute 'value' of object 'Object Repository/Pendaftaran/hasil nomor hp' is: '085099990000'

2023-10-05 16:33:24 - [TEST_STEP][PASSED] - if (toString().equalsIgnoreCase("Perempuan")): null

2023-10-05 16:33:24 - [TEST_STEP][PASSED] - else if (toString().equalsIgnoreCase("Laki-laki")): Object 'Object Repository/Pendaftaran/input_Laki-laki' is checked

2023-10-05 16:33:24 - [TEST_STEP][PASSED] - verifyElementChecked(findTestObject("Object Repository/Pendaftaran/input_Laki-laki"), 2): Object 'Object Repository/Pendaftaran/input_Laki-laki' is checked

2023-10-05 16:33:24 - [MESSAGE][PASSED] - Object 'Object Repository/Pendaftaran/input_Laki-laki' is checked

2023-10-05 16:33:24 - [TEST_STEP][PASSED] - assert trim().equalsIgnoreCase(usn.trim()): null

2023-10-05 16:33:24 - [TEST_STEP][PASSED] - assert trim().equalsIgnoreCase(Email.trim()): null

2023-10-05 16:33:24 - [TEST_STEP][PASSED] - assert trim().equalsIgnoreCase(nomorHp.trim()): null]]></system-out>
         <system-err><![CDATA[]]></system-err>
      </testcase>
      <testcase name="Test Cases/T08 - Pendaftaran/TC-PS-004" time="17.506" classname="Test Cases/T08 - Pendaftaran/TC-PS-004" status="PASSED">
         <system-out><![CDATA[2023-10-05 16:33:24 - [TEST_CASE][PASSED] - Test Cases/T08 - Pendaftaran/TC-PS-004: Test Cases/T08 - Pendaftaran/TC-PS-004

2023-10-05 16:33:25 - [TEST_STEP][PASSED] - openBrowser(urlWeb): Browser is opened with url: 'https://10.9.2.63/ecommerce/'

2023-10-05 16:33:25 - [MESSAGE][WARNING] - A browser is already opened. Closing browser and opening a new one

2023-10-05 16:33:26 - [MESSAGE][INFO] - Starting 'Firefox' driver

2023-10-05 16:33:26 - [MESSAGE][INFO] - User set preference: ['args', '[window-size=1500,1000, ignore-certificate-errors, UnexpectedAlertBehaviour=ignore]']

2023-10-05 16:33:26 - [MESSAGE][INFO] - Action delay is set to 0 milliseconds

2023-10-05 16:33:31 - [MESSAGE][PASSED] - Browser is opened with url: 'https://10.9.2.63/ecommerce/'

2023-10-05 16:33:31 - [TEST_STEP][PASSED] - maximizeWindow(): Current window maximized

2023-10-05 16:33:31 - [MESSAGE][PASSED] - Current window maximized

2023-10-05 16:33:31 - [TEST_STEP][PASSED] - verifyElementPresent(findTestObject("verifikasi halaman tajalapak sebelum daftar"), 0): Object 'Object Repository/verifikasi halaman tajalapak sebelum daftar' is present

2023-10-05 16:33:31 - [MESSAGE][WARNING] - Timeout '0' is invalid. Using default page load timeout: '30'

2023-10-05 16:33:32 - [MESSAGE][PASSED] - Object 'Object Repository/verifikasi halaman tajalapak sebelum daftar' is present

2023-10-05 16:33:32 - [TEST_STEP][PASSED] - click(findTestObject("Pendaftaran/button Register")): Object: 'Object Repository/Pendaftaran/button Register' is clicked on

2023-10-05 16:33:33 - [MESSAGE][PASSED] - Object: 'Object Repository/Pendaftaran/button Register' is clicked on

2023-10-05 16:33:33 - [TEST_STEP][PASSED] - verifyElementPresent(findTestObject("Pendaftaran/verifikasi masuk helamaan daftar"), 0): Object 'Object Repository/Pendaftaran/verifikasi masuk helamaan daftar' is present

2023-10-05 16:33:33 - [MESSAGE][WARNING] - Timeout '0' is invalid. Using default page load timeout: '30'

2023-10-05 16:33:33 - [MESSAGE][PASSED] - Object 'Object Repository/Pendaftaran/verifikasi masuk helamaan daftar' is present

2023-10-05 16:33:33 - [TEST_STEP][PASSED] - setText(findTestObject("Pendaftaran/input username"), username): Text 'johanduot' is set on object 'Object Repository/Pendaftaran/input username'

2023-10-05 16:33:34 - [MESSAGE][PASSED] - Text 'johanduot' is set on object 'Object Repository/Pendaftaran/input username'

2023-10-05 16:33:34 - [TEST_STEP][PASSED] - setText(findTestObject("Pendaftaran/input email"), email): Text 'johanduot@student.uin-suka.ac.id' is set on object 'Object Repository/Pendaftaran/input email'

2023-10-05 16:33:34 - [MESSAGE][PASSED] - Text 'johanduot@student.uin-suka.ac.id' is set on object 'Object Repository/Pendaftaran/input email'

2023-10-05 16:33:34 - [TEST_STEP][PASSED] - setText(findTestObject("Pendaftaran/input Nomor Telephon"), noHP): Text '085155550000' is set on object 'Object Repository/Pendaftaran/input Nomor Telephon'

2023-10-05 16:33:35 - [MESSAGE][PASSED] - Text '085155550000' is set on object 'Object Repository/Pendaftaran/input Nomor Telephon'

2023-10-05 16:33:35 - [TEST_STEP][PASSED] - if (toString().equalsIgnoreCase("Perempuan")): null

2023-10-05 16:33:35 - [TEST_STEP][PASSED] - else if (toString().equalsIgnoreCase("Laki-laki")): Object 'Object Repository/Pendaftaran/pilihan Pria' is checked

2023-10-05 16:33:35 - [TEST_STEP][PASSED] - check(findTestObject("Object Repository/Pendaftaran/pilihan Pria")): Object 'Object Repository/Pendaftaran/pilihan Pria' is checked

2023-10-05 16:33:35 - [MESSAGE][PASSED] - Object 'Object Repository/Pendaftaran/pilihan Pria' is checked

2023-10-05 16:33:35 - [TEST_STEP][PASSED] - setEncryptedText(findTestObject("Pendaftaran/input password"), "8MbLm3cRDkc/jsWL6sX6LA=="): Text ****** has been set on object 'Object Repository/Pendaftaran/input password'

2023-10-05 16:33:36 - [MESSAGE][PASSED] - Text ****** has been set on object 'Object Repository/Pendaftaran/input password'

2023-10-05 16:33:36 - [TEST_STEP][PASSED] - setEncryptedText(findTestObject("Pendaftaran/input konfirmasi password"), "8MbLm3cRDkc/jsWL6sX6LA=="): Text ****** has been set on object 'Object Repository/Pendaftaran/input konfirmasi password'

2023-10-05 16:33:36 - [MESSAGE][PASSED] - Text ****** has been set on object 'Object Repository/Pendaftaran/input konfirmasi password'

2023-10-05 16:33:36 - [TEST_STEP][PASSED] - click(findTestObject("Pendaftaran/button_Daftar")): Object: 'Object Repository/Pendaftaran/button_Daftar' is clicked on

2023-10-05 16:33:39 - [MESSAGE][PASSED] - Object: 'Object Repository/Pendaftaran/button_Daftar' is clicked on

2023-10-05 16:33:39 - [TEST_STEP][PASSED] - verifyElementPresent(findTestObject("Pendaftaran/verifikasi berhasil daftar"), 0): Object 'Object Repository/Pendaftaran/verifikasi berhasil daftar' is present

2023-10-05 16:33:40 - [MESSAGE][WARNING] - Timeout '0' is invalid. Using default page load timeout: '30'

2023-10-05 16:33:40 - [MESSAGE][PASSED] - Object 'Object Repository/Pendaftaran/verifikasi berhasil daftar' is present

2023-10-05 16:33:40 - [TEST_STEP][PASSED] - usn = getAttribute(findTestObject("Object Repository/Pendaftaran/hasil username NEW"), "value"): Attribute 'value' of object 'Object Repository/Pendaftaran/hasil username NEW' is: 'johanduot'

2023-10-05 16:33:40 - [MESSAGE][PASSED] - Attribute 'value' of object 'Object Repository/Pendaftaran/hasil username NEW' is: 'johanduot'

2023-10-05 16:33:40 - [TEST_STEP][PASSED] - Email = getAttribute(findTestObject("Object Repository/Pendaftaran/hasil email"), "value"): Attribute 'value' of object 'Object Repository/Pendaftaran/hasil email' is: 'johanduot@student.uin-suka.ac.id'

2023-10-05 16:33:41 - [MESSAGE][PASSED] - Attribute 'value' of object 'Object Repository/Pendaftaran/hasil email' is: 'johanduot@student.uin-suka.ac.id'

2023-10-05 16:33:41 - [TEST_STEP][PASSED] - nomorHp = getAttribute(findTestObject("Object Repository/Pendaftaran/hasil nomor hp"), "value"): Attribute 'value' of object 'Object Repository/Pendaftaran/hasil nomor hp' is: '085155550000'

2023-10-05 16:33:41 - [MESSAGE][PASSED] - Attribute 'value' of object 'Object Repository/Pendaftaran/hasil nomor hp' is: '085155550000'

2023-10-05 16:33:41 - [TEST_STEP][PASSED] - if (toString().equalsIgnoreCase("Perempuan")): null

2023-10-05 16:33:41 - [TEST_STEP][PASSED] - else if (toString().equalsIgnoreCase("Laki-laki")): Object 'Object Repository/Pendaftaran/input_Laki-laki' is checked

2023-10-05 16:33:41 - [TEST_STEP][PASSED] - verifyElementChecked(findTestObject("Object Repository/Pendaftaran/input_Laki-laki"), 2): Object 'Object Repository/Pendaftaran/input_Laki-laki' is checked

2023-10-05 16:33:42 - [MESSAGE][PASSED] - Object 'Object Repository/Pendaftaran/input_Laki-laki' is checked

2023-10-05 16:33:42 - [TEST_STEP][PASSED] - assert trim().equalsIgnoreCase(usn.trim()): null

2023-10-05 16:33:42 - [TEST_STEP][PASSED] - assert trim().equalsIgnoreCase(Email.trim()): null

2023-10-05 16:33:42 - [TEST_STEP][PASSED] - assert trim().equalsIgnoreCase(nomorHp.trim()): null]]></system-out>
         <system-err><![CDATA[]]></system-err>
      </testcase>
      <testcase name="Test Cases/T08 - Pendaftaran/TC-PS-005" time="45.346" classname="Test Cases/T08 - Pendaftaran/TC-PS-005" status="FAILED">
         <failure type="FAILED" message="Test Cases/T08 - Pendaftaran/TC-PS-005 FAILED.
Reason:
com.kms.katalon.core.exception.StepFailedException: Unable to verify object 'Object Repository/Pendaftaran/verifikasi berhasil daftar' is present
	at com.kms.katalon.core.webui.keyword.internal.WebUIKeywordMain.stepFailed(WebUIKeywordMain.groovy:64)
	at com.kms.katalon.core.webui.keyword.internal.WebUIKeywordMain.runKeyword(WebUIKeywordMain.groovy:26)
	at com.kms.katalon.core.webui.keyword.builtin.VerifyElementPresentKeyword.verifyElementPresent(VerifyElementPresentKeyword.groovy:92)
	at com.kms.katalon.core.webui.keyword.builtin.VerifyElementPresentKeyword.execute(VerifyElementPresentKeyword.groovy:68)
	at com.kms.katalon.core.keyword.internal.KeywordExecutor.executeKeywordForPlatform(KeywordExecutor.groovy:74)
	at com.kms.katalon.core.webui.keyword.WebUiBuiltInKeywords.verifyElementPresent(WebUiBuiltInKeywords.groovy:1464)
	at com.kms.katalon.core.webui.keyword.WebUiBuiltInKeywords$verifyElementPresent$1.call(Unknown Source)
	at TC-PS-005.run(TC-PS-005:49)
	at com.kms.katalon.core.main.ScriptEngine.run(ScriptEngine.java:194)
	at com.kms.katalon.core.main.ScriptEngine.runScriptAsRawText(ScriptEngine.java:119)
	at com.kms.katalon.core.main.TestCaseExecutor.runScript(TestCaseExecutor.java:448)
	at com.kms.katalon.core.main.TestCaseExecutor.doExecute(TestCaseExecutor.java:439)
	at com.kms.katalon.core.main.TestCaseExecutor.processExecutionPhase(TestCaseExecutor.java:418)
	at com.kms.katalon.core.main.TestCaseExecutor.accessMainPhase(TestCaseExecutor.java:410)
	at com.kms.katalon.core.main.TestCaseExecutor.execute(TestCaseExecutor.java:285)
	at com.kms.katalon.core.common.CommonExecutor.accessTestCaseMainPhase(CommonExecutor.java:65)
	at com.kms.katalon.core.main.TestSuiteExecutor.accessTestSuiteMainPhase(TestSuiteExecutor.java:148)
	at com.kms.katalon.core.main.TestSuiteExecutor.execute(TestSuiteExecutor.java:106)
	at com.kms.katalon.core.main.TestCaseMain.startTestSuite(TestCaseMain.java:187)
	at com.kms.katalon.core.main.TestCaseMain$startTestSuite$0.call(Unknown Source)
	at TempTestSuite1696498335026.run(TempTestSuite1696498335026.groovy:36)
Caused by: com.kms.katalon.core.exception.StepFailedException: com.kms.katalon.core.webui.exception.WebElementNotFoundException: Web element with id: 'Object Repository/Pendaftaran/verifikasi berhasil daftar' located by '(.//*[normalize-space(text()) and normalize-space(.)='Simpan Perubahan'])[1]/following::center[1]' not found
	at com.kms.katalon.core.webui.keyword.internal.WebUIKeywordMain.stepFailed(WebUIKeywordMain.groovy:64)
	at com.kms.katalon.core.webui.keyword.builtin.VerifyElementPresentKeyword$_verifyElementPresent_closure1.doCall(VerifyElementPresentKeyword.groovy:85)
	at com.kms.katalon.core.webui.keyword.builtin.VerifyElementPresentKeyword$_verifyElementPresent_closure1.call(VerifyElementPresentKeyword.groovy)
	at com.kms.katalon.core.webui.keyword.internal.WebUIKeywordMain.runKeyword(WebUIKeywordMain.groovy:20)
	... 19 more
"/>
         <system-out><![CDATA[2023-10-05 16:33:42 - [TEST_CASE][FAILED] - Test Cases/T08 - Pendaftaran/TC-PS-005: Test Cases/T08 - Pendaftaran/TC-PS-005 FAILED.
Reason:
com.kms.katalon.core.exception.StepFailedException: Unable to verify object 'Object Repository/Pendaftaran/verifikasi berhasil daftar' is present
	at com.kms.katalon.core.webui.keyword.internal.WebUIKeywordMain.stepFailed(WebUIKeywordMain.groovy:64)
	at com.kms.katalon.core.webui.keyword.internal.WebUIKeywordMain.runKeyword(WebUIKeywordMain.groovy:26)
	at com.kms.katalon.core.webui.keyword.builtin.VerifyElementPresentKeyword.verifyElementPresent(VerifyElementPresentKeyword.groovy:92)
	at com.kms.katalon.core.webui.keyword.builtin.VerifyElementPresentKeyword.execute(VerifyElementPresentKeyword.groovy:68)
	at com.kms.katalon.core.keyword.internal.KeywordExecutor.executeKeywordForPlatform(KeywordExecutor.groovy:74)
	at com.kms.katalon.core.webui.keyword.WebUiBuiltInKeywords.verifyElementPresent(WebUiBuiltInKeywords.groovy:1464)
	at com.kms.katalon.core.webui.keyword.WebUiBuiltInKeywords$verifyElementPresent$1.call(Unknown Source)
	at TC-PS-005.run(TC-PS-005:49)
	at com.kms.katalon.core.main.ScriptEngine.run(ScriptEngine.java:194)
	at com.kms.katalon.core.main.ScriptEngine.runScriptAsRawText(ScriptEngine.java:119)
	at com.kms.katalon.core.main.TestCaseExecutor.runScript(TestCaseExecutor.java:448)
	at com.kms.katalon.core.main.TestCaseExecutor.doExecute(TestCaseExecutor.java:439)
	at com.kms.katalon.core.main.TestCaseExecutor.processExecutionPhase(TestCaseExecutor.java:418)
	at com.kms.katalon.core.main.TestCaseExecutor.accessMainPhase(TestCaseExecutor.java:410)
	at com.kms.katalon.core.main.TestCaseExecutor.execute(TestCaseExecutor.java:285)
	at com.kms.katalon.core.common.CommonExecutor.accessTestCaseMainPhase(CommonExecutor.java:65)
	at com.kms.katalon.core.main.TestSuiteExecutor.accessTestSuiteMainPhase(TestSuiteExecutor.java:148)
	at com.kms.katalon.core.main.TestSuiteExecutor.execute(TestSuiteExecutor.java:106)
	at com.kms.katalon.core.main.TestCaseMain.startTestSuite(TestCaseMain.java:187)
	at com.kms.katalon.core.main.TestCaseMain$startTestSuite$0.call(Unknown Source)
	at TempTestSuite1696498335026.run(TempTestSuite1696498335026.groovy:36)
Caused by: com.kms.katalon.core.exception.StepFailedException: com.kms.katalon.core.webui.exception.WebElementNotFoundException: Web element with id: 'Object Repository/Pendaftaran/verifikasi berhasil daftar' located by '(.//*[normalize-space(text()) and normalize-space(.)='Simpan Perubahan'])[1]/following::center[1]' not found
	at com.kms.katalon.core.webui.keyword.internal.WebUIKeywordMain.stepFailed(WebUIKeywordMain.groovy:64)
	at com.kms.katalon.core.webui.keyword.builtin.VerifyElementPresentKeyword$_verifyElementPresent_closure1.doCall(VerifyElementPresentKeyword.groovy:85)
	at com.kms.katalon.core.webui.keyword.builtin.VerifyElementPresentKeyword$_verifyElementPresent_closure1.call(VerifyElementPresentKeyword.groovy)
	at com.kms.katalon.core.webui.keyword.internal.WebUIKeywordMain.runKeyword(WebUIKeywordMain.groovy:20)
	... 19 more


2023-10-05 16:33:42 - [TEST_STEP][PASSED] - openBrowser(urlWeb): Browser is opened with url: 'https://10.9.2.63/ecommerce/'

2023-10-05 16:33:42 - [MESSAGE][WARNING] - A browser is already opened. Closing browser and opening a new one

2023-10-05 16:33:44 - [MESSAGE][INFO] - Starting 'Firefox' driver

2023-10-05 16:33:44 - [MESSAGE][INFO] - User set preference: ['args', '[window-size=1500,1000, ignore-certificate-errors, UnexpectedAlertBehaviour=ignore]']

2023-10-05 16:33:44 - [MESSAGE][INFO] - Action delay is set to 0 milliseconds

2023-10-05 16:33:49 - [MESSAGE][PASSED] - Browser is opened with url: 'https://10.9.2.63/ecommerce/'

2023-10-05 16:33:49 - [TEST_STEP][PASSED] - maximizeWindow(): Current window maximized

2023-10-05 16:33:49 - [MESSAGE][PASSED] - Current window maximized

2023-10-05 16:33:49 - [TEST_STEP][PASSED] - verifyElementPresent(findTestObject("verifikasi halaman tajalapak sebelum daftar"), 0): Object 'Object Repository/verifikasi halaman tajalapak sebelum daftar' is present

2023-10-05 16:33:49 - [MESSAGE][WARNING] - Timeout '0' is invalid. Using default page load timeout: '30'

2023-10-05 16:33:50 - [MESSAGE][PASSED] - Object 'Object Repository/verifikasi halaman tajalapak sebelum daftar' is present

2023-10-05 16:33:50 - [TEST_STEP][PASSED] - click(findTestObject("Pendaftaran/button Register")): Object: 'Object Repository/Pendaftaran/button Register' is clicked on

2023-10-05 16:33:50 - [MESSAGE][PASSED] - Object: 'Object Repository/Pendaftaran/button Register' is clicked on

2023-10-05 16:33:50 - [TEST_STEP][PASSED] - verifyElementPresent(findTestObject("Pendaftaran/verifikasi masuk helamaan daftar"), 0): Object 'Object Repository/Pendaftaran/verifikasi masuk helamaan daftar' is present

2023-10-05 16:33:50 - [MESSAGE][WARNING] - Timeout '0' is invalid. Using default page load timeout: '30'

2023-10-05 16:33:51 - [MESSAGE][PASSED] - Object 'Object Repository/Pendaftaran/verifikasi masuk helamaan daftar' is present

2023-10-05 16:33:51 - [TEST_STEP][PASSED] - setText(findTestObject("Pendaftaran/input username"), username): Text 'johendut' is set on object 'Object Repository/Pendaftaran/input username'

2023-10-05 16:33:52 - [MESSAGE][PASSED] - Text 'johendut' is set on object 'Object Repository/Pendaftaran/input username'

2023-10-05 16:33:52 - [TEST_STEP][PASSED] - setText(findTestObject("Pendaftaran/input email"), email): Text 'johendut@gmail.com' is set on object 'Object Repository/Pendaftaran/input email'

2023-10-05 16:33:52 - [MESSAGE][PASSED] - Text 'johendut@gmail.com' is set on object 'Object Repository/Pendaftaran/input email'

2023-10-05 16:33:52 - [TEST_STEP][PASSED] - setText(findTestObject("Pendaftaran/input Nomor Telephon"), noHP): Text '0856-0000-2222' is set on object 'Object Repository/Pendaftaran/input Nomor Telephon'

2023-10-05 16:33:53 - [MESSAGE][PASSED] - Text '0856-0000-2222' is set on object 'Object Repository/Pendaftaran/input Nomor Telephon'

2023-10-05 16:33:53 - [TEST_STEP][PASSED] - if (toString().equalsIgnoreCase("Perempuan")): null

2023-10-05 16:33:53 - [TEST_STEP][PASSED] - else if (toString().equalsIgnoreCase("Laki-laki")): Object 'Object Repository/Pendaftaran/pilihan Pria' is checked

2023-10-05 16:33:53 - [TEST_STEP][PASSED] - check(findTestObject("Object Repository/Pendaftaran/pilihan Pria")): Object 'Object Repository/Pendaftaran/pilihan Pria' is checked

2023-10-05 16:33:53 - [MESSAGE][PASSED] - Object 'Object Repository/Pendaftaran/pilihan Pria' is checked

2023-10-05 16:33:53 - [TEST_STEP][PASSED] - setEncryptedText(findTestObject("Pendaftaran/input password"), "8MbLm3cRDkc/jsWL6sX6LA=="): Text ****** has been set on object 'Object Repository/Pendaftaran/input password'

2023-10-05 16:33:54 - [MESSAGE][PASSED] - Text ****** has been set on object 'Object Repository/Pendaftaran/input password'

2023-10-05 16:33:54 - [TEST_STEP][PASSED] - setEncryptedText(findTestObject("Pendaftaran/input konfirmasi password"), "8MbLm3cRDkc/jsWL6sX6LA=="): Text ****** has been set on object 'Object Repository/Pendaftaran/input konfirmasi password'

2023-10-05 16:33:54 - [MESSAGE][PASSED] - Text ****** has been set on object 'Object Repository/Pendaftaran/input konfirmasi password'

2023-10-05 16:33:54 - [TEST_STEP][PASSED] - click(findTestObject("Pendaftaran/button_Daftar")): Object: 'Object Repository/Pendaftaran/button_Daftar' is clicked on

2023-10-05 16:33:55 - [MESSAGE][PASSED] - Object: 'Object Repository/Pendaftaran/button_Daftar' is clicked on

2023-10-05 16:33:55 - [TEST_STEP][FAILED] - verifyElementPresent(findTestObject("Pendaftaran/verifikasi berhasil daftar"), 0): Unable to verify object 'Object Repository/Pendaftaran/verifikasi berhasil daftar' is present (Root cause: com.kms.katalon.core.exception.StepFailedException: Unable to verify object 'Object Repository/Pendaftaran/verifikasi berhasil daftar' is present
	at com.kms.katalon.core.webui.keyword.internal.WebUIKeywordMain.stepFailed(WebUIKeywordMain.groovy:64)
	at com.kms.katalon.core.webui.keyword.internal.WebUIKeywordMain.runKeyword(WebUIKeywordMain.groovy:26)
	at com.kms.katalon.core.webui.keyword.builtin.VerifyElementPresentKeyword.verifyElementPresent(VerifyElementPresentKeyword.groovy:92)
	at com.kms.katalon.core.webui.keyword.builtin.VerifyElementPresentKeyword.execute(VerifyElementPresentKeyword.groovy:68)
	at com.kms.katalon.core.keyword.internal.KeywordExecutor.executeKeywordForPlatform(KeywordExecutor.groovy:74)
	at com.kms.katalon.core.webui.keyword.WebUiBuiltInKeywords.verifyElementPresent(WebUiBuiltInKeywords.groovy:1464)
	at com.kms.katalon.core.webui.keyword.WebUiBuiltInKeywords$verifyElementPresent$1.call(Unknown Source)
	at TC-PS-005.run(TC-PS-005:49)
	at com.kms.katalon.core.main.ScriptEngine.run(ScriptEngine.java:194)
	at com.kms.katalon.core.main.ScriptEngine.runScriptAsRawText(ScriptEngine.java:119)
	at com.kms.katalon.core.main.TestCaseExecutor.runScript(TestCaseExecutor.java:448)
	at com.kms.katalon.core.main.TestCaseExecutor.doExecute(TestCaseExecutor.java:439)
	at com.kms.katalon.core.main.TestCaseExecutor.processExecutionPhase(TestCaseExecutor.java:418)
	at com.kms.katalon.core.main.TestCaseExecutor.accessMainPhase(TestCaseExecutor.java:410)
	at com.kms.katalon.core.main.TestCaseExecutor.execute(TestCaseExecutor.java:285)
	at com.kms.katalon.core.common.CommonExecutor.accessTestCaseMainPhase(CommonExecutor.java:65)
	at com.kms.katalon.core.main.TestSuiteExecutor.accessTestSuiteMainPhase(TestSuiteExecutor.java:148)
	at com.kms.katalon.core.main.TestSuiteExecutor.execute(TestSuiteExecutor.java:106)
	at com.kms.katalon.core.main.TestCaseMain.startTestSuite(TestCaseMain.java:187)
	at com.kms.katalon.core.main.TestCaseMain$startTestSuite$0.call(Unknown Source)
	at TempTestSuite1696498335026.run(TempTestSuite1696498335026.groovy:36)
Caused by: com.kms.katalon.core.exception.StepFailedException: com.kms.katalon.core.webui.exception.WebElementNotFoundException: Web element with id: 'Object Repository/Pendaftaran/verifikasi berhasil daftar' located by '(.//*[normalize-space(text()) and normalize-space(.)='Simpan Perubahan'])[1]/following::center[1]' not found
	at com.kms.katalon.core.webui.keyword.internal.WebUIKeywordMain.stepFailed(WebUIKeywordMain.groovy:64)
	at com.kms.katalon.core.webui.keyword.builtin.VerifyElementPresentKeyword$_verifyElementPresent_closure1.doCall(VerifyElementPresentKeyword.groovy:85)
	at com.kms.katalon.core.webui.keyword.builtin.VerifyElementPresentKeyword$_verifyElementPresent_closure1.call(VerifyElementPresentKeyword.groovy)
	at com.kms.katalon.core.webui.keyword.internal.WebUIKeywordMain.runKeyword(WebUIKeywordMain.groovy:20)
	... 19 more
)

2023-10-05 16:33:55 - [MESSAGE][WARNING] - Timeout '0' is invalid. Using default page load timeout: '30'

2023-10-05 16:34:26 - [MESSAGE][INFO] - Unable to find the element located by 'By.xpath: (.//*[normalize-space(text()) and normalize-space(.)='Simpan Perubahan'])[1]/following::center[1]'. Please recheck the objects properties to make sure the desired element is located. 

2023-10-05 16:34:27 - [MESSAGE][FAILED] - com.kms.katalon.core.webui.exception.WebElementNotFoundException: Web element with id: 'Object Repository/Pendaftaran/verifikasi berhasil daftar' located by '(.//*[normalize-space(text()) and normalize-space(.)='Simpan Perubahan'])[1]/following::center[1]' not found (Root cause: com.kms.katalon.core.exception.StepFailedException: com.kms.katalon.core.webui.exception.WebElementNotFoundException: Web element with id: 'Object Repository/Pendaftaran/verifikasi berhasil daftar' located by '(.//*[normalize-space(text()) and normalize-space(.)='Simpan Perubahan'])[1]/following::center[1]' not found
	at com.kms.katalon.core.webui.keyword.internal.WebUIKeywordMain.stepFailed(WebUIKeywordMain.groovy:64)
	at com.kms.katalon.core.webui.keyword.builtin.VerifyElementPresentKeyword$_verifyElementPresent_closure1.doCall(VerifyElementPresentKeyword.groovy:85)
	at com.kms.katalon.core.webui.keyword.builtin.VerifyElementPresentKeyword$_verifyElementPresent_closure1.call(VerifyElementPresentKeyword.groovy)
	at com.kms.katalon.core.webui.keyword.internal.WebUIKeywordMain.runKeyword(WebUIKeywordMain.groovy:20)
	at com.kms.katalon.core.webui.keyword.builtin.VerifyElementPresentKeyword.verifyElementPresent(VerifyElementPresentKeyword.groovy:92)
	at com.kms.katalon.core.webui.keyword.builtin.VerifyElementPresentKeyword.execute(VerifyElementPresentKeyword.groovy:68)
	at com.kms.katalon.core.keyword.internal.KeywordExecutor.executeKeywordForPlatform(KeywordExecutor.groovy:74)
	at com.kms.katalon.core.webui.keyword.WebUiBuiltInKeywords.verifyElementPresent(WebUiBuiltInKeywords.groovy:1464)
	at com.kms.katalon.core.webui.keyword.WebUiBuiltInKeywords$verifyElementPresent$1.call(Unknown Source)
	at TC-PS-005.run(TC-PS-005:49)
	at com.kms.katalon.core.main.ScriptEngine.run(ScriptEngine.java:194)
	at com.kms.katalon.core.main.ScriptEngine.runScriptAsRawText(ScriptEngine.java:119)
	at com.kms.katalon.core.main.TestCaseExecutor.runScript(TestCaseExecutor.java:448)
	at com.kms.katalon.core.main.TestCaseExecutor.doExecute(TestCaseExecutor.java:439)
	at com.kms.katalon.core.main.TestCaseExecutor.processExecutionPhase(TestCaseExecutor.java:418)
	at com.kms.katalon.core.main.TestCaseExecutor.accessMainPhase(TestCaseExecutor.java:410)
	at com.kms.katalon.core.main.TestCaseExecutor.execute(TestCaseExecutor.java:285)
	at com.kms.katalon.core.common.CommonExecutor.accessTestCaseMainPhase(CommonExecutor.java:65)
	at com.kms.katalon.core.main.TestSuiteExecutor.accessTestSuiteMainPhase(TestSuiteExecutor.java:148)
	at com.kms.katalon.core.main.TestSuiteExecutor.execute(TestSuiteExecutor.java:106)
	at com.kms.katalon.core.main.TestCaseMain.startTestSuite(TestCaseMain.java:187)
	at com.kms.katalon.core.main.TestCaseMain$startTestSuite$0.call(Unknown Source)
	at TempTestSuite1696498335026.run(TempTestSuite1696498335026.groovy:36)
)
[[ATTACHMENT|F:\\bootcamp\\Miniproject\\Tajalapak\\Reports\\20231005_163214\\T08-Pendaftaran\\20231005_163215\\1696498466452.png]]

2023-10-05 16:34:27 - [MESSAGE][FAILED] - Unable to verify object 'Object Repository/Pendaftaran/verifikasi berhasil daftar' is present (Root cause: com.kms.katalon.core.exception.StepFailedException: Unable to verify object 'Object Repository/Pendaftaran/verifikasi berhasil daftar' is present
	at com.kms.katalon.core.webui.keyword.internal.WebUIKeywordMain.stepFailed(WebUIKeywordMain.groovy:64)
	at com.kms.katalon.core.webui.keyword.internal.WebUIKeywordMain.runKeyword(WebUIKeywordMain.groovy:26)
	at com.kms.katalon.core.webui.keyword.builtin.VerifyElementPresentKeyword.verifyElementPresent(VerifyElementPresentKeyword.groovy:92)
	at com.kms.katalon.core.webui.keyword.builtin.VerifyElementPresentKeyword.execute(VerifyElementPresentKeyword.groovy:68)
	at com.kms.katalon.core.keyword.internal.KeywordExecutor.executeKeywordForPlatform(KeywordExecutor.groovy:74)
	at com.kms.katalon.core.webui.keyword.WebUiBuiltInKeywords.verifyElementPresent(WebUiBuiltInKeywords.groovy:1464)
	at com.kms.katalon.core.webui.keyword.WebUiBuiltInKeywords$verifyElementPresent$1.call(Unknown Source)
	at TC-PS-005.run(TC-PS-005:49)
	at com.kms.katalon.core.main.ScriptEngine.run(ScriptEngine.java:194)
	at com.kms.katalon.core.main.ScriptEngine.runScriptAsRawText(ScriptEngine.java:119)
	at com.kms.katalon.core.main.TestCaseExecutor.runScript(TestCaseExecutor.java:448)
	at com.kms.katalon.core.main.TestCaseExecutor.doExecute(TestCaseExecutor.java:439)
	at com.kms.katalon.core.main.TestCaseExecutor.processExecutionPhase(TestCaseExecutor.java:418)
	at com.kms.katalon.core.main.TestCaseExecutor.accessMainPhase(TestCaseExecutor.java:410)
	at com.kms.katalon.core.main.TestCaseExecutor.execute(TestCaseExecutor.java:285)
	at com.kms.katalon.core.common.CommonExecutor.accessTestCaseMainPhase(CommonExecutor.java:65)
	at com.kms.katalon.core.main.TestSuiteExecutor.accessTestSuiteMainPhase(TestSuiteExecutor.java:148)
	at com.kms.katalon.core.main.TestSuiteExecutor.execute(TestSuiteExecutor.java:106)
	at com.kms.katalon.core.main.TestCaseMain.startTestSuite(TestCaseMain.java:187)
	at com.kms.katalon.core.main.TestCaseMain$startTestSuite$0.call(Unknown Source)
	at TempTestSuite1696498335026.run(TempTestSuite1696498335026.groovy:36)
Caused by: com.kms.katalon.core.exception.StepFailedException: com.kms.katalon.core.webui.exception.WebElementNotFoundException: Web element with id: 'Object Repository/Pendaftaran/verifikasi berhasil daftar' located by '(.//*[normalize-space(text()) and normalize-space(.)='Simpan Perubahan'])[1]/following::center[1]' not found
	at com.kms.katalon.core.webui.keyword.internal.WebUIKeywordMain.stepFailed(WebUIKeywordMain.groovy:64)
	at com.kms.katalon.core.webui.keyword.builtin.VerifyElementPresentKeyword$_verifyElementPresent_closure1.doCall(VerifyElementPresentKeyword.groovy:85)
	at com.kms.katalon.core.webui.keyword.builtin.VerifyElementPresentKeyword$_verifyElementPresent_closure1.call(VerifyElementPresentKeyword.groovy)
	at com.kms.katalon.core.webui.keyword.internal.WebUIKeywordMain.runKeyword(WebUIKeywordMain.groovy:20)
	... 19 more
)
[[ATTACHMENT|F:\\bootcamp\\Miniproject\\Tajalapak\\Reports\\20231005_163214\\T08-Pendaftaran\\20231005_163215\\1696498467347.png]]]]></system-out>
         <system-err><![CDATA[2023-10-05 16:33:42 - [TEST_CASE][FAILED] - Test Cases/T08 - Pendaftaran/TC-PS-005: Test Cases/T08 - Pendaftaran/TC-PS-005 FAILED.
Reason:
com.kms.katalon.core.exception.StepFailedException: Unable to verify object 'Object Repository/Pendaftaran/verifikasi berhasil daftar' is present
	at com.kms.katalon.core.webui.keyword.internal.WebUIKeywordMain.stepFailed(WebUIKeywordMain.groovy:64)
	at com.kms.katalon.core.webui.keyword.internal.WebUIKeywordMain.runKeyword(WebUIKeywordMain.groovy:26)
	at com.kms.katalon.core.webui.keyword.builtin.VerifyElementPresentKeyword.verifyElementPresent(VerifyElementPresentKeyword.groovy:92)
	at com.kms.katalon.core.webui.keyword.builtin.VerifyElementPresentKeyword.execute(VerifyElementPresentKeyword.groovy:68)
	at com.kms.katalon.core.keyword.internal.KeywordExecutor.executeKeywordForPlatform(KeywordExecutor.groovy:74)
	at com.kms.katalon.core.webui.keyword.WebUiBuiltInKeywords.verifyElementPresent(WebUiBuiltInKeywords.groovy:1464)
	at com.kms.katalon.core.webui.keyword.WebUiBuiltInKeywords$verifyElementPresent$1.call(Unknown Source)
	at TC-PS-005.run(TC-PS-005:49)
	at com.kms.katalon.core.main.ScriptEngine.run(ScriptEngine.java:194)
	at com.kms.katalon.core.main.ScriptEngine.runScriptAsRawText(ScriptEngine.java:119)
	at com.kms.katalon.core.main.TestCaseExecutor.runScript(TestCaseExecutor.java:448)
	at com.kms.katalon.core.main.TestCaseExecutor.doExecute(TestCaseExecutor.java:439)
	at com.kms.katalon.core.main.TestCaseExecutor.processExecutionPhase(TestCaseExecutor.java:418)
	at com.kms.katalon.core.main.TestCaseExecutor.accessMainPhase(TestCaseExecutor.java:410)
	at com.kms.katalon.core.main.TestCaseExecutor.execute(TestCaseExecutor.java:285)
	at com.kms.katalon.core.common.CommonExecutor.accessTestCaseMainPhase(CommonExecutor.java:65)
	at com.kms.katalon.core.main.TestSuiteExecutor.accessTestSuiteMainPhase(TestSuiteExecutor.java:148)
	at com.kms.katalon.core.main.TestSuiteExecutor.execute(TestSuiteExecutor.java:106)
	at com.kms.katalon.core.main.TestCaseMain.startTestSuite(TestCaseMain.java:187)
	at com.kms.katalon.core.main.TestCaseMain$startTestSuite$0.call(Unknown Source)
	at TempTestSuite1696498335026.run(TempTestSuite1696498335026.groovy:36)
Caused by: com.kms.katalon.core.exception.StepFailedException: com.kms.katalon.core.webui.exception.WebElementNotFoundException: Web element with id: 'Object Repository/Pendaftaran/verifikasi berhasil daftar' located by '(.//*[normalize-space(text()) and normalize-space(.)='Simpan Perubahan'])[1]/following::center[1]' not found
	at com.kms.katalon.core.webui.keyword.internal.WebUIKeywordMain.stepFailed(WebUIKeywordMain.groovy:64)
	at com.kms.katalon.core.webui.keyword.builtin.VerifyElementPresentKeyword$_verifyElementPresent_closure1.doCall(VerifyElementPresentKeyword.groovy:85)
	at com.kms.katalon.core.webui.keyword.builtin.VerifyElementPresentKeyword$_verifyElementPresent_closure1.call(VerifyElementPresentKeyword.groovy)
	at com.kms.katalon.core.webui.keyword.internal.WebUIKeywordMain.runKeyword(WebUIKeywordMain.groovy:20)
	... 19 more]]></system-err>
      </testcase>
      <testcase name="Test Cases/T08 - Pendaftaran/TC-PS-006" time="47.017" classname="Test Cases/T08 - Pendaftaran/TC-PS-006" status="FAILED">
         <failure type="FAILED" message="Test Cases/T08 - Pendaftaran/TC-PS-006 FAILED.
Reason:
com.kms.katalon.core.exception.StepFailedException: Unable to verify object 'Object Repository/Pendaftaran/verifikasi berhasil daftar' is present
	at com.kms.katalon.core.webui.keyword.internal.WebUIKeywordMain.stepFailed(WebUIKeywordMain.groovy:64)
	at com.kms.katalon.core.webui.keyword.internal.WebUIKeywordMain.runKeyword(WebUIKeywordMain.groovy:26)
	at com.kms.katalon.core.webui.keyword.builtin.VerifyElementPresentKeyword.verifyElementPresent(VerifyElementPresentKeyword.groovy:92)
	at com.kms.katalon.core.webui.keyword.builtin.VerifyElementPresentKeyword.execute(VerifyElementPresentKeyword.groovy:68)
	at com.kms.katalon.core.keyword.internal.KeywordExecutor.executeKeywordForPlatform(KeywordExecutor.groovy:74)
	at com.kms.katalon.core.webui.keyword.WebUiBuiltInKeywords.verifyElementPresent(WebUiBuiltInKeywords.groovy:1464)
	at com.kms.katalon.core.webui.keyword.WebUiBuiltInKeywords$verifyElementPresent$1.call(Unknown Source)
	at TC-PS-006.run(TC-PS-006:49)
	at com.kms.katalon.core.main.ScriptEngine.run(ScriptEngine.java:194)
	at com.kms.katalon.core.main.ScriptEngine.runScriptAsRawText(ScriptEngine.java:119)
	at com.kms.katalon.core.main.TestCaseExecutor.runScript(TestCaseExecutor.java:448)
	at com.kms.katalon.core.main.TestCaseExecutor.doExecute(TestCaseExecutor.java:439)
	at com.kms.katalon.core.main.TestCaseExecutor.processExecutionPhase(TestCaseExecutor.java:418)
	at com.kms.katalon.core.main.TestCaseExecutor.accessMainPhase(TestCaseExecutor.java:410)
	at com.kms.katalon.core.main.TestCaseExecutor.execute(TestCaseExecutor.java:285)
	at com.kms.katalon.core.common.CommonExecutor.accessTestCaseMainPhase(CommonExecutor.java:65)
	at com.kms.katalon.core.main.TestSuiteExecutor.accessTestSuiteMainPhase(TestSuiteExecutor.java:148)
	at com.kms.katalon.core.main.TestSuiteExecutor.execute(TestSuiteExecutor.java:106)
	at com.kms.katalon.core.main.TestCaseMain.startTestSuite(TestCaseMain.java:187)
	at com.kms.katalon.core.main.TestCaseMain$startTestSuite$0.call(Unknown Source)
	at TempTestSuite1696498335026.run(TempTestSuite1696498335026.groovy:36)
Caused by: com.kms.katalon.core.exception.StepFailedException: com.kms.katalon.core.webui.exception.WebElementNotFoundException: Web element with id: 'Object Repository/Pendaftaran/verifikasi berhasil daftar' located by '(.//*[normalize-space(text()) and normalize-space(.)='Simpan Perubahan'])[1]/following::center[1]' not found
	at com.kms.katalon.core.webui.keyword.internal.WebUIKeywordMain.stepFailed(WebUIKeywordMain.groovy:64)
	at com.kms.katalon.core.webui.keyword.builtin.VerifyElementPresentKeyword$_verifyElementPresent_closure1.doCall(VerifyElementPresentKeyword.groovy:85)
	at com.kms.katalon.core.webui.keyword.builtin.VerifyElementPresentKeyword$_verifyElementPresent_closure1.call(VerifyElementPresentKeyword.groovy)
	at com.kms.katalon.core.webui.keyword.internal.WebUIKeywordMain.runKeyword(WebUIKeywordMain.groovy:20)
	... 19 more
"/>
         <system-out><![CDATA[2023-10-05 16:34:27 - [TEST_CASE][FAILED] - Test Cases/T08 - Pendaftaran/TC-PS-006: Test Cases/T08 - Pendaftaran/TC-PS-006 FAILED.
Reason:
com.kms.katalon.core.exception.StepFailedException: Unable to verify object 'Object Repository/Pendaftaran/verifikasi berhasil daftar' is present
	at com.kms.katalon.core.webui.keyword.internal.WebUIKeywordMain.stepFailed(WebUIKeywordMain.groovy:64)
	at com.kms.katalon.core.webui.keyword.internal.WebUIKeywordMain.runKeyword(WebUIKeywordMain.groovy:26)
	at com.kms.katalon.core.webui.keyword.builtin.VerifyElementPresentKeyword.verifyElementPresent(VerifyElementPresentKeyword.groovy:92)
	at com.kms.katalon.core.webui.keyword.builtin.VerifyElementPresentKeyword.execute(VerifyElementPresentKeyword.groovy:68)
	at com.kms.katalon.core.keyword.internal.KeywordExecutor.executeKeywordForPlatform(KeywordExecutor.groovy:74)
	at com.kms.katalon.core.webui.keyword.WebUiBuiltInKeywords.verifyElementPresent(WebUiBuiltInKeywords.groovy:1464)
	at com.kms.katalon.core.webui.keyword.WebUiBuiltInKeywords$verifyElementPresent$1.call(Unknown Source)
	at TC-PS-006.run(TC-PS-006:49)
	at com.kms.katalon.core.main.ScriptEngine.run(ScriptEngine.java:194)
	at com.kms.katalon.core.main.ScriptEngine.runScriptAsRawText(ScriptEngine.java:119)
	at com.kms.katalon.core.main.TestCaseExecutor.runScript(TestCaseExecutor.java:448)
	at com.kms.katalon.core.main.TestCaseExecutor.doExecute(TestCaseExecutor.java:439)
	at com.kms.katalon.core.main.TestCaseExecutor.processExecutionPhase(TestCaseExecutor.java:418)
	at com.kms.katalon.core.main.TestCaseExecutor.accessMainPhase(TestCaseExecutor.java:410)
	at com.kms.katalon.core.main.TestCaseExecutor.execute(TestCaseExecutor.java:285)
	at com.kms.katalon.core.common.CommonExecutor.accessTestCaseMainPhase(CommonExecutor.java:65)
	at com.kms.katalon.core.main.TestSuiteExecutor.accessTestSuiteMainPhase(TestSuiteExecutor.java:148)
	at com.kms.katalon.core.main.TestSuiteExecutor.execute(TestSuiteExecutor.java:106)
	at com.kms.katalon.core.main.TestCaseMain.startTestSuite(TestCaseMain.java:187)
	at com.kms.katalon.core.main.TestCaseMain$startTestSuite$0.call(Unknown Source)
	at TempTestSuite1696498335026.run(TempTestSuite1696498335026.groovy:36)
Caused by: com.kms.katalon.core.exception.StepFailedException: com.kms.katalon.core.webui.exception.WebElementNotFoundException: Web element with id: 'Object Repository/Pendaftaran/verifikasi berhasil daftar' located by '(.//*[normalize-space(text()) and normalize-space(.)='Simpan Perubahan'])[1]/following::center[1]' not found
	at com.kms.katalon.core.webui.keyword.internal.WebUIKeywordMain.stepFailed(WebUIKeywordMain.groovy:64)
	at com.kms.katalon.core.webui.keyword.builtin.VerifyElementPresentKeyword$_verifyElementPresent_closure1.doCall(VerifyElementPresentKeyword.groovy:85)
	at com.kms.katalon.core.webui.keyword.builtin.VerifyElementPresentKeyword$_verifyElementPresent_closure1.call(VerifyElementPresentKeyword.groovy)
	at com.kms.katalon.core.webui.keyword.internal.WebUIKeywordMain.runKeyword(WebUIKeywordMain.groovy:20)
	... 19 more


2023-10-05 16:34:28 - [TEST_STEP][PASSED] - openBrowser(urlWeb): Browser is opened with url: 'https://10.9.2.63/ecommerce/'

2023-10-05 16:34:28 - [MESSAGE][WARNING] - A browser is already opened. Closing browser and opening a new one

2023-10-05 16:34:30 - [MESSAGE][INFO] - Starting 'Firefox' driver

2023-10-05 16:34:30 - [MESSAGE][INFO] - User set preference: ['args', '[window-size=1500,1000, ignore-certificate-errors, UnexpectedAlertBehaviour=ignore]']

2023-10-05 16:34:30 - [MESSAGE][INFO] - Action delay is set to 0 milliseconds

2023-10-05 16:34:35 - [MESSAGE][PASSED] - Browser is opened with url: 'https://10.9.2.63/ecommerce/'

2023-10-05 16:34:35 - [TEST_STEP][PASSED] - maximizeWindow(): Current window maximized

2023-10-05 16:34:35 - [MESSAGE][PASSED] - Current window maximized

2023-10-05 16:34:35 - [TEST_STEP][PASSED] - verifyElementPresent(findTestObject("verifikasi halaman tajalapak sebelum daftar"), 0): Object 'Object Repository/verifikasi halaman tajalapak sebelum daftar' is present

2023-10-05 16:34:35 - [MESSAGE][WARNING] - Timeout '0' is invalid. Using default page load timeout: '30'

2023-10-05 16:34:36 - [MESSAGE][PASSED] - Object 'Object Repository/verifikasi halaman tajalapak sebelum daftar' is present

2023-10-05 16:34:36 - [TEST_STEP][PASSED] - click(findTestObject("Pendaftaran/button Register")): Object: 'Object Repository/Pendaftaran/button Register' is clicked on

2023-10-05 16:34:37 - [MESSAGE][PASSED] - Object: 'Object Repository/Pendaftaran/button Register' is clicked on

2023-10-05 16:34:37 - [TEST_STEP][PASSED] - verifyElementPresent(findTestObject("Pendaftaran/verifikasi masuk helamaan daftar"), 0): Object 'Object Repository/Pendaftaran/verifikasi masuk helamaan daftar' is present

2023-10-05 16:34:37 - [MESSAGE][WARNING] - Timeout '0' is invalid. Using default page load timeout: '30'

2023-10-05 16:34:38 - [MESSAGE][PASSED] - Object 'Object Repository/Pendaftaran/verifikasi masuk helamaan daftar' is present

2023-10-05 16:34:38 - [TEST_STEP][PASSED] - setText(findTestObject("Pendaftaran/input username"), username): Text 'johun' is set on object 'Object Repository/Pendaftaran/input username'

2023-10-05 16:34:38 - [MESSAGE][PASSED] - Text 'johun' is set on object 'Object Repository/Pendaftaran/input username'

2023-10-05 16:34:38 - [TEST_STEP][PASSED] - setText(findTestObject("Pendaftaran/input email"), email): Text 'johun@gmail.com' is set on object 'Object Repository/Pendaftaran/input email'

2023-10-05 16:34:39 - [MESSAGE][PASSED] - Text 'johun@gmail.com' is set on object 'Object Repository/Pendaftaran/input email'

2023-10-05 16:34:39 - [TEST_STEP][PASSED] - setText(findTestObject("Pendaftaran/input Nomor Telephon"), noHP): Text '(08)1313131212' is set on object 'Object Repository/Pendaftaran/input Nomor Telephon'

2023-10-05 16:34:40 - [MESSAGE][PASSED] - Text '(08)1313131212' is set on object 'Object Repository/Pendaftaran/input Nomor Telephon'

2023-10-05 16:34:40 - [TEST_STEP][PASSED] - if (toString().equalsIgnoreCase("Perempuan")): null

2023-10-05 16:34:40 - [TEST_STEP][PASSED] - else if (toString().equalsIgnoreCase("Laki-laki")): Object 'Object Repository/Pendaftaran/pilihan Pria' is checked

2023-10-05 16:34:40 - [TEST_STEP][PASSED] - check(findTestObject("Object Repository/Pendaftaran/pilihan Pria")): Object 'Object Repository/Pendaftaran/pilihan Pria' is checked

2023-10-05 16:34:40 - [MESSAGE][PASSED] - Object 'Object Repository/Pendaftaran/pilihan Pria' is checked

2023-10-05 16:34:40 - [TEST_STEP][PASSED] - setEncryptedText(findTestObject("Pendaftaran/input password"), "8MbLm3cRDkc/jsWL6sX6LA=="): Text ****** has been set on object 'Object Repository/Pendaftaran/input password'

2023-10-05 16:34:41 - [MESSAGE][PASSED] - Text ****** has been set on object 'Object Repository/Pendaftaran/input password'

2023-10-05 16:34:41 - [TEST_STEP][PASSED] - setEncryptedText(findTestObject("Pendaftaran/input konfirmasi password"), "8MbLm3cRDkc/jsWL6sX6LA=="): Text ****** has been set on object 'Object Repository/Pendaftaran/input konfirmasi password'

2023-10-05 16:34:41 - [MESSAGE][PASSED] - Text ****** has been set on object 'Object Repository/Pendaftaran/input konfirmasi password'

2023-10-05 16:34:41 - [TEST_STEP][PASSED] - click(findTestObject("Pendaftaran/button_Daftar")): Object: 'Object Repository/Pendaftaran/button_Daftar' is clicked on

2023-10-05 16:34:42 - [MESSAGE][PASSED] - Object: 'Object Repository/Pendaftaran/button_Daftar' is clicked on

2023-10-05 16:34:42 - [TEST_STEP][FAILED] - verifyElementPresent(findTestObject("Pendaftaran/verifikasi berhasil daftar"), 0): Unable to verify object 'Object Repository/Pendaftaran/verifikasi berhasil daftar' is present (Root cause: com.kms.katalon.core.exception.StepFailedException: Unable to verify object 'Object Repository/Pendaftaran/verifikasi berhasil daftar' is present
	at com.kms.katalon.core.webui.keyword.internal.WebUIKeywordMain.stepFailed(WebUIKeywordMain.groovy:64)
	at com.kms.katalon.core.webui.keyword.internal.WebUIKeywordMain.runKeyword(WebUIKeywordMain.groovy:26)
	at com.kms.katalon.core.webui.keyword.builtin.VerifyElementPresentKeyword.verifyElementPresent(VerifyElementPresentKeyword.groovy:92)
	at com.kms.katalon.core.webui.keyword.builtin.VerifyElementPresentKeyword.execute(VerifyElementPresentKeyword.groovy:68)
	at com.kms.katalon.core.keyword.internal.KeywordExecutor.executeKeywordForPlatform(KeywordExecutor.groovy:74)
	at com.kms.katalon.core.webui.keyword.WebUiBuiltInKeywords.verifyElementPresent(WebUiBuiltInKeywords.groovy:1464)
	at com.kms.katalon.core.webui.keyword.WebUiBuiltInKeywords$verifyElementPresent$1.call(Unknown Source)
	at TC-PS-006.run(TC-PS-006:49)
	at com.kms.katalon.core.main.ScriptEngine.run(ScriptEngine.java:194)
	at com.kms.katalon.core.main.ScriptEngine.runScriptAsRawText(ScriptEngine.java:119)
	at com.kms.katalon.core.main.TestCaseExecutor.runScript(TestCaseExecutor.java:448)
	at com.kms.katalon.core.main.TestCaseExecutor.doExecute(TestCaseExecutor.java:439)
	at com.kms.katalon.core.main.TestCaseExecutor.processExecutionPhase(TestCaseExecutor.java:418)
	at com.kms.katalon.core.main.TestCaseExecutor.accessMainPhase(TestCaseExecutor.java:410)
	at com.kms.katalon.core.main.TestCaseExecutor.execute(TestCaseExecutor.java:285)
	at com.kms.katalon.core.common.CommonExecutor.accessTestCaseMainPhase(CommonExecutor.java:65)
	at com.kms.katalon.core.main.TestSuiteExecutor.accessTestSuiteMainPhase(TestSuiteExecutor.java:148)
	at com.kms.katalon.core.main.TestSuiteExecutor.execute(TestSuiteExecutor.java:106)
	at com.kms.katalon.core.main.TestCaseMain.startTestSuite(TestCaseMain.java:187)
	at com.kms.katalon.core.main.TestCaseMain$startTestSuite$0.call(Unknown Source)
	at TempTestSuite1696498335026.run(TempTestSuite1696498335026.groovy:36)
Caused by: com.kms.katalon.core.exception.StepFailedException: com.kms.katalon.core.webui.exception.WebElementNotFoundException: Web element with id: 'Object Repository/Pendaftaran/verifikasi berhasil daftar' located by '(.//*[normalize-space(text()) and normalize-space(.)='Simpan Perubahan'])[1]/following::center[1]' not found
	at com.kms.katalon.core.webui.keyword.internal.WebUIKeywordMain.stepFailed(WebUIKeywordMain.groovy:64)
	at com.kms.katalon.core.webui.keyword.builtin.VerifyElementPresentKeyword$_verifyElementPresent_closure1.doCall(VerifyElementPresentKeyword.groovy:85)
	at com.kms.katalon.core.webui.keyword.builtin.VerifyElementPresentKeyword$_verifyElementPresent_closure1.call(VerifyElementPresentKeyword.groovy)
	at com.kms.katalon.core.webui.keyword.internal.WebUIKeywordMain.runKeyword(WebUIKeywordMain.groovy:20)
	... 19 more
)

2023-10-05 16:34:42 - [MESSAGE][WARNING] - Timeout '0' is invalid. Using default page load timeout: '30'

2023-10-05 16:35:13 - [MESSAGE][INFO] - Unable to find the element located by 'By.xpath: (.//*[normalize-space(text()) and normalize-space(.)='Simpan Perubahan'])[1]/following::center[1]'. Please recheck the objects properties to make sure the desired element is located. 

2023-10-05 16:35:14 - [MESSAGE][FAILED] - com.kms.katalon.core.webui.exception.WebElementNotFoundException: Web element with id: 'Object Repository/Pendaftaran/verifikasi berhasil daftar' located by '(.//*[normalize-space(text()) and normalize-space(.)='Simpan Perubahan'])[1]/following::center[1]' not found (Root cause: com.kms.katalon.core.exception.StepFailedException: com.kms.katalon.core.webui.exception.WebElementNotFoundException: Web element with id: 'Object Repository/Pendaftaran/verifikasi berhasil daftar' located by '(.//*[normalize-space(text()) and normalize-space(.)='Simpan Perubahan'])[1]/following::center[1]' not found
	at com.kms.katalon.core.webui.keyword.internal.WebUIKeywordMain.stepFailed(WebUIKeywordMain.groovy:64)
	at com.kms.katalon.core.webui.keyword.builtin.VerifyElementPresentKeyword$_verifyElementPresent_closure1.doCall(VerifyElementPresentKeyword.groovy:85)
	at com.kms.katalon.core.webui.keyword.builtin.VerifyElementPresentKeyword$_verifyElementPresent_closure1.call(VerifyElementPresentKeyword.groovy)
	at com.kms.katalon.core.webui.keyword.internal.WebUIKeywordMain.runKeyword(WebUIKeywordMain.groovy:20)
	at com.kms.katalon.core.webui.keyword.builtin.VerifyElementPresentKeyword.verifyElementPresent(VerifyElementPresentKeyword.groovy:92)
	at com.kms.katalon.core.webui.keyword.builtin.VerifyElementPresentKeyword.execute(VerifyElementPresentKeyword.groovy:68)
	at com.kms.katalon.core.keyword.internal.KeywordExecutor.executeKeywordForPlatform(KeywordExecutor.groovy:74)
	at com.kms.katalon.core.webui.keyword.WebUiBuiltInKeywords.verifyElementPresent(WebUiBuiltInKeywords.groovy:1464)
	at com.kms.katalon.core.webui.keyword.WebUiBuiltInKeywords$verifyElementPresent$1.call(Unknown Source)
	at TC-PS-006.run(TC-PS-006:49)
	at com.kms.katalon.core.main.ScriptEngine.run(ScriptEngine.java:194)
	at com.kms.katalon.core.main.ScriptEngine.runScriptAsRawText(ScriptEngine.java:119)
	at com.kms.katalon.core.main.TestCaseExecutor.runScript(TestCaseExecutor.java:448)
	at com.kms.katalon.core.main.TestCaseExecutor.doExecute(TestCaseExecutor.java:439)
	at com.kms.katalon.core.main.TestCaseExecutor.processExecutionPhase(TestCaseExecutor.java:418)
	at com.kms.katalon.core.main.TestCaseExecutor.accessMainPhase(TestCaseExecutor.java:410)
	at com.kms.katalon.core.main.TestCaseExecutor.execute(TestCaseExecutor.java:285)
	at com.kms.katalon.core.common.CommonExecutor.accessTestCaseMainPhase(CommonExecutor.java:65)
	at com.kms.katalon.core.main.TestSuiteExecutor.accessTestSuiteMainPhase(TestSuiteExecutor.java:148)
	at com.kms.katalon.core.main.TestSuiteExecutor.execute(TestSuiteExecutor.java:106)
	at com.kms.katalon.core.main.TestCaseMain.startTestSuite(TestCaseMain.java:187)
	at com.kms.katalon.core.main.TestCaseMain$startTestSuite$0.call(Unknown Source)
	at TempTestSuite1696498335026.run(TempTestSuite1696498335026.groovy:36)
)
[[ATTACHMENT|F:\\bootcamp\\Miniproject\\Tajalapak\\Reports\\20231005_163214\\T08-Pendaftaran\\20231005_163215\\1696498513864.png]]

2023-10-05 16:35:14 - [MESSAGE][FAILED] - Unable to verify object 'Object Repository/Pendaftaran/verifikasi berhasil daftar' is present (Root cause: com.kms.katalon.core.exception.StepFailedException: Unable to verify object 'Object Repository/Pendaftaran/verifikasi berhasil daftar' is present
	at com.kms.katalon.core.webui.keyword.internal.WebUIKeywordMain.stepFailed(WebUIKeywordMain.groovy:64)
	at com.kms.katalon.core.webui.keyword.internal.WebUIKeywordMain.runKeyword(WebUIKeywordMain.groovy:26)
	at com.kms.katalon.core.webui.keyword.builtin.VerifyElementPresentKeyword.verifyElementPresent(VerifyElementPresentKeyword.groovy:92)
	at com.kms.katalon.core.webui.keyword.builtin.VerifyElementPresentKeyword.execute(VerifyElementPresentKeyword.groovy:68)
	at com.kms.katalon.core.keyword.internal.KeywordExecutor.executeKeywordForPlatform(KeywordExecutor.groovy:74)
	at com.kms.katalon.core.webui.keyword.WebUiBuiltInKeywords.verifyElementPresent(WebUiBuiltInKeywords.groovy:1464)
	at com.kms.katalon.core.webui.keyword.WebUiBuiltInKeywords$verifyElementPresent$1.call(Unknown Source)
	at TC-PS-006.run(TC-PS-006:49)
	at com.kms.katalon.core.main.ScriptEngine.run(ScriptEngine.java:194)
	at com.kms.katalon.core.main.ScriptEngine.runScriptAsRawText(ScriptEngine.java:119)
	at com.kms.katalon.core.main.TestCaseExecutor.runScript(TestCaseExecutor.java:448)
	at com.kms.katalon.core.main.TestCaseExecutor.doExecute(TestCaseExecutor.java:439)
	at com.kms.katalon.core.main.TestCaseExecutor.processExecutionPhase(TestCaseExecutor.java:418)
	at com.kms.katalon.core.main.TestCaseExecutor.accessMainPhase(TestCaseExecutor.java:410)
	at com.kms.katalon.core.main.TestCaseExecutor.execute(TestCaseExecutor.java:285)
	at com.kms.katalon.core.common.CommonExecutor.accessTestCaseMainPhase(CommonExecutor.java:65)
	at com.kms.katalon.core.main.TestSuiteExecutor.accessTestSuiteMainPhase(TestSuiteExecutor.java:148)
	at com.kms.katalon.core.main.TestSuiteExecutor.execute(TestSuiteExecutor.java:106)
	at com.kms.katalon.core.main.TestCaseMain.startTestSuite(TestCaseMain.java:187)
	at com.kms.katalon.core.main.TestCaseMain$startTestSuite$0.call(Unknown Source)
	at TempTestSuite1696498335026.run(TempTestSuite1696498335026.groovy:36)
Caused by: com.kms.katalon.core.exception.StepFailedException: com.kms.katalon.core.webui.exception.WebElementNotFoundException: Web element with id: 'Object Repository/Pendaftaran/verifikasi berhasil daftar' located by '(.//*[normalize-space(text()) and normalize-space(.)='Simpan Perubahan'])[1]/following::center[1]' not found
	at com.kms.katalon.core.webui.keyword.internal.WebUIKeywordMain.stepFailed(WebUIKeywordMain.groovy:64)
	at com.kms.katalon.core.webui.keyword.builtin.VerifyElementPresentKeyword$_verifyElementPresent_closure1.doCall(VerifyElementPresentKeyword.groovy:85)
	at com.kms.katalon.core.webui.keyword.builtin.VerifyElementPresentKeyword$_verifyElementPresent_closure1.call(VerifyElementPresentKeyword.groovy)
	at com.kms.katalon.core.webui.keyword.internal.WebUIKeywordMain.runKeyword(WebUIKeywordMain.groovy:20)
	... 19 more
)
[[ATTACHMENT|F:\\bootcamp\\Miniproject\\Tajalapak\\Reports\\20231005_163214\\T08-Pendaftaran\\20231005_163215\\1696498514387.png]]]]></system-out>
         <system-err><![CDATA[2023-10-05 16:34:27 - [TEST_CASE][FAILED] - Test Cases/T08 - Pendaftaran/TC-PS-006: Test Cases/T08 - Pendaftaran/TC-PS-006 FAILED.
Reason:
com.kms.katalon.core.exception.StepFailedException: Unable to verify object 'Object Repository/Pendaftaran/verifikasi berhasil daftar' is present
	at com.kms.katalon.core.webui.keyword.internal.WebUIKeywordMain.stepFailed(WebUIKeywordMain.groovy:64)
	at com.kms.katalon.core.webui.keyword.internal.WebUIKeywordMain.runKeyword(WebUIKeywordMain.groovy:26)
	at com.kms.katalon.core.webui.keyword.builtin.VerifyElementPresentKeyword.verifyElementPresent(VerifyElementPresentKeyword.groovy:92)
	at com.kms.katalon.core.webui.keyword.builtin.VerifyElementPresentKeyword.execute(VerifyElementPresentKeyword.groovy:68)
	at com.kms.katalon.core.keyword.internal.KeywordExecutor.executeKeywordForPlatform(KeywordExecutor.groovy:74)
	at com.kms.katalon.core.webui.keyword.WebUiBuiltInKeywords.verifyElementPresent(WebUiBuiltInKeywords.groovy:1464)
	at com.kms.katalon.core.webui.keyword.WebUiBuiltInKeywords$verifyElementPresent$1.call(Unknown Source)
	at TC-PS-006.run(TC-PS-006:49)
	at com.kms.katalon.core.main.ScriptEngine.run(ScriptEngine.java:194)
	at com.kms.katalon.core.main.ScriptEngine.runScriptAsRawText(ScriptEngine.java:119)
	at com.kms.katalon.core.main.TestCaseExecutor.runScript(TestCaseExecutor.java:448)
	at com.kms.katalon.core.main.TestCaseExecutor.doExecute(TestCaseExecutor.java:439)
	at com.kms.katalon.core.main.TestCaseExecutor.processExecutionPhase(TestCaseExecutor.java:418)
	at com.kms.katalon.core.main.TestCaseExecutor.accessMainPhase(TestCaseExecutor.java:410)
	at com.kms.katalon.core.main.TestCaseExecutor.execute(TestCaseExecutor.java:285)
	at com.kms.katalon.core.common.CommonExecutor.accessTestCaseMainPhase(CommonExecutor.java:65)
	at com.kms.katalon.core.main.TestSuiteExecutor.accessTestSuiteMainPhase(TestSuiteExecutor.java:148)
	at com.kms.katalon.core.main.TestSuiteExecutor.execute(TestSuiteExecutor.java:106)
	at com.kms.katalon.core.main.TestCaseMain.startTestSuite(TestCaseMain.java:187)
	at com.kms.katalon.core.main.TestCaseMain$startTestSuite$0.call(Unknown Source)
	at TempTestSuite1696498335026.run(TempTestSuite1696498335026.groovy:36)
Caused by: com.kms.katalon.core.exception.StepFailedException: com.kms.katalon.core.webui.exception.WebElementNotFoundException: Web element with id: 'Object Repository/Pendaftaran/verifikasi berhasil daftar' located by '(.//*[normalize-space(text()) and normalize-space(.)='Simpan Perubahan'])[1]/following::center[1]' not found
	at com.kms.katalon.core.webui.keyword.internal.WebUIKeywordMain.stepFailed(WebUIKeywordMain.groovy:64)
	at com.kms.katalon.core.webui.keyword.builtin.VerifyElementPresentKeyword$_verifyElementPresent_closure1.doCall(VerifyElementPresentKeyword.groovy:85)
	at com.kms.katalon.core.webui.keyword.builtin.VerifyElementPresentKeyword$_verifyElementPresent_closure1.call(VerifyElementPresentKeyword.groovy)
	at com.kms.katalon.core.webui.keyword.internal.WebUIKeywordMain.runKeyword(WebUIKeywordMain.groovy:20)
	... 19 more]]></system-err>
      </testcase>
      <testcase name="Test Cases/T08 - Pendaftaran/TC-PS-007" time="19.54" classname="Test Cases/T08 - Pendaftaran/TC-PS-007" status="PASSED">
         <system-out><![CDATA[2023-10-05 16:35:14 - [TEST_CASE][PASSED] - Test Cases/T08 - Pendaftaran/TC-PS-007: Test Cases/T08 - Pendaftaran/TC-PS-007

2023-10-05 16:35:15 - [TEST_STEP][PASSED] - openBrowser(urlWeb): Browser is opened with url: 'https://10.9.2.63/ecommerce/'

2023-10-05 16:35:15 - [MESSAGE][WARNING] - A browser is already opened. Closing browser and opening a new one

2023-10-05 16:35:17 - [MESSAGE][INFO] - Starting 'Firefox' driver

2023-10-05 16:35:17 - [MESSAGE][INFO] - User set preference: ['args', '[window-size=1500,1000, ignore-certificate-errors, UnexpectedAlertBehaviour=ignore]']

2023-10-05 16:35:17 - [MESSAGE][INFO] - Action delay is set to 0 milliseconds

2023-10-05 16:35:23 - [MESSAGE][PASSED] - Browser is opened with url: 'https://10.9.2.63/ecommerce/'

2023-10-05 16:35:23 - [TEST_STEP][PASSED] - maximizeWindow(): Current window maximized

2023-10-05 16:35:23 - [MESSAGE][PASSED] - Current window maximized

2023-10-05 16:35:23 - [TEST_STEP][PASSED] - verifyElementPresent(findTestObject("verifikasi halaman tajalapak sebelum daftar"), 0): Object 'Object Repository/verifikasi halaman tajalapak sebelum daftar' is present

2023-10-05 16:35:23 - [MESSAGE][WARNING] - Timeout '0' is invalid. Using default page load timeout: '30'

2023-10-05 16:35:23 - [MESSAGE][PASSED] - Object 'Object Repository/verifikasi halaman tajalapak sebelum daftar' is present

2023-10-05 16:35:23 - [TEST_STEP][PASSED] - click(findTestObject("Pendaftaran/button Register")): Object: 'Object Repository/Pendaftaran/button Register' is clicked on

2023-10-05 16:35:24 - [MESSAGE][PASSED] - Object: 'Object Repository/Pendaftaran/button Register' is clicked on

2023-10-05 16:35:24 - [TEST_STEP][PASSED] - verifyElementPresent(findTestObject("Pendaftaran/verifikasi masuk helamaan daftar"), 0): Object 'Object Repository/Pendaftaran/verifikasi masuk helamaan daftar' is present

2023-10-05 16:35:24 - [MESSAGE][WARNING] - Timeout '0' is invalid. Using default page load timeout: '30'

2023-10-05 16:35:25 - [MESSAGE][PASSED] - Object 'Object Repository/Pendaftaran/verifikasi masuk helamaan daftar' is present

2023-10-05 16:35:25 - [TEST_STEP][PASSED] - setText(findTestObject("Pendaftaran/input username"), usn): Text 'anata72' is set on object 'Object Repository/Pendaftaran/input username'

2023-10-05 16:35:26 - [MESSAGE][PASSED] - Text 'anata72' is set on object 'Object Repository/Pendaftaran/input username'

2023-10-05 16:35:26 - [TEST_STEP][PASSED] - setText(findTestObject("Pendaftaran/input email"), email): Text 'anata72@gmail.com' is set on object 'Object Repository/Pendaftaran/input email'

2023-10-05 16:35:26 - [MESSAGE][PASSED] - Text 'anata72@gmail.com' is set on object 'Object Repository/Pendaftaran/input email'

[...]

2023-10-05 16:39:48 - [MESSAGE][INFO] - Starting 'Firefox' driver

2023-10-05 16:39:48 - [MESSAGE][INFO] - User set preference: ['args', '[window-size=1500,1000, ignore-certificate-errors, UnexpectedAlertBehaviour=ignore]']

2023-10-05 16:39:48 - [MESSAGE][INFO] - Action delay is set to 0 milliseconds

2023-10-05 16:39:53 - [MESSAGE][PASSED] - Browser is opened with url: 'https://10.9.2.63/ecommerce/'

2023-10-05 16:39:53 - [TEST_STEP][PASSED] - maximizeWindow(): Current window maximized

2023-10-05 16:39:53 - [MESSAGE][PASSED] - Current window maximized

2023-10-05 16:39:53 - [TEST_STEP][PASSED] - verifyElementPresent(findTestObject("verifikasi halaman tajalapak sebelum daftar"), 0): Object 'Object Repository/verifikasi halaman tajalapak sebelum daftar' is present

2023-10-05 16:39:53 - [MESSAGE][WARNING] - Timeout '0' is invalid. Using default page load timeout: '30'

2023-10-05 16:39:54 - [MESSAGE][PASSED] - Object 'Object Repository/verifikasi halaman tajalapak sebelum daftar' is present

2023-10-05 16:39:54 - [TEST_STEP][PASSED] - click(findTestObject("Pendaftaran/button Register")): Object: 'Object Repository/Pendaftaran/button Register' is clicked on

2023-10-05 16:39:54 - [MESSAGE][PASSED] - Object: 'Object Repository/Pendaftaran/button Register' is clicked on

2023-10-05 16:39:54 - [TEST_STEP][PASSED] - verifyElementPresent(findTestObject("Pendaftaran/verifikasi masuk helamaan daftar"), 0): Object 'Object Repository/Pendaftaran/verifikasi masuk helamaan daftar' is present

2023-10-05 16:39:54 - [MESSAGE][WARNING] - Timeout '0' is invalid. Using default page load timeout: '30'

2023-10-05 16:39:55 - [MESSAGE][PASSED] - Object 'Object Repository/Pendaftaran/verifikasi masuk helamaan daftar' is present

2023-10-05 16:39:55 - [TEST_STEP][PASSED] - setText(findTestObject("Pendaftaran/input username"), username): Text 'johanduar' is set on object 'Object Repository/Pendaftaran/input username'

2023-10-05 16:39:56 - [MESSAGE][PASSED] - Text 'johanduar' is set on object 'Object Repository/Pendaftaran/input username'

2023-10-05 16:39:56 - [TEST_STEP][PASSED] - setText(findTestObject("Pendaftaran/input email"), email): Text 'johanduar@gmail.com' is set on object 'Object Repository/Pendaftaran/input email'

2023-10-05 16:39:56 - [MESSAGE][PASSED] - Text 'johanduar@gmail.com' is set on object 'Object Repository/Pendaftaran/input email'

2023-10-05 16:39:56 - [TEST_STEP][PASSED] - setText(findTestObject("Pendaftaran/input Nomor Telephon"), noHP): Text '085g2i@1%131' is set on object 'Object Repository/Pendaftaran/input Nomor Telephon'

2023-10-05 16:39:57 - [MESSAGE][PASSED] - Text '085g2i@1%131' is set on object 'Object Repository/Pendaftaran/input Nomor Telephon'

2023-10-05 16:39:57 - [TEST_STEP][PASSED] - if (toString().equalsIgnoreCase("Perempuan")): null

2023-10-05 16:39:57 - [TEST_STEP][PASSED] - else if (toString().equalsIgnoreCase("Laki-laki")): Object 'Object Repository/Pendaftaran/pilihan Pria' is checked

2023-10-05 16:39:57 - [TEST_STEP][PASSED] - check(findTestObject("Object Repository/Pendaftaran/pilihan Pria")): Object 'Object Repository/Pendaftaran/pilihan Pria' is checked

2023-10-05 16:39:57 - [MESSAGE][PASSED] - Object 'Object Repository/Pendaftaran/pilihan Pria' is checked

2023-10-05 16:39:57 - [TEST_STEP][PASSED] - setEncryptedText(findTestObject("Pendaftaran/input password"), "qbkrdMwyWE4="): Text ****** has been set on object 'Object Repository/Pendaftaran/input password'

2023-10-05 16:39:58 - [MESSAGE][PASSED] - Text ****** has been set on object 'Object Repository/Pendaftaran/input password'

2023-10-05 16:39:58 - [TEST_STEP][PASSED] - setEncryptedText(findTestObject("Pendaftaran/input konfirmasi password"), "qbkrdMwyWE4="): Text ****** has been set on object 'Object Repository/Pendaftaran/input konfirmasi password'

2023-10-05 16:39:58 - [MESSAGE][PASSED] - Text ****** has been set on object 'Object Repository/Pendaftaran/input konfirmasi password'

2023-10-05 16:39:58 - [TEST_STEP][PASSED] - click(findTestObject("Pendaftaran/button_Daftar")): Object: 'Object Repository/Pendaftaran/button_Daftar' is clicked on

2023-10-05 16:39:59 - [MESSAGE][PASSED] - Object: 'Object Repository/Pendaftaran/button_Daftar' is clicked on

2023-10-05 16:39:59 - [TEST_STEP][PASSED] - webDriver = getWebDriver(): null

2023-10-05 16:39:59 - [TEST_STEP][PASSED] - field_no = webDriver.findElement(By.xpath("(//input[@name="b"])[4]")): null

2023-10-05 16:39:59 - [TEST_STEP][PASSED] - error_message = webDriver.executeScript("return arguments[0].validationMessage", field_no): null

2023-10-05 16:39:59 - [TEST_STEP][PASSED] - println(error_message): null

2023-10-05 16:39:59 - [TEST_STEP][PASSED] - assert error_message == "Please enter a number.": null]]></system-out>
         <system-err><![CDATA[]]></system-err>
      </testcase>
      <testcase name="Test Cases/T08 - Pendaftaran/TC-PF-014" time="12.449" classname="Test Cases/T08 - Pendaftaran/TC-PF-014" status="PASSED">
         <system-out><![CDATA[2023-10-05 16:39:59 - [TEST_CASE][PASSED] - Test Cases/T08 - Pendaftaran/TC-PF-014: Test Cases/T08 - Pendaftaran/TC-PF-014

2023-10-05 16:40:00 - [TEST_STEP][PASSED] - openBrowser(urlWeb): Browser is opened with url: 'https://10.9.2.63/ecommerce/'

2023-10-05 16:40:00 - [MESSAGE][WARNING] - A browser is already opened. Closing browser and opening a new one

2023-10-05 16:40:01 - [MESSAGE][INFO] - Starting 'Firefox' driver

2023-10-05 16:40:01 - [MESSAGE][INFO] - User set preference: ['args', '[window-size=1500,1000, ignore-certificate-errors, UnexpectedAlertBehaviour=ignore]']

2023-10-05 16:40:01 - [MESSAGE][INFO] - Action delay is set to 0 milliseconds

2023-10-05 16:40:06 - [MESSAGE][PASSED] - Browser is opened with url: 'https://10.9.2.63/ecommerce/'

2023-10-05 16:40:06 - [TEST_STEP][PASSED] - maximizeWindow(): Current window maximized

2023-10-05 16:40:06 - [MESSAGE][PASSED] - Current window maximized

2023-10-05 16:40:06 - [TEST_STEP][PASSED] - verifyElementPresent(findTestObject("verifikasi halaman tajalapak sebelum daftar"), 0): Object 'Object Repository/verifikasi halaman tajalapak sebelum daftar' is present

2023-10-05 16:40:06 - [MESSAGE][WARNING] - Timeout '0' is invalid. Using default page load timeout: '30'

2023-10-05 16:40:06 - [MESSAGE][PASSED] - Object 'Object Repository/verifikasi halaman tajalapak sebelum daftar' is present

2023-10-05 16:40:06 - [TEST_STEP][PASSED] - click(findTestObject("Pendaftaran/button Register")): Object: 'Object Repository/Pendaftaran/button Register' is clicked on

2023-10-05 16:40:07 - [MESSAGE][PASSED] - Object: 'Object Repository/Pendaftaran/button Register' is clicked on

2023-10-05 16:40:07 - [TEST_STEP][PASSED] - verifyElementPresent(findTestObject("Pendaftaran/verifikasi masuk helamaan daftar"), 0): Object 'Object Repository/Pendaftaran/verifikasi masuk helamaan daftar' is present

2023-10-05 16:40:07 - [MESSAGE][WARNING] - Timeout '0' is invalid. Using default page load timeout: '30'

2023-10-05 16:40:08 - [MESSAGE][PASSED] - Object 'Object Repository/Pendaftaran/verifikasi masuk helamaan daftar' is present

2023-10-05 16:40:08 - [TEST_STEP][PASSED] - setText(findTestObject("Pendaftaran/input username"), username): Text 'johndoez' is set on object 'Object Repository/Pendaftaran/input username'

2023-10-05 16:40:08 - [MESSAGE][PASSED] - Text 'johndoez' is set on object 'Object Repository/Pendaftaran/input username'

2023-10-05 16:40:08 - [TEST_STEP][PASSED] - setText(findTestObject("Pendaftaran/input email"), email): Text 'johndoez@gmail.com' is set on object 'Object Repository/Pendaftaran/input email'

2023-10-05 16:40:09 - [MESSAGE][PASSED] - Text 'johndoez@gmail.com' is set on object 'Object Repository/Pendaftaran/input email'

2023-10-05 16:40:09 - [TEST_STEP][PASSED] - setText(findTestObject("Pendaftaran/input Nomor Telephon"), noHP): Text '%$#@!)(*&^!=' is set on object 'Object Repository/Pendaftaran/input Nomor Telephon'

2023-10-05 16:40:10 - [MESSAGE][PASSED] - Text '%$#@!)(*&^!=' is set on object 'Object Repository/Pendaftaran/input Nomor Telephon'

2023-10-05 16:40:10 - [TEST_STEP][PASSED] - if (toString().equalsIgnoreCase("Perempuan")): null

2023-10-05 16:40:10 - [TEST_STEP][PASSED] - else if (toString().equalsIgnoreCase("Laki-laki")): Object 'Object Repository/Pendaftaran/pilihan Pria' is checked

2023-10-05 16:40:10 - [TEST_STEP][PASSED] - check(findTestObject("Object Repository/Pendaftaran/pilihan Pria")): Object 'Object Repository/Pendaftaran/pilihan Pria' is checked

2023-10-05 16:40:10 - [MESSAGE][PASSED] - Object 'Object Repository/Pendaftaran/pilihan Pria' is checked

2023-10-05 16:40:10 - [TEST_STEP][PASSED] - setEncryptedText(findTestObject("Pendaftaran/input password"), "qbkrdMwyWE4="): Text ****** has been set on object 'Object Repository/Pendaftaran/input password'

2023-10-05 16:40:10 - [MESSAGE][PASSED] - Text ****** has been set on object 'Object Repository/Pendaftaran/input password'

2023-10-05 16:40:10 - [TEST_STEP][PASSED] - setEncryptedText(findTestObject("Pendaftaran/input konfirmasi password"), "qbkrdMwyWE4="): Text ****** has been set on object 'Object Repository/Pendaftaran/input konfirmasi password'

2023-10-05 16:40:11 - [MESSAGE][PASSED] - Text ****** has been set on object 'Object Repository/Pendaftaran/input konfirmasi password'

2023-10-05 16:40:11 - [TEST_STEP][PASSED] - click(findTestObject("Pendaftaran/button_Daftar")): Object: 'Object Repository/Pendaftaran/button_Daftar' is clicked on

2023-10-05 16:40:11 - [MESSAGE][PASSED] - Object: 'Object Repository/Pendaftaran/button_Daftar' is clicked on

2023-10-05 16:40:11 - [TEST_STEP][PASSED] - webDriver = getWebDriver(): null

2023-10-05 16:40:11 - [TEST_STEP][PASSED] - field_no = webDriver.findElement(By.xpath("(//input[@name="b"])[4]")): null

2023-10-05 16:40:12 - [TEST_STEP][PASSED] - error_message = webDriver.executeScript("return arguments[0].validationMessage", field_no): null

2023-10-05 16:40:12 - [TEST_STEP][PASSED] - println(error_message): null

2023-10-05 16:40:12 - [TEST_STEP][PASSED] - assert error_message == "Please enter a number.": null]]></system-out>
         <system-err><![CDATA[]]></system-err>
      </testcase>
      <testcase name="Test Cases/T08 - Pendaftaran/TC-PDS-001" time="34.803" classname="Test Cases/T08 - Pendaftaran/TC-PDS-001" status="PASSED">
         <system-out><![CDATA[2023-10-05 16:40:12 - [TEST_CASE][PASSED] - Test Cases/T08 - Pendaftaran/TC-PDS-001: Test Cases/T08 - Pendaftaran/TC-PDS-001

2023-10-05 16:40:12 - [TEST_STEP][PASSED] - openBrowser("https://10.9.2.63/ecommerce/administrator/"): Browser is opened with url: 'https://10.9.2.63/ecommerce/administrator/'

2023-10-05 16:40:12 - [MESSAGE][WARNING] - A browser is already opened. Closing browser and opening a new one

2023-10-05 16:40:13 - [MESSAGE][INFO] - Starting 'Firefox' driver

2023-10-05 16:40:13 - [MESSAGE][INFO] - User set preference: ['args', '[window-size=1500,1000, ignore-certificate-errors, UnexpectedAlertBehaviour=ignore]']

2023-10-05 16:40:13 - [MESSAGE][INFO] - Action delay is set to 0 milliseconds

2023-10-05 16:40:18 - [MESSAGE][PASSED] - Browser is opened with url: 'https://10.9.2.63/ecommerce/administrator/'

2023-10-05 16:40:18 - [TEST_STEP][PASSED] - maximizeWindow(): Current window maximized

2023-10-05 16:40:18 - [MESSAGE][PASSED] - Current window maximized

2023-10-05 16:40:18 - [TEST_STEP][PASSED] - setText(findTestObject("delete akun/input usn admin"), "admin"): Text 'admin' is set on object 'Object Repository/delete akun/input usn admin'

2023-10-05 16:40:19 - [MESSAGE][PASSED] - Text 'admin' is set on object 'Object Repository/delete akun/input usn admin'

2023-10-05 16:40:19 - [TEST_STEP][PASSED] - setEncryptedText(findTestObject("delete akun/input password admin"), "374mkdZ/lqyNS21oH+MJZQ=="): Text ****** has been set on object 'Object Repository/delete akun/input password admin'

2023-10-05 16:40:19 - [MESSAGE][PASSED] - Text ****** has been set on object 'Object Repository/delete akun/input password admin'

2023-10-05 16:40:19 - [TEST_STEP][PASSED] - delay(10): Delayed 10 second(s)

2023-10-05 16:40:29 - [MESSAGE][PASSED] - Delayed 10 second(s)

2023-10-05 16:40:29 - [TEST_STEP][PASSED] - click(findTestObject("delete akun/button signin di web admin")): Object: 'Object Repository/delete akun/button signin di web admin' is clicked on

2023-10-05 16:40:31 - [MESSAGE][PASSED] - Object: 'Object Repository/delete akun/button signin di web admin' is clicked on

2023-10-05 16:40:31 - [TEST_STEP][PASSED] - click(findTestObject("delete akun/a_Konsumen")): Object: 'Object Repository/delete akun/a_Konsumen' is clicked on

2023-10-05 16:40:39 - [MESSAGE][PASSED] - Object: 'Object Repository/delete akun/a_Konsumen' is clicked on

2023-10-05 16:40:39 - [TEST_STEP][PASSED] - setText(findTestObject("delete akun/input search nama konsumen"), noHp): Text '085643955432' is set on object 'Object Repository/delete akun/input search nama konsumen'

2023-10-05 16:40:46 - [MESSAGE][PASSED] - Text '085643955432' is set on object 'Object Repository/delete akun/input search nama konsumen'

2023-10-05 16:40:46 - [TEST_STEP][PASSED] - click(findTestObject("delete akun/untuk delete akun"), OPTIONAL): Object: 'Object Repository/delete akun/untuk delete akun' is clicked on

2023-10-05 16:40:47 - [MESSAGE][PASSED] - Object: 'Object Repository/delete akun/untuk delete akun' is clicked on

2023-10-05 16:40:47 - [TEST_STEP][PASSED] - waitForAlert(5): Alert is present after 5 second(s).

2023-10-05 16:40:47 - [MESSAGE][PASSED] - Alert is present after 5 second(s).

2023-10-05 16:40:47 - [TEST_STEP][PASSED] - acceptAlert(): Alert accepted

2023-10-05 16:40:47 - [MESSAGE][PASSED] - Alert accepted]]></system-out>
         <system-err><![CDATA[]]></system-err>
      </testcase>
      <system-out><![CDATA[2023-10-05 16:32:25 - [TEST_SUITE][FAILED] - T08-Pendaftaran: Test Cases/T08 - Pendaftaran/TC-PS-005 FAILED.
Reason:
com.kms.katalon.core.exception.StepFailedException: Unable to verify object 'Object Repository/Pendaftaran/verifikasi berhasil daftar' is present
	at com.kms.katalon.core.webui.keyword.internal.WebUIKeywordMain.stepFailed(WebUIKeywordMain.groovy:64)
	at com.kms.katalon.core.webui.keyword.internal.WebUIKeywordMain.runKeyword(WebUIKeywordMain.groovy:26)
	at com.kms.katalon.core.webui.keyword.builtin.VerifyElementPresentKeyword.verifyElementPresent(VerifyElementPresentKeyword.groovy:92)
	at com.kms.katalon.core.webui.keyword.builtin.VerifyElementPresentKeyword.execute(VerifyElementPresentKeyword.groovy:68)
	at com.kms.katalon.core.keyword.internal.KeywordExecutor.executeKeywordForPlatform(KeywordExecutor.groovy:74)
	at com.kms.katalon.core.webui.keyword.WebUiBuiltInKeywords.verifyElementPresent(WebUiBuiltInKeywords.groovy:1464)
	at com.kms.katalon.core.webui.keyword.WebUiBuiltInKeywords$verifyElementPresent$1.call(Unknown Source)
	at TC-PS-005.run(TC-PS-005:49)
	at com.kms.katalon.core.main.ScriptEngine.run(ScriptEngine.java:194)
	at com.kms.katalon.core.main.ScriptEngine.runScriptAsRawText(ScriptEngine.java:119)
	at com.kms.katalon.core.main.TestCaseExecutor.runScript(TestCaseExecutor.java:448)
	at com.kms.katalon.core.main.TestCaseExecutor.doExecute(TestCaseExecutor.java:439)
	at com.kms.katalon.core.main.TestCaseExecutor.processExecutionPhase(TestCaseExecutor.java:418)
	at com.kms.katalon.core.main.TestCaseExecutor.accessMainPhase(TestCaseExecutor.java:410)
	at com.kms.katalon.core.main.TestCaseExecutor.execute(TestCaseExecutor.java:285)
	at com.kms.katalon.core.common.CommonExecutor.accessTestCaseMainPhase(CommonExecutor.java:65)
	at com.kms.katalon.core.main.TestSuiteExecutor.accessTestSuiteMainPhase(TestSuiteExecutor.java:148)
	at com.kms.katalon.core.main.TestSuiteExecutor.execute(TestSuiteExecutor.java:106)
	at com.kms.katalon.core.main.TestCaseMain.startTestSuite(TestCaseMain.java:187)
	at com.kms.katalon.core.main.TestCaseMain$startTestSuite$0.call(Unknown Source)
	at TempTestSuite1696498335026.run(TempTestSuite1696498335026.groovy:36)
Caused by: com.kms.katalon.core.exception.StepFailedException: com.kms.katalon.core.webui.exception.WebElementNotFoundException: Web element with id: 'Object Repository/Pendaftaran/verifikasi berhasil daftar' located by '(.//*[normalize-space(text()) and normalize-space(.)='Simpan Perubahan'])[1]/following::center[1]' not found
	at com.kms.katalon.core.webui.keyword.internal.WebUIKeywordMain.stepFailed(WebUIKeywordMain.groovy:64)
	at com.kms.katalon.core.webui.keyword.builtin.VerifyElementPresentKeyword$_verifyElementPresent_closure1.doCall(VerifyElementPresentKeyword.groovy:85)
	at com.kms.katalon.core.webui.keyword.builtin.VerifyElementPresentKeyword$_verifyElementPresent_closure1.call(VerifyElementPresentKeyword.groovy)
	at com.kms.katalon.core.webui.keyword.internal.WebUIKeywordMain.runKeyword(WebUIKeywordMain.groovy:20)
	... 19 more]]></system-out>
      <system-err><![CDATA[2023-10-05 16:32:25 - [TEST_SUITE][FAILED] - T08-Pendaftaran: Test Cases/T08 - Pendaftaran/TC-PS-005 FAILED.
Reason:
com.kms.katalon.core.exception.StepFailedException: Unable to verify object 'Object Repository/Pendaftaran/verifikasi berhasil daftar' is present
	at com.kms.katalon.core.webui.keyword.internal.WebUIKeywordMain.stepFailed(WebUIKeywordMain.groovy:64)
	at com.kms.katalon.core.webui.keyword.internal.WebUIKeywordMain.runKeyword(WebUIKeywordMain.groovy:26)
	at com.kms.katalon.core.webui.keyword.builtin.VerifyElementPresentKeyword.verifyElementPresent(VerifyElementPresentKeyword.groovy:92)
	at com.kms.katalon.core.webui.keyword.builtin.VerifyElementPresentKeyword.execute(VerifyElementPresentKeyword.groovy:68)
	at com.kms.katalon.core.keyword.internal.KeywordExecutor.executeKeywordForPlatform(KeywordExecutor.groovy:74)
	at com.kms.katalon.core.webui.keyword.WebUiBuiltInKeywords.verifyElementPresent(WebUiBuiltInKeywords.groovy:1464)
	at com.kms.katalon.core.webui.keyword.WebUiBuiltInKeywords$verifyElementPresent$1.call(Unknown Source)
	at TC-PS-005.run(TC-PS-005:49)
	at com.kms.katalon.core.main.ScriptEngine.run(ScriptEngine.java:194)
	at com.kms.katalon.core.main.ScriptEngine.runScriptAsRawText(ScriptEngine.java:119)
	at com.kms.katalon.core.main.TestCaseExecutor.runScript(TestCaseExecutor.java:448)
	at com.kms.katalon.core.main.TestCaseExecutor.doExecute(TestCaseExecutor.java:439)
	at com.kms.katalon.core.main.TestCaseExecutor.processExecutionPhase(TestCaseExecutor.java:418)
	at com.kms.katalon.core.main.TestCaseExecutor.accessMainPhase(TestCaseExecutor.java:410)
	at com.kms.katalon.core.main.TestCaseExecutor.execute(TestCaseExecutor.java:285)
	at com.kms.katalon.core.common.CommonExecutor.accessTestCaseMainPhase(CommonExecutor.java:65)
	at com.kms.katalon.core.main.TestSuiteExecutor.accessTestSuiteMainPhase(TestSuiteExecutor.java:148)
	at com.kms.katalon.core.main.TestSuiteExecutor.execute(TestSuiteExecutor.java:106)
	at com.kms.katalon.core.main.TestCaseMain.startTestSuite(TestCaseMain.java:187)
	at com.kms.katalon.core.main.TestCaseMain$startTestSuite$0.call(Unknown Source)
	at TempTestSuite1696498335026.run(TempTestSuite1696498335026.groovy:36)
Caused by: com.kms.katalon.core.exception.StepFailedException: com.kms.katalon.core.webui.exception.WebElementNotFoundException: Web element with id: 'Object Repository/Pendaftaran/verifikasi berhasil daftar' located by '(.//*[normalize-space(text()) and normalize-space(.)='Simpan Perubahan'])[1]/following::center[1]' not found
	at com.kms.katalon.core.webui.keyword.internal.WebUIKeywordMain.stepFailed(WebUIKeywordMain.groovy:64)
	at com.kms.katalon.core.webui.keyword.builtin.VerifyElementPresentKeyword$_verifyElementPresent_closure1.doCall(VerifyElementPresentKeyword.groovy:85)
	at com.kms.katalon.core.webui.keyword.builtin.VerifyElementPresentKeyword$_verifyElementPresent_closure1.call(VerifyElementPresentKeyword.groovy)
	at com.kms.katalon.core.webui.keyword.internal.WebUIKeywordMain.runKeyword(WebUIKeywordMain.groovy:20)
	... 19 more]]></system-err>
   </testsuite>
</testsuites>
